Coffeemud Down, Restarting: Mon Oct  3 10:56:21 2022
Coffeemud Down, Restarting: Sat Oct 15 01:57:10 2022
Coffeemud Down, Restarting: Sat Oct 15 01:58:10 2022
Coffeemud Down, Restarting: Sat Oct 15 02:02:10 2022
Coffeemud Down, Restarting: Sat Oct 15 13:28:17 2022
Coffeemud Down, Restarting: Sat Oct 15 13:35:17 2022
Coffeemud Down, Restarting: Sat Oct 15 13:46:17 2022
Coffeemud Down, Restarting: Sat Oct 15 15:33:18 2022
Coffeemud Down, Restarting: Sun Oct 16 01:37:25 2022
Coffeemud Down, Restarting: Sun Oct 16 19:28:44 2022
Coffeemud Down, Restarting: Sun Oct 16 19:35:44 2022
Coffeemud Down, Restarting: Sun Oct 16 19:40:44 2022
Coffeemud Down, Restarting: Mon Oct 17 00:47:48 2022
Coffeemud Down, Restarting: Mon Oct 17 11:37:54 2022
Coffeemud Down, Restarting: Mon Oct 17 12:20:55 2022
Coffeemud Down, Restarting: Mon Oct 17 13:24:55 2022
Coffeemud Down, Restarting: Mon Oct 17 14:11:56 2022
Coffeemud Down, Restarting: Mon Oct 17 17:51:58 2022
Coffeemud Down, Restarting: Mon Oct 17 18:03:58 2022
Coffeemud Down, Restarting: Mon Oct 17 18:11:59 2022
Coffeemud Down, Restarting: Mon Oct 17 18:15:59 2022
Coffeemud Down, Restarting: Mon Oct 17 18:46:59 2022
Coffeemud Down, Restarting: Mon Oct 17 19:17:59 2022
Coffeemud Down, Restarting: Mon Oct 17 19:49:00 2022
Coffeemud Down, Restarting: Mon Oct 17 20:20:00 2022
Coffeemud Down, Restarting: Mon Oct 17 20:51:00 2022
Coffeemud Down, Restarting: Mon Oct 17 21:22:01 2022
Coffeemud Down, Restarting: Mon Oct 17 21:53:01 2022
Coffeemud Down, Restarting: Mon Oct 17 22:24:01 2022
Coffeemud Down, Restarting: Mon Oct 17 22:55:02 2022
Coffeemud Down, Restarting: Mon Oct 17 23:26:02 2022
Coffeemud Down, Restarting: Mon Oct 17 23:57:02 2022
Coffeemud Down, Restarting: Tue Oct 18 00:28:03 2022
Coffeemud Down, Restarting: Tue Oct 18 00:59:03 2022
Coffeemud Down, Restarting: Tue Oct 18 01:30:03 2022
Coffeemud Down, Restarting: Tue Oct 18 02:01:04 2022
Coffeemud Down, Restarting: Tue Oct 18 02:32:04 2022
Coffeemud Down, Restarting: Tue Oct 18 03:03:04 2022
Coffeemud Down, Restarting: Tue Oct 18 03:34:05 2022
Coffeemud Down, Restarting: Tue Oct 18 04:05:05 2022
Coffeemud Down, Restarting: Tue Oct 18 04:36:05 2022
Coffeemud Down, Restarting: Tue Oct 18 05:07:06 2022
Coffeemud Down, Restarting: Tue Oct 18 05:38:06 2022
Coffeemud Down, Restarting: Tue Oct 18 06:09:06 2022
Coffeemud Down, Restarting: Tue Oct 18 06:40:07 2022
Coffeemud Down, Restarting: Tue Oct 18 07:11:07 2022
Coffeemud Down, Restarting: Tue Oct 18 07:42:07 2022
Coffeemud Down, Restarting: Tue Oct 18 08:13:08 2022
Coffeemud Down, Restarting: Tue Oct 18 08:44:08 2022
Coffeemud Down, Restarting: Tue Oct 18 09:15:08 2022
Coffeemud Down, Restarting: Tue Oct 18 09:46:08 2022
Coffeemud Down, Restarting: Tue Oct 18 10:17:09 2022
Coffeemud Down, Restarting: Tue Oct 18 10:48:09 2022
Coffeemud Down, Restarting: Tue Oct 18 11:19:09 2022
Coffeemud Down, Restarting: Tue Oct 18 11:50:10 2022
Coffeemud Down, Restarting: Tue Oct 18 12:21:10 2022
Coffeemud Down, Restarting: Tue Oct 18 12:52:10 2022
Coffeemud Down, Restarting: Tue Oct 18 13:23:11 2022
Coffeemud Down, Restarting: Tue Oct 18 13:36:11 2022
Coffeemud Down, Restarting: Tue Oct 18 13:47:11 2022
Coffeemud Down, Restarting: Tue Oct 18 17:00:13 2022
Coffeemud Down, Restarting: Tue Oct 18 22:16:16 2022
Coffeemud Down, Restarting: Tue Oct 18 22:41:17 2022
Coffeemud Down, Restarting: Wed Oct 19 17:06:28 2022
Coffeemud Down, Restarting: Wed Oct 19 18:52:30 2022
Coffeemud Down, Restarting: Wed Oct 19 19:03:30 2022
Coffeemud Down, Restarting: Wed Oct 19 19:45:30 2022
Coffeemud Down, Restarting: Wed Oct 19 21:58:32 2022
Coffeemud Down, Restarting: Thu Oct 20 11:26:40 2022
Coffeemud Down, Restarting: Thu Oct 20 11:31:40 2022
Coffeemud Down, Restarting: Thu Oct 20 11:49:40 2022
Coffeemud Down, Restarting: Thu Oct 20 12:09:41 2022
Coffeemud Down, Restarting: Thu Oct 20 12:36:41 2022
Coffeemud Down, Restarting: Fri Oct 21 15:04:09 2022
Coffeemud Down, Restarting: Fri Oct 21 15:13:09 2022
Coffeemud Down, Restarting: Sat Oct 22 11:08:22 2022
Coffeemud Down, Restarting: Sat Oct 22 19:38:27 2022
Coffeemud Down, Restarting: Sat Oct 22 20:14:28 2022
Coffeemud Down, Restarting: Sat Oct 22 21:15:28 2022
Coffeemud Down, Restarting: Sat Oct 22 21:22:28 2022
Coffeemud Down, Restarting: Sat Oct 22 21:33:29 2022
Coffeemud Down, Restarting: Sat Oct 22 22:37:30 2022
Coffeemud Down, Restarting: Sun Oct 23 16:17:41 2022
Coffeemud Down, Restarting: Sun Oct 23 16:37:41 2022
Coffeemud Down, Restarting: Sun Oct 23 16:47:41 2022
Coffeemud Down, Restarting: Sun Oct 23 16:57:41 2022
Coffeemud Down, Restarting: Sun Oct 23 17:04:41 2022
Coffeemud Down, Restarting: Sun Oct 23 17:07:41 2022
Coffeemud Down, Restarting: Sun Oct 23 17:12:41 2022
Coffeemud Down, Restarting: Mon Oct 24 18:28:58 2022
Coffeemud Down, Restarting: Mon Oct 24 18:35:58 2022
Coffeemud Down, Restarting: Mon Oct 24 18:52:58 2022
Coffeemud Down, Restarting: Mon Oct 24 20:29:59 2022
Coffeemud Down, Restarting: Mon Oct 24 21:07:59 2022
Coffeemud Down, Restarting: Tue Oct 25 14:52:14 2022
Coffeemud Down, Restarting: Tue Oct 25 18:48:16 2022
Coffeemud Down, Restarting: Wed Oct 26 01:18:21 2022
Coffeemud Down, Restarting: Wed Oct 26 12:23:28 2022
Coffeemud Down, Restarting: Wed Oct 26 12:27:28 2022
Coffeemud Down, Restarting: Wed Oct 26 21:17:34 2022
Coffeemud Down, Restarting: Wed Oct 26 21:24:34 2022
Coffeemud Down, Restarting: Wed Oct 26 21:30:34 2022
Coffeemud Down, Restarting: Wed Oct 26 23:51:35 2022
Coffeemud Down, Restarting: Wed Oct 26 23:55:35 2022
Coffeemud Down, Restarting: Thu Oct 27 15:04:46 2022
Coffeemud Down, Restarting: Fri Oct 28 14:43:07 2022
Coffeemud Down, Restarting: Fri Oct 28 16:59:09 2022
Coffeemud Down, Restarting: Sat Oct 29 17:59:25 2022
Coffeemud Down, Restarting: Tue Nov  1 13:41:09 2022
Coffeemud Down, Restarting: Tue Nov  1 15:38:10 2022
Coffeemud Down, Restarting: Wed Nov  2 18:07:27 2022
Coffeemud Down, Restarting: Thu Nov  3 09:45:37 2022
Coffeemud Down, Restarting: Thu Nov  3 17:09:42 2022
Coffeemud Down, Restarting: Thu Nov  3 21:01:45 2022
Coffeemud Down, Restarting: Fri Nov  4 18:13:58 2022
Coffeemud Down, Restarting: Fri Nov  4 19:25:59 2022
Coffeemud Down, Restarting: Sat Nov  5 14:07:11 2022
Coffeemud Down, Restarting: Sat Nov  5 14:28:11 2022
Coffeemud Down, Restarting: Mon Nov  7 21:06:46 2022
Coffeemud Down, Restarting: Tue Nov  8 16:10:58 2022
Coffeemud Down, Restarting: Fri Nov 11 16:24:53 2022
Coffeemud Down, Restarting: Fri Nov 11 17:09:53 2022
Coffeemud Down, Restarting: Fri Nov 11 22:21:57 2022
Coffeemud Down, Restarting: Mon Nov 14 11:35:36 2022
Coffeemud Down, Restarting: Mon Nov 14 11:57:36 2022
Coffeemud Down, Restarting: Mon Nov 14 13:13:37 2022
Coffeemud Down, Restarting: Mon Nov 14 13:23:37 2022
Coffeemud Down, Restarting: Mon Nov 14 13:52:37 2022
Coffeemud Down, Restarting: Mon Nov 14 13:59:37 2022
Coffeemud Down, Restarting: Mon Nov 14 14:13:37 2022
Coffeemud Down, Restarting: Mon Nov 14 14:19:37 2022
Coffeemud Down, Restarting: Mon Nov 14 14:23:37 2022
Coffeemud Down, Restarting: Tue Nov 15 18:04:55 2022
Coffeemud Down, Restarting: Thu Nov 17 11:36:22 2022
Coffeemud Down, Restarting: Mon Nov 21 11:12:02 2022
Coffeemud Down, Restarting: Tue Nov 22 08:36:42 2022
Coffeemud Down, Restarting: Tue Nov 22 10:31:43 2022
Coffeemud Down, Restarting: Sat Nov 26 22:52:50 2022
Coffeemud Down, Restarting: Sat Nov 26 23:22:50 2022
Coffeemud Down, Restarting: Sun Nov 27 19:08:10 2022
Coffeemud Down, Restarting: Tue Nov 29 19:05:08 2022
Coffeemud Down, Restarting: Thu Dec  8 12:33:54 2022
Coffeemud Down, Restarting: Mon Dec 12 10:53:03 2022
Coffeemud Down, Restarting: Fri Dec 16 23:35:23 2022
Coffeemud Down, Restarting: Fri Dec 16 23:49:23 2022
Coffeemud Down, Restarting: Fri Dec 16 23:56:23 2022
Coffeemud Down, Restarting: Tue Dec 20 16:45:28 2022
Coffeemud Down, Restarting: Fri Dec 30 02:04:16 2022
Coffeemud Down, Restarting: Sat Dec 31 14:02:43 2022
Coffeemud Down, Restarting: Mon Jan  2 10:23:29 2023
Coffeemud Down, Restarting: Mon Jan  2 12:08:30 2023
Coffeemud Down, Restarting: Mon Jan  2 15:28:33 2023
Coffeemud Down, Restarting: Mon Jan  2 15:37:33 2023
Coffeemud Down, Restarting: Wed Jan  4 01:46:58 2023
Coffeemud Down, Restarting: Thu Jan  5 15:42:26 2023
Coffeemud Down, Restarting: Thu Jan  5 19:56:29 2023
Coffeemud Down, Restarting: Fri Jan  6 16:36:45 2023
Coffeemud Down, Restarting: Fri Jan  6 16:48:45 2023
Coffeemud Down, Restarting: Fri Jan  6 19:49:47 2023
Coffeemud Down, Restarting: Sat Jan  7 12:32:00 2023
Coffeemud Down, Restarting: Sat Jan  7 15:12:02 2023
Coffeemud Down, Restarting: Sat Jan  7 15:57:02 2023
Coffeemud Down, Restarting: Sat Jan  7 17:02:03 2023
Coffeemud Down, Restarting: Tue Jan 10 20:34:43 2023
Coffeemud Down, Restarting: Tue Jan 10 21:15:38 2023
Coffeemud Down, Restarting: Thu Jan 12 05:51:04 2023
Coffeemud Down, Restarting: Thu Jan 12 12:15:08 2023
Coffeemud Down, Restarting: Thu Jan 12 12:38:09 2023
Coffeemud Down, Restarting: Thu Jan 12 19:29:14 2023
Coffeemud Down, Restarting: Fri Jan 13 11:05:32 2023
Coffeemud Down, Restarting: Sat Jan 14 16:29:54 2023
Coffeemud Down, Restarting: Sat Jan 14 23:24:59 2023
Coffeemud Down, Restarting: Sun Jan 15 21:41:15 2023
Coffeemud Down, Restarting: Mon Jan 16 17:23:30 2023
Coffeemud Down, Restarting: Mon Jan 16 17:26:30 2023
Coffeemud Down, Restarting: Mon Jan 16 21:22:33 2023
Coffeemud Down, Restarting: Mon Jan 16 21:25:33 2023
Coffeemud Down, Restarting: Tue Jan 17 17:59:48 2023
Coffeemud Down, Restarting: Wed Jan 18 15:00:04 2023
Coffeemud Down, Restarting: Fri Jan 27 10:00:43 2023
Coffeemud Down, Restarting: Wed Feb  1 12:26:15 2023
Coffeemud Down, Restarting: Fri Feb  3 11:54:50 2023
Coffeemud Down, Restarting: Sun Feb  5 00:09:17 2023
Coffeemud Down, Restarting: Tue Feb 14 20:46:15 2023
Coffeemud Down, Restarting: Mon Feb 20 19:02:03 2023
Coffeemud Down, Restarting: Thu Feb 23 19:28:58 2023
Coffeemud Down, Restarting: Thu Feb 23 22:56:01 2023
Coffeemud Down, Restarting: Fri Feb 24 11:20:18 2023
Coffeemud Down, Restarting: Sun Feb 26 21:42:00 2023
Coffeemud Down, Restarting: Sun Feb 26 23:39:02 2023
Coffeemud Down, Restarting: Wed Mar 15 03:07:58 2023
Coffeemud Down, Restarting: Wed Mar 15 11:53:05 2023
Coffeemud Down, Restarting: Wed Mar 15 11:56:05 2023
Coffeemud Down, Restarting: Sat Mar 18 14:29:04 2023
Coffeemud Down, Restarting: Mon Mar 20 13:26:43 2023
Coffeemud Down, Restarting: Fri Mar 24 10:55:57 2023
Coffeemud Down, Restarting: Mon Mar 27 15:43:56 2023
Coffeemud Down, Restarting: Sun Apr  2 10:46:42 2023
Coffeemud Down, Restarting: Sun Apr  2 18:09:48 2023
Coffeemud Down, Restarting: Thu Apr  6 00:12:48 2023
Coffeemud Down, Restarting: Thu Apr  6 10:39:56 2023
Coffeemud Down, Restarting: Thu Apr  6 11:32:57 2023
Coffeemud Down, Restarting: Thu Apr 13 01:31:58 2023
Coffeemud Down, Restarting: Tue Apr 18 18:45:44 2023
Coffeemud Down, Restarting: Thu Apr 20 00:08:07 2023
Coffeemud Down, Restarting: Thu Apr 20 10:05:14 2023
Coffeemud Down, Restarting: Thu Apr 20 15:23:19 2023
Coffeemud Down, Restarting: Thu Apr 20 16:04:19 2023
Coffeemud Down, Restarting: Thu Apr 20 16:42:20 2023
Coffeemud Down, Restarting: Thu Apr 20 17:02:20 2023
Coffeemud Down, Restarting: Fri Apr 21 18:49:40 2023
Coffeemud Down, Restarting: Fri Apr 21 18:50:40 2023
Coffeemud Down, Restarting: Fri Apr 21 18:51:40 2023
Coffeemud Down, Restarting: Fri Apr 21 18:52:40 2023
Coffeemud Down, Restarting: Fri Apr 21 18:53:40 2023
Coffeemud Down, Restarting: Fri Apr 21 18:54:40 2023
Coffeemud Down, Restarting: Fri Apr 21 18:56:40 2023
Coffeemud Down, Restarting: Fri Apr 21 18:57:40 2023
Coffeemud Down, Restarting: Fri Apr 21 18:58:40 2023
Coffeemud Down, Restarting: Fri Apr 21 18:59:40 2023
Coffeemud Down, Restarting: Fri Apr 21 19:00:40 2023
Coffeemud Down, Restarting: Fri Apr 21 19:01:40 2023
Coffeemud Down, Restarting: Fri Apr 21 19:02:40 2023
Coffeemud Down, Restarting: Fri Apr 21 19:03:40 2023
Coffeemud Down, Restarting: Fri Apr 21 19:04:40 2023
Coffeemud Down, Restarting: Fri Apr 21 19:05:40 2023
Coffeemud Down, Restarting: Fri Apr 21 19:06:40 2023
Coffeemud Down, Restarting: Fri Apr 21 19:07:40 2023
Coffeemud Down, Restarting: Fri Apr 21 19:08:40 2023
Coffeemud Down, Restarting: Fri Apr 21 19:09:40 2023
Coffeemud Down, Restarting: Fri Apr 21 19:10:40 2023
Coffeemud Down, Restarting: Fri Apr 21 19:11:40 2023
Coffeemud Down, Restarting: Fri Apr 21 19:12:40 2023
Coffeemud Down, Restarting: Fri Apr 21 19:15:40 2023
Coffeemud Down, Restarting: Fri Apr 21 23:28:43 2023
Coffeemud Down, Restarting: Sat Apr 22 03:28:46 2023
Coffeemud Down, Restarting: Mon Apr 24 10:45:30 2023
Coffeemud Down, Restarting: Mon Apr 24 10:59:30 2023
Coffeemud Down, Restarting: Mon Apr 24 11:07:30 2023
Coffeemud Down, Restarting: Mon Apr 24 11:10:30 2023
Coffeemud Down, Restarting: Mon Apr 24 11:15:30 2023
Coffeemud Down, Restarting: Mon Apr 24 11:25:30 2023
Coffeemud Down, Restarting: Mon Apr 24 11:31:30 2023
Coffeemud Down, Restarting: Mon Apr 24 11:35:30 2023
Coffeemud Down, Restarting: Mon Apr 24 11:39:30 2023
Coffeemud Down, Restarting: Mon Apr 24 11:51:31 2023
Coffeemud Down, Restarting: Mon Apr 24 11:55:31 2023
Coffeemud Down, Restarting: Fri Apr 28 19:04:49 2023
Coffeemud Down, Restarting: Fri Apr 28 19:08:49 2023
Coffeemud Down, Restarting: Fri Apr 28 19:17:50 2023
Coffeemud Down, Restarting: Fri Apr 28 19:20:50 2023
Coffeemud Down, Restarting: Fri Apr 28 19:23:50 2023
Coffeemud Down, Restarting: Fri Apr 28 19:25:50 2023
Coffeemud Down, Restarting: Fri Apr 28 19:32:50 2023
Coffeemud Down, Restarting: Fri Apr 28 19:37:50 2023
Coffeemud Down, Restarting: Fri Apr 28 19:45:50 2023
Coffeemud Down, Restarting: Fri Apr 28 20:08:50 2023
Coffeemud Down, Restarting: Fri Apr 28 20:09:50 2023
Coffeemud Down, Restarting: Fri Apr 28 20:10:50 2023
Coffeemud Down, Restarting: Sun Apr 30 19:49:27 2023
Coffeemud Down, Restarting: Sun Apr 30 20:23:28 2023
Coffeemud Down, Restarting: Mon May  1 18:08:44 2023
Coffeemud Down, Restarting: Wed May  3 12:17:16 2023
Coffeemud Down, Restarting: Wed May  3 12:28:16 2023
Coffeemud Down, Restarting: Thu May  4 15:11:36 2023
Coffeemud Down, Restarting: Mon May  8 14:14:48 2023
Coffeemud Down, Restarting: Mon May  8 14:44:48 2023
Coffeemud Down, Restarting: Mon May  8 15:44:49 2023
Coffeemud Down, Restarting: Wed May 17 11:30:30 2023
Coffeemud Down, Restarting: Tue May 23 09:32:17 2023
Coffeemud Down, Restarting: Sun May 28 13:57:50 2023
Coffeemud Down, Restarting: Sun May 28 14:04:50 2023
Coffeemud Down, Restarting: Sun May 28 14:36:51 2023
Coffeemud Down, Restarting: Sun May 28 14:48:51 2023
Coffeemud Down, Restarting: Wed May 31 02:30:13 2023
Coffeemud Down, Restarting: Wed May 31 02:31:13 2023
Coffeemud Down, Restarting: Mon Jun 12 18:58:32 2023
Coffeemud Down, Restarting: Wed Jun 21 22:31:48 2023
Coffeemud Down, Restarting: Fri Jul  7 23:30:47 2023
Coffeemud Down, Restarting: Tue Jul 11 01:53:29 2023
Coffeemud Down, Restarting: Fri Jul 14 00:05:24 2023
Coffeemud Down, Restarting: Fri Aug  4 17:48:33 2023
Coffeemud Down, Restarting: Sun Aug 13 14:36:04 2023
Coffeemud Down, Restarting: Fri Aug 18 09:22:56 2023
Coffeemud Down, Restarting: Mon Aug 21 16:48:52 2023
Coffeemud Down, Restarting: Thu Sep  7 00:37:47 2023
Coffeemud Down, Restarting: Fri Sep  8 15:04:46 2023
Coffeemud Down, Restarting: Thu Sep 14 07:14:13 2023
Coffeemud Down, Restarting: Fri Sep 15 22:01:48 2023
Coffeemud Down, Restarting: Sun Sep 17 18:33:30 2023
Coffeemud Down, Restarting: Thu Oct  5 09:17:32 2023
Coffeemud Down, Restarting: Mon Oct  9 11:28:11 2023
Coffeemud Down, Restarting: Mon Oct  9 16:41:16 2023
Coffeemud Down, Restarting: Sun Oct 15 11:07:39 2023
Coffeemud Down, Restarting: Sun Oct 15 16:45:45 2023
Coffeemud Down, Restarting: Tue Oct 17 19:31:36 2023
Coffeemud Down, Restarting: Mon Oct 23 13:51:07 2023
Coffeemud Down, Restarting: Wed Oct 25 13:35:55 2023
Coffeemud Down, Restarting: Fri Oct 27 10:08:41 2023
Coffeemud Down, Restarting: Thu Nov  2 18:10:22 2023
Coffeemud Down, Restarting: Fri Nov  3 10:24:39 2023
Coffeemud Down, Restarting: Sun Dec 24 04:13:21 2023
Coffeemud Down, Restarting: Sun Dec 24 05:04:27 2023
Coffeemud Down, Restarting: Sun Dec 24 05:56:17 2023
Coffeemud Down, Restarting: Tue Dec 26 12:29:55 2023
Coffeemud Down, Restarting: Tue Dec 26 16:55:59 2023
Coffeemud Down, Restarting: Tue Jan  2 15:06:35 2024
Coffeemud Down, Restarting: Wed Jan  3 20:28:09 2024
