20240111.1614.00 info  MUD            CoffeeMud v5.10.3
20240111.1614.00 info  MUD            (C) 2000-2024 Bo Zimmerman
20240111.1614.00 info  MUD            http://www.coffeemud.org
20240111.1614.00 error CMSecurity     Unknown or duplicate disable flag: AUTOFORWARD
20240111.1614.00 info  HOST0          Disabled subsystems: DBERRORQUESTART, QUITREASON, SLOW_AGEING, DEATHCRY, AUTOMOODS, AUTOFORWARD,FATIGUE, ALLERGIES, NEWPLAYERS
20240111.1614.00 info  MUD@5555       MUD Server started on port: 5555
20240111.1614.01 info  HOST0          Connected to jdbc:mysql://localhost:3306/coffeemud2
20240111.1614.01 debug HOST0          SSL not configured.
20240111.1614.01 debug HOST0          SSL not configured.
20240111.1614.01 info  cweb-admin0    Started http admin0 on port 27777
20240111.1614.01 info  cweb-pub0      Started http pub0 on port 27744
20240111.1614.01 debug cweb-admin0Tim Timeout Thread started
20240111.1614.01 debug cweb-pub0Timeo Timeout Thread started
20240111.1614.01 info  HOST0          WebMacros loaded  : 200
20240111.1614.02 info  HOST0          MOB Types loaded  : 149
20240111.1614.02 info  HOST0          Exit Types loaded : 31
20240111.1614.03 info  HOST0          Area Types loaded : 14
20240111.1614.03 info  HOST0          Locales loaded    : 127
20240111.1614.03 info  HOST0          Fighter Skills    : 203
20240111.1614.03 info  HOST0          Chants loaded     : 318
20240111.1614.03 info  HOST0          Languages loaded  : 59
20240111.1614.04 info  HOST0          Properties loaded : 313
20240111.1614.04 info  HOST0          Prayers loaded    : 362
20240111.1614.05 info  HOST0          Thief Skills      : 180
20240111.1614.05 info  HOST0          Skills loaded     : 355
20240111.1614.05 info  HOST0          Songs loaded      : 156
20240111.1614.06 info  HOST0          Spells loaded     : 420
20240111.1614.06 info  HOST0          Heroics loaded    : 6
20240111.1614.06 info  HOST0          Tech Skills loaded: 2
20240111.1614.06 info  HOST0          Traps loaded      : 82
20240111.1614.06 info  HOST0          GenAbles loaded   : 109
20240111.1614.06 info  HOST0          Basic Items loaded: 140
20240111.1614.06 info  HOST0          Weapons loaded    : 62
20240111.1614.06 info  HOST0          Armor loaded      : 51
20240111.1614.06 info  HOST0          Magic Items loaded: 47
20240111.1614.06 info  HOST0          Clan Items loaded : 29
20240111.1614.07 info  HOST0          Electronics loaded: 100
20240111.1614.07 info  HOST0          Behaviors loaded  : 97
20240111.1614.07 info  HOST0          Commands loaded   : 301
20240111.1614.08 info  HOST0          Races loaded      : 317
20240111.1614.09 info  HOST0          Classes loaded    : 99
20240111.1614.14 info  HOST0          Expertises defined: 1820
20240111.1614.14 info  HOST0          Channels loaded   : 29
20240111.1614.14 info  HOST0          Socials loaded    : 342
20240111.1614.15 info  HOST0          Clans loaded      : 13
20240111.1614.15 info  I3Server       InterMud3 Core (c)1996 George Reese
20240111.1614.15 info  CM1Server0@277 Started CM1Server0@27733 on port 27733
20240111.1614.15 info  Intermud3      I3 client connection: 204.209.44.3@8080
20240111.1614.15 info  I3Server       InterMud3 Server started on port 27766
20240111.1614.16 info  HOST0          Loading catalog...
20240111.1614.16 info  HOST0          Loading map...
20240111.1614.24 error CoffeeMaker    unpackItemsFromXML: null 'ITEMS' <ITEMS> in empty pieces list
20240111.1614.24 error CoffeeMaker    unpackItemsFromXML: null 'ITEMS' <ITEMS> in empty pieces list
20240111.1614.24 error CoffeeMaker    unpackItemsFromXML: null 'ITEMS' <ITEMS> in empty pieces list
20240111.1614.24 error CoffeeMaker    unpackItemsFromXML: null 'ITEMS' <ITEMS> in empty pieces list
20240111.1614.24 error CoffeeMaker    unpackItemsFromXML: null 'ITEMS' <ITEMS> in empty pieces list
20240111.1614.24 error CoffeeMaker    unpackItemsFromXML: null 'ITEMS' <ITEMS> in empty pieces list
20240111.1614.24 error CoffeeMaker    unpackItemsFromXML: null 'ITEMS' <ITEMS> in empty pieces list
20240111.1614.24 error CoffeeMaker    unpackItemsFromXML: null 'ITEMS' <ITEMS> in empty pieces list
20240111.1614.24 error CoffeeMaker    unpackItemsFromXML: null 'ITEMS' <ITEMS> in empty pieces list
20240111.1614.24 error CoffeeMaker    unpackItemsFromXML: null 'ITEMS' <ITEMS> in empty pieces list
20240111.1614.24 error CoffeeMaker    unpackItemsFromXML: null 'ITEMS' <ITEMS> in empty pieces list
20240111.1614.24 error CoffeeMaker    unpackItemsFromXML: null 'ITEMS' <ITEMS> in empty pieces list
20240111.1614.24 error CoffeeMaker    unpackItemsFromXML: null 'ITEMS' <ITEMS> in empty pieces list
20240111.1614.24 error CoffeeMaker    unpackItemsFromXML: null 'ITEMS' <ITEMS> in empty pieces list
20240111.1614.24 error CoffeeMaker    unpackItemsFromXML: null 'ITEMS' <ITEMS> in empty pieces list
20240111.1614.24 error CoffeeMaker    unpackItemsFromXML: null 'ITEMS' <ITEMS> in empty pieces list
20240111.1614.24 error CoffeeMaker    unpackItemsFromXML: null 'ITEMS' <ITEMS> in empty pieces list
20240111.1614.24 error CoffeeMaker    unpackItemsFromXML: null 'ITEMS' <ITEMS> in empty pieces list
20240111.1614.24 error CoffeeMaker    unpackItemsFromXML: null 'ITEMS' <ITEMS> in empty pieces list
20240111.1614.24 error CoffeeMaker    unpackItemsFromXML: null 'ITEMS' <ITEMS> in empty pieces list
20240111.1614.25 error CoffeeMaker    unpackItemsFromXML: null 'ITEMS' <ITEMS> in empty pieces list
20240111.1614.25 error CoffeeMaker    unpackItemsFromXML: null 'ITEMS' <ITEMS> in empty pieces list
20240111.1614.25 error CoffeeMaker    unpackItemsFromXML: null 'ITEMS' <ITEMS> in empty pieces list
20240111.1614.25 error CoffeeMaker    unpackItemsFromXML: null 'ITEMS' <ITEMS> in empty pieces list
20240111.1614.25 error CoffeeMaker    unpackItemsFromXML: null 'ITEMS' <ITEMS> in empty pieces list
20240111.1614.25 error CoffeeMaker    unpackItemsFromXML: null 'ITEMS' <ITEMS> in empty pieces list
20240111.1614.25 error CoffeeMaker    unpackItemsFromXML: null 'ITEMS' <ITEMS> in empty pieces list
20240111.1614.25 error CoffeeMaker    unpackItemsFromXML: null 'ITEMS' <ITEMS> in empty pieces list
20240111.1614.25 error CoffeeMaker    unpackItemsFromXML: null 'ITEMS' <ITEMS> in empty pieces list
20240111.1614.25 error CoffeeMaker    unpackItemsFromXML: null 'ITEMS' <ITEMS> in empty pieces list
20240111.1614.25 error CoffeeMaker    unpackItemsFromXML: null 'ITEMS' <ITEMS> in empty pieces list
20240111.1614.25 error CoffeeMaker    unpackItemsFromXML: null 'ITEMS' <ITEMS> in empty pieces list
20240111.1614.25 error CoffeeMaker    unpackItemsFromXML: null 'ITEMS' <ITEMS> in empty pieces list
20240111.1614.25 error CoffeeMaker    unpackItemsFromXML: null 'ITEMS' <ITEMS> in empty pieces list
20240111.1614.25 error CoffeeMaker    unpackItemsFromXML: null 'ITEMS' <ITEMS> in empty pieces list
20240111.1614.25 error CoffeeMaker    unpackItemsFromXML: null 'ITEMS' <ITEMS> in empty pieces list
20240111.1614.25 error CoffeeMaker    unpackItemsFromXML: null 'ITEMS' <ITEMS> in empty pieces list
20240111.1614.25 error CoffeeMaker    unpackItemsFromXML: null 'ITEMS' <ITEMS> in empty pieces list
20240111.1614.25 error CoffeeMaker    unpackItemsFromXML: null 'ITEMS' <ITEMS> in empty pieces list
20240111.1614.25 error CoffeeMaker    unpackItemsFromXML: null 'ITEMS' <ITEMS> in empty pieces list
20240111.1614.25 error CoffeeMaker    unpackItemsFromXML: null 'ITEMS' <ITEMS> in empty pieces list
20240111.1614.25 error CoffeeMaker    unpackItemsFromXML: null 'ITEMS' <ITEMS> in empty pieces list
20240111.1614.25 error CoffeeMaker    unpackItemsFromXML: null 'ITEMS' <ITEMS> in empty pieces list
20240111.1614.25 error CoffeeMaker    unpackItemsFromXML: null 'ITEMS' <ITEMS> in empty pieces list
20240111.1614.25 error CoffeeMaker    unpackItemsFromXML: null 'ITEMS' <ITEMS> in empty pieces list
20240111.1614.25 error CoffeeMaker    unpackItemsFromXML: null 'ITEMS' <ITEMS> in empty pieces list
20240111.1614.25 error CoffeeMaker    unpackItemsFromXML: null 'ITEMS' <ITEMS> in empty pieces list
20240111.1614.25 error CoffeeMaker    unpackItemsFromXML: null 'ITEMS' <ITEMS> in empty pieces list
20240111.1614.25 error CoffeeMaker    unpackItemsFromXML: null 'ITEMS' <ITEMS> in empty pieces list
20240111.1614.25 error CoffeeMaker    unpackItemsFromXML: null 'ITEMS' <ITEMS> in empty pieces list
20240111.1614.25 error CoffeeMaker    unpackItemsFromXML: null 'ITEMS' <ITEMS> in empty pieces list
20240111.1614.25 error CoffeeMaker    unpackItemsFromXML: null 'ITEMS' <ITEMS> in empty pieces list
20240111.1614.25 error CoffeeMaker    unpackItemsFromXML: null 'ITEMS' <ITEMS> in empty pieces list
20240111.1614.25 error CoffeeMaker    unpackItemsFromXML: null 'ITEMS' <ITEMS> in empty pieces list
20240111.1614.25 error CoffeeMaker    unpackItemsFromXML: null 'ITEMS' <ITEMS> in empty pieces list
20240111.1614.25 error CoffeeMaker    unpackItemsFromXML: null 'ITEMS' <ITEMS> in empty pieces list
20240111.1614.25 error CoffeeMaker    unpackItemsFromXML: null 'ITEMS' <ITEMS> in empty pieces list
20240111.1614.25 error CoffeeMaker    unpackItemsFromXML: null 'ITEMS' <ITEMS> in empty pieces list
20240111.1614.25 error CoffeeMaker    unpackItemsFromXML: null 'ITEMS' <ITEMS> in empty pieces list
20240111.1614.25 error CoffeeMaker    unpackItemsFromXML: null 'ITEMS' <ITEMS> in empty pieces list
20240111.1614.25 error CoffeeMaker    unpackItemsFromXML: null 'ITEMS' <ITEMS> in empty pieces list
20240111.1614.25 error CoffeeMaker    unpackItemsFromXML: null 'ITEMS' <ITEMS> in empty pieces list
20240111.1614.25 error CoffeeMaker    unpackItemsFromXML: null 'ITEMS' <ITEMS> in empty pieces list
20240111.1614.25 error CoffeeMaker    unpackItemsFromXML: null 'ITEMS' <ITEMS> in empty pieces list
20240111.1614.25 error CoffeeMaker    unpackItemsFromXML: null 'ITEMS' <ITEMS> in empty pieces list
20240111.1614.25 error CoffeeMaker    unpackItemsFromXML: null 'ITEMS' <ITEMS> in empty pieces list
20240111.1614.25 error CoffeeMaker    unpackItemsFromXML: null 'ITEMS' <ITEMS> in empty pieces list
20240111.1614.25 error CoffeeMaker    unpackItemsFromXML: null 'ITEMS' <ITEMS> in empty pieces list
20240111.1614.25 error CoffeeMaker    unpackItemsFromXML: null 'ITEMS' <ITEMS> in empty pieces list
20240111.1614.25 error CoffeeMaker    unpackItemsFromXML: null 'ITEMS' <ITEMS> in empty pieces list
20240111.1614.26 error CoffeeMaker    unpackItemsFromXML: null 'ITEMS' <ITEMS> in empty pieces list
20240111.1614.26 error CoffeeMaker    unpackItemsFromXML: null 'ITEMS' <ITEMS> in empty pieces list
20240111.1614.26 error CoffeeMaker    unpackItemsFromXML: null 'ITEMS' <ITEMS> in empty pieces list
20240111.1614.26 error CoffeeMaker    unpackItemsFromXML: null 'ITEMS' <ITEMS> in empty pieces list
20240111.1614.26 error CoffeeMaker    unpackItemsFromXML: null 'ITEMS' <ITEMS> in empty pieces list
20240111.1614.26 error CoffeeMaker    unpackItemsFromXML: null 'ITEMS' <ITEMS> in empty pieces list
20240111.1614.26 error CoffeeMaker    unpackItemsFromXML: null 'ITEMS' <ITEMS> in empty pieces list
20240111.1614.26 error CoffeeMaker    unpackItemsFromXML: null 'ITEMS' <ITEMS> in empty pieces list
20240111.1614.26 error CoffeeMaker    unpackItemsFromXML: null 'ITEMS' <ITEMS> in empty pieces list
20240111.1614.26 error CoffeeMaker    unpackItemsFromXML: null 'ITEMS' <ITEMS> in empty pieces list
20240111.1614.26 error CoffeeMaker    unpackItemsFromXML: null 'ITEMS' <ITEMS> in empty pieces list
20240111.1614.26 error CoffeeMaker    unpackItemsFromXML: null 'ITEMS' <ITEMS> in empty pieces list
20240111.1614.26 error CoffeeMaker    unpackItemsFromXML: null 'ITEMS' <ITEMS> in empty pieces list
20240111.1614.26 error CoffeeMaker    unpackItemsFromXML: null 'ITEMS' <ITEMS> in empty pieces list
20240111.1614.26 error CoffeeMaker    unpackItemsFromXML: null 'ITEMS' <ITEMS> in empty pieces list
20240111.1614.26 error CoffeeMaker    unpackItemsFromXML: null 'ITEMS' <ITEMS> in empty pieces list
20240111.1614.26 error CoffeeMaker    unpackItemsFromXML: null 'ITEMS' <ITEMS> in empty pieces list
20240111.1614.26 error CoffeeMaker    unpackItemsFromXML: null 'ITEMS' <ITEMS> in empty pieces list
20240111.1614.26 error CoffeeMaker    unpackItemsFromXML: null 'ITEMS' <ITEMS> in empty pieces list
20240111.1614.26 error CoffeeMaker    unpackItemsFromXML: null 'ITEMS' <ITEMS> in empty pieces list
20240111.1614.26 error CoffeeMaker    unpackItemsFromXML: null 'ITEMS' <ITEMS> in empty pieces list
20240111.1614.26 error CoffeeMaker    unpackItemsFromXML: null 'ITEMS' <ITEMS> in empty pieces list
20240111.1614.26 error CoffeeMaker    unpackItemsFromXML: null 'ITEMS' <ITEMS> in empty pieces list
20240111.1614.26 error CoffeeMaker    unpackItemsFromXML: null 'ITEMS' <ITEMS> in empty pieces list
20240111.1614.26 error CoffeeMaker    unpackItemsFromXML: null 'ITEMS' <ITEMS> in empty pieces list
20240111.1614.26 error CoffeeMaker    unpackItemsFromXML: null 'ITEMS' <ITEMS> in empty pieces list
20240111.1614.26 error CoffeeMaker    unpackItemsFromXML: null 'ITEMS' <ITEMS> in empty pieces list
20240111.1614.26 error ClanHelper     Unknown clan activated." for ^#111N^#222T^#333C^r-^#1110^#2220^#3330^r1 ^#550P^#540r^#550e^#540m^#550i^#540u^#550m ^#222D^#333r^ro^#222i^#111d^N in 
20240111.1614.26 error CoffeeMaker    unpackItemsFromXML: null 'ITEMS' <ITEMS> in empty pieces list
20240111.1614.26 error CoffeeMaker    unpackItemsFromXML: null 'ITEMS' <ITEMS> in empty pieces list
20240111.1614.26 error CoffeeMaker    unpackItemsFromXML: null 'ITEMS' <ITEMS> in empty pieces list
20240111.1614.26 error CoffeeMaker    unpackItemsFromXML: null 'ITEMS' <ITEMS> in empty pieces list
20240111.1614.26 error CoffeeMaker    unpackItemsFromXML: null 'ITEMS' <ITEMS> in empty pieces list
20240111.1614.26 error CoffeeMaker    unpackItemsFromXML: null 'ITEMS' <ITEMS> in empty pieces list
20240111.1614.26 error CoffeeMaker    unpackItemsFromXML: null 'ITEMS' <ITEMS> in empty pieces list
20240111.1614.26 error CoffeeMaker    unpackItemsFromXML: null 'ITEMS' <ITEMS> in empty pieces list
20240111.1614.26 error CoffeeMaker    unpackItemsFromXML: null 'ITEMS' <ITEMS> in empty pieces list
20240111.1614.26 error CoffeeMaker    unpackItemsFromXML: null 'ITEMS' <ITEMS> in empty pieces list
20240111.1614.26 error CoffeeMaker    unpackItemsFromXML: null 'ITEMS' <ITEMS> in empty pieces list
20240111.1614.26 error CoffeeMaker    unpackItemsFromXML: null 'ITEMS' <ITEMS> in empty pieces list
20240111.1614.26 error CoffeeMaker    unpackItemsFromXML: null 'ITEMS' <ITEMS> in empty pieces list
20240111.1614.26 error CoffeeMaker    unpackItemsFromXML: null 'ITEMS' <ITEMS> in empty pieces list
20240111.1614.26 error CoffeeMaker    unpackItemsFromXML: null 'ITEMS' <ITEMS> in empty pieces list
20240111.1614.26 error CoffeeMaker    unpackItemsFromXML: null 'ITEMS' <ITEMS> in empty pieces list
20240111.1614.27 error CoffeeMaker    unpackItemsFromXML: null 'ITEMS' <ITEMS> in empty pieces list
20240111.1614.27 error CoffeeMaker    unpackItemsFromXML: null 'ITEMS' <ITEMS> in empty pieces list
20240111.1614.27 error CoffeeMaker    unpackItemsFromXML: null 'ITEMS' <ITEMS> in empty pieces list
20240111.1614.27 error CoffeeMaker    unpackItemsFromXML: null 'ITEMS' <ITEMS> in empty pieces list
20240111.1614.27 error CoffeeMaker    unpackItemsFromXML: null 'ITEMS' <ITEMS> in empty pieces list
20240111.1614.27 error CoffeeMaker    unpackItemsFromXML: null 'ITEMS' <ITEMS> in empty pieces list
20240111.1614.27 error CoffeeMaker    unpackItemsFromXML: null 'ITEMS' <ITEMS> in empty pieces list
20240111.1614.27 error CoffeeMaker    unpackItemsFromXML: null 'ITEMS' <ITEMS> in empty pieces list
20240111.1614.27 error CoffeeMaker    unpackItemsFromXML: null 'ITEMS' <ITEMS> in empty pieces list
20240111.1614.27 error CoffeeMaker    unpackItemsFromXML: null 'ITEMS' <ITEMS> in empty pieces list
20240111.1614.27 error CoffeeMaker    unpackItemsFromXML: null 'ITEMS' <ITEMS> in empty pieces list
20240111.1614.27 error CoffeeMaker    unpackItemsFromXML: null 'ITEMS' <ITEMS> in empty pieces list
20240111.1614.27 error CoffeeMaker    unpackItemsFromXML: null 'ITEMS' <ITEMS> in empty pieces list
20240111.1614.27 error CoffeeMaker    unpackItemsFromXML: null 'ITEMS' <ITEMS> in empty pieces list
20240111.1614.27 error CoffeeMaker    unpackItemsFromXML: null 'ITEMS' <ITEMS> in empty pieces list
20240111.1614.27 error CoffeeMaker    unpackItemsFromXML: null 'ITEMS' <ITEMS> in empty pieces list
20240111.1614.27 error CoffeeMaker    unpackItemsFromXML: null 'ITEMS' <ITEMS> in empty pieces list
20240111.1614.27 error CoffeeMaker    unpackItemsFromXML: null 'ITEMS' <ITEMS> in empty pieces list
20240111.1614.27 error CoffeeMaker    unpackItemsFromXML: null 'ITEMS' <ITEMS> in empty pieces list
20240111.1614.27 error CoffeeMaker    unpackItemsFromXML: null 'ITEMS' <ITEMS> in empty pieces list
20240111.1614.27 error CoffeeMaker    unpackItemsFromXML: null 'ITEMS' <ITEMS> in empty pieces list
20240111.1614.27 error CoffeeMaker    unpackItemsFromXML: null 'ITEMS' <ITEMS> in empty pieces list
20240111.1614.27 error CoffeeMaker    unpackItemsFromXML: null 'ITEMS' <ITEMS> in empty pieces list
20240111.1614.27 error CoffeeMaker    unpackItemsFromXML: null 'ITEMS' <ITEMS> in empty pieces list
20240111.1614.27 error CoffeeMaker    unpackItemsFromXML: null 'ITEMS' <ITEMS> in empty pieces list
20240111.1614.27 error CoffeeMaker    unpackItemsFromXML: null 'ITEMS' <ITEMS> in empty pieces list
20240111.1614.27 error CoffeeMaker    unpackItemsFromXML: null 'ITEMS' <ITEMS> in empty pieces list
20240111.1614.27 error CoffeeMaker    unpackItemsFromXML: null 'ITEMS' <ITEMS> in empty pieces list
20240111.1614.27 error CoffeeMaker    unpackItemsFromXML: null 'ITEMS' <ITEMS> in empty pieces list
20240111.1614.27 error CoffeeMaker    unpackItemsFromXML: null 'ITEMS' <ITEMS> in empty pieces list
20240111.1614.27 error CoffeeMaker    unpackItemsFromXML: null 'ITEMS' <ITEMS> in empty pieces list
20240111.1614.27 error CoffeeMaker    unpackItemsFromXML: null 'ITEMS' <ITEMS> in empty pieces list
20240111.1614.27 error CoffeeMaker    unpackItemsFromXML: null 'ITEMS' <ITEMS> in empty pieces list
20240111.1614.27 error CoffeeMaker    unpackItemsFromXML: null 'ITEMS' <ITEMS> in empty pieces list
20240111.1614.27 error CoffeeMaker    unpackItemsFromXML: null 'ITEMS' <ITEMS> in empty pieces list
20240111.1614.27 error CoffeeMaker    unpackItemsFromXML: null 'ITEMS' <ITEMS> in empty pieces list
20240111.1614.27 error CoffeeMaker    unpackItemsFromXML: null 'ITEMS' <ITEMS> in empty pieces list
20240111.1614.27 error CoffeeMaker    unpackItemsFromXML: null 'ITEMS' <ITEMS> in empty pieces list
20240111.1614.27 error CoffeeMaker    unpackItemsFromXML: null 'ITEMS' <ITEMS> in empty pieces list
20240111.1614.27 error CoffeeMaker    unpackItemsFromXML: null 'ITEMS' <ITEMS> in empty pieces list
20240111.1614.28 error CoffeeMaker    unpackItemsFromXML: null 'ITEMS' <ITEMS> in empty pieces list
20240111.1614.28 error CoffeeMaker    unpackItemsFromXML: null 'ITEMS' <ITEMS> in empty pieces list
20240111.1614.28 error CoffeeMaker    unpackItemsFromXML: null 'ITEMS' <ITEMS> in empty pieces list
20240111.1614.28 error CoffeeMaker    unpackItemsFromXML: null 'ITEMS' <ITEMS> in empty pieces list
20240111.1614.28 error CoffeeMaker    unpackItemsFromXML: null 'ITEMS' <ITEMS> in empty pieces list
20240111.1614.28 error CoffeeMaker    unpackItemsFromXML: null 'ITEMS' <ITEMS> in empty pieces list
20240111.1614.28 error CoffeeMaker    unpackItemsFromXML: null 'ITEMS' <ITEMS> in empty pieces list
20240111.1614.28 error CoffeeMaker    unpackItemsFromXML: null 'ITEMS' <ITEMS> in empty pieces list
20240111.1614.29 error ClanHelper     Unknown clan activated." for ^#111N^#222T^#333C^r-^#1110^#2220^#3330^r1 ^#550P^#540r^#550e^#540m^#550i^#540u^#550m ^#222D^#333r^ro^#222i^#111d^N in 
20240111.1614.29 error CoffeeMaker    unpackItemsFromXML: null 'ITEMS' <ITEMS> in empty pieces list
20240111.1614.29 error CoffeeMaker    unpackItemsFromXML: null 'ITEMS' <ITEMS> in empty pieces list
20240111.1614.29 error CoffeeMaker    unpackItemsFromXML: null 'ITEMS' <ITEMS> in empty pieces list
20240111.1614.29 error CoffeeMaker    unpackItemsFromXML: null 'ITEMS' <ITEMS> in empty pieces list
20240111.1614.29 error CoffeeMaker    unpackItemsFromXML: null 'ITEMS' <ITEMS> in empty pieces list
20240111.1614.29 error CoffeeMaker    unpackItemsFromXML: null 'ITEMS' <ITEMS> in empty pieces list
20240111.1614.29 error ClanHelper     Unknown clan activated." for ^#111N^#222T^#333C^r-^#1110^#2220^#3330^r1 ^#550P^#540r^#550e^#540m^#550i^#540u^#550m ^#222D^#333r^ro^#222i^#111d^N in 
20240111.1614.29 error CoffeeMaker    unpackItemsFromXML: null 'ITEMS' <ITEMS> in empty pieces list
20240111.1614.29 error CoffeeMaker    unpackItemsFromXML: null 'ITEMS' <ITEMS> in empty pieces list
20240111.1614.29 error CoffeeMaker    unpackItemsFromXML: null 'ITEMS' <ITEMS> in empty pieces list
20240111.1614.29 error CoffeeMaker    unpackItemsFromXML: null 'ITEMS' <ITEMS> in empty pieces list
20240111.1614.29 error CoffeeMaker    unpackItemsFromXML: null 'ITEMS' <ITEMS> in empty pieces list
20240111.1614.29 error CoffeeMaker    unpackItemsFromXML: null 'ITEMS' <ITEMS> in empty pieces list
20240111.1614.29 error CoffeeMaker    unpackItemsFromXML: null 'ITEMS' <ITEMS> in empty pieces list
20240111.1614.29 error CoffeeMaker    unpackItemsFromXML: null 'ITEMS' <ITEMS> in empty pieces list
20240111.1614.29 error CoffeeMaker    unpackItemsFromXML: null 'ITEMS' <ITEMS> in empty pieces list
20240111.1614.29 error CoffeeMaker    unpackItemsFromXML: null 'ITEMS' <ITEMS> in empty pieces list
20240111.1614.29 error CoffeeMaker    unpackItemsFromXML: null 'ITEMS' <ITEMS> in empty pieces list
20240111.1614.29 error CoffeeMaker    unpackItemsFromXML: null 'ITEMS' <ITEMS> in empty pieces list
20240111.1614.29 error CoffeeMaker    unpackItemsFromXML: null 'ITEMS' <ITEMS> in empty pieces list
20240111.1614.29 error CoffeeMaker    unpackItemsFromXML: null 'ITEMS' <ITEMS> in empty pieces list
20240111.1614.29 error CoffeeMaker    unpackItemsFromXML: null 'ITEMS' <ITEMS> in empty pieces list
20240111.1614.29 error CoffeeMaker    unpackItemsFromXML: null 'ITEMS' <ITEMS> in empty pieces list
20240111.1614.29 error CoffeeMaker    unpackItemsFromXML: null 'ITEMS' <ITEMS> in empty pieces list
20240111.1614.29 error CoffeeMaker    unpackItemsFromXML: null 'ITEMS' <ITEMS> in empty pieces list
20240111.1614.29 error CoffeeMaker    unpackItemsFromXML: null 'ITEMS' <ITEMS> in empty pieces list
20240111.1614.29 error CoffeeMaker    unpackItemsFromXML: null 'ITEMS' <ITEMS> in empty pieces list
20240111.1614.29 error CoffeeMaker    unpackItemsFromXML: null 'ITEMS' <ITEMS> in empty pieces list
20240111.1614.29 error CoffeeMaker    unpackItemsFromXML: null 'ITEMS' <ITEMS> in empty pieces list
20240111.1614.29 error CoffeeMaker    unpackItemsFromXML: null 'ITEMS' <ITEMS> in empty pieces list
20240111.1614.29 error CoffeeMaker    unpackItemsFromXML: null 'ITEMS' <ITEMS> in empty pieces list
20240111.1614.29 error CoffeeMaker    unpackItemsFromXML: null 'ITEMS' <ITEMS> in empty pieces list
20240111.1614.29 error CoffeeMaker    unpackItemsFromXML: null 'ITEMS' <ITEMS> in empty pieces list
20240111.1614.32 error CoffeeMaker    unpackItemsFromXML: null 'ITEMS' <ITEMS> in empty pieces list
20240111.1614.32 error CoffeeMaker    unpackItemsFromXML: null 'ITEMS' <ITEMS> in empty pieces list
20240111.1614.32 error CoffeeMaker    unpackItemsFromXML: null 'ITEMS' <ITEMS> in empty pieces list
20240111.1614.32 error CoffeeMaker    unpackItemsFromXML: null 'ITEMS' <ITEMS> in empty pieces list
20240111.1614.32 error CoffeeMaker    unpackItemsFromXML: null 'ITEMS' <ITEMS> in empty pieces list
20240111.1614.32 error CoffeeMaker    unpackItemsFromXML: null 'ITEMS' <ITEMS> in empty pieces list
20240111.1614.32 error CoffeeMaker    unpackItemsFromXML: null 'ITEMS' <ITEMS> in empty pieces list
20240111.1614.32 error CoffeeMaker    unpackItemsFromXML: null 'ITEMS' <ITEMS> in empty pieces list
20240111.1614.32 error CoffeeMaker    unpackItemsFromXML: null 'ITEMS' <ITEMS> in empty pieces list
20240111.1614.32 error CoffeeMaker    unpackItemsFromXML: null 'ITEMS' <ITEMS> in empty pieces list
20240111.1614.32 error CoffeeMaker    unpackItemsFromXML: null 'ITEMS' <ITEMS> in empty pieces list
20240111.1614.32 error CoffeeMaker    unpackItemsFromXML: null 'ITEMS' <ITEMS> in empty pieces list
20240111.1614.32 error CoffeeMaker    unpackItemsFromXML: null 'ITEMS' <ITEMS> in empty pieces list
20240111.1614.32 error CoffeeMaker    unpackItemsFromXML: null 'ITEMS' <ITEMS> in empty pieces list
20240111.1614.32 error CoffeeMaker    unpackItemsFromXML: null 'ITEMS' <ITEMS> in empty pieces list
20240111.1614.32 error CoffeeMaker    unpackItemsFromXML: null 'ITEMS' <ITEMS> in empty pieces list
20240111.1614.32 error CoffeeMaker    unpackItemsFromXML: null 'ITEMS' <ITEMS> in empty pieces list
20240111.1614.32 error CoffeeMaker    unpackItemsFromXML: null 'ITEMS' <ITEMS> in empty pieces list
20240111.1614.32 error CoffeeMaker    unpackItemsFromXML: null 'ITEMS' <ITEMS> in empty pieces list
20240111.1614.32 error CoffeeMaker    unpackItemsFromXML: null 'ITEMS' <ITEMS> in empty pieces list
20240111.1614.32 error CoffeeMaker    unpackItemsFromXML: null 'ITEMS' <ITEMS> in empty pieces list
20240111.1614.32 error CoffeeMaker    unpackItemsFromXML: null 'ITEMS' <ITEMS> in empty pieces list
20240111.1614.32 error CoffeeMaker    unpackItemsFromXML: null 'ITEMS' <ITEMS> in empty pieces list
20240111.1614.32 error CoffeeMaker    unpackItemsFromXML: null 'ITEMS' <ITEMS> in empty pieces list
20240111.1614.32 error CoffeeMaker    unpackItemsFromXML: null 'ITEMS' <ITEMS> in empty pieces list
20240111.1614.32 error CoffeeMaker    unpackItemsFromXML: null 'ITEMS' <ITEMS> in empty pieces list
20240111.1614.32 error CoffeeMaker    unpackItemsFromXML: null 'ITEMS' <ITEMS> in empty pieces list
20240111.1614.32 error CoffeeMaker    unpackItemsFromXML: null 'ITEMS' <ITEMS> in empty pieces list
20240111.1614.32 error CoffeeMaker    unpackItemsFromXML: null 'ITEMS' <ITEMS> in empty pieces list
20240111.1614.32 error CoffeeMaker    unpackItemsFromXML: null 'ITEMS' <ITEMS> in empty pieces list
20240111.1614.32 error CoffeeMaker    unpackItemsFromXML: null 'ITEMS' <ITEMS> in empty pieces list
20240111.1614.32 error CoffeeMaker    unpackItemsFromXML: null 'ITEMS' <ITEMS> in empty pieces list
20240111.1614.32 error CoffeeMaker    unpackItemsFromXML: null 'ITEMS' <ITEMS> in empty pieces list
20240111.1614.32 error CoffeeMaker    unpackItemsFromXML: null 'ITEMS' <ITEMS> in empty pieces list
20240111.1614.32 error CoffeeMaker    unpackItemsFromXML: null 'ITEMS' <ITEMS> in empty pieces list
20240111.1614.32 error CoffeeMaker    unpackItemsFromXML: null 'ITEMS' <ITEMS> in empty pieces list
20240111.1614.32 error CoffeeMaker    unpackItemsFromXML: null 'ITEMS' <ITEMS> in empty pieces list
20240111.1614.32 error CoffeeMaker    unpackItemsFromXML: null 'ITEMS' <ITEMS> in empty pieces list
20240111.1614.32 error CoffeeMaker    unpackItemsFromXML: null 'ITEMS' <ITEMS> in empty pieces list
20240111.1614.32 error CoffeeMaker    unpackItemsFromXML: null 'ITEMS' <ITEMS> in empty pieces list
20240111.1614.32 error CoffeeMaker    unpackItemsFromXML: null 'ITEMS' <ITEMS> in empty pieces list
20240111.1614.32 error CoffeeMaker    unpackItemsFromXML: null 'ITEMS' <ITEMS> in empty pieces list
20240111.1614.32 error CoffeeMaker    unpackItemsFromXML: null 'ITEMS' <ITEMS> in empty pieces list
20240111.1614.32 error CoffeeMaker    unpackItemsFromXML: null 'ITEMS' <ITEMS> in empty pieces list
20240111.1614.32 error CoffeeMaker    unpackItemsFromXML: null 'ITEMS' <ITEMS> in empty pieces list
20240111.1614.32 error CoffeeMaker    unpackItemsFromXML: null 'ITEMS' <ITEMS> in empty pieces list
20240111.1614.34 error CoffeeMaker    unpackItemsFromXML: null 'ITEMS' <ITEMS> in empty pieces list
20240111.1614.34 error CoffeeMaker    unpackItemsFromXML: null 'ITEMS' <ITEMS> in empty pieces list
20240111.1614.34 error CoffeeMaker    unpackItemsFromXML: null 'ITEMS' <ITEMS> in empty pieces list
20240111.1614.34 error CoffeeMaker    unpackItemsFromXML: null 'ITEMS' <ITEMS> in empty pieces list
20240111.1614.34 error CoffeeMaker    unpackItemsFromXML: null 'ITEMS' <ITEMS> in empty pieces list
20240111.1614.34 error CoffeeMaker    unpackItemsFromXML: null 'ITEMS' <ITEMS> in empty pieces list
20240111.1614.34 error CoffeeMaker    unpackItemsFromXML: null 'ITEMS' <ITEMS> in empty pieces list
20240111.1614.34 error CoffeeMaker    unpackItemsFromXML: null 'ITEMS' <ITEMS> in empty pieces list
20240111.1614.34 error CoffeeMaker    unpackItemsFromXML: null 'ITEMS' <ITEMS> in empty pieces list
20240111.1614.34 error CoffeeMaker    unpackItemsFromXML: null 'ITEMS' <ITEMS> in empty pieces list
20240111.1614.34 error CoffeeMaker    unpackItemsFromXML: null 'ITEMS' <ITEMS> in empty pieces list
20240111.1614.34 error CoffeeMaker    unpackItemsFromXML: null 'ITEMS' <ITEMS> in empty pieces list
20240111.1614.34 error CoffeeMaker    unpackItemsFromXML: null 'ITEMS' <ITEMS> in empty pieces list
20240111.1614.34 error CoffeeMaker    unpackItemsFromXML: null 'ITEMS' <ITEMS> in empty pieces list
20240111.1614.34 error CoffeeMaker    unpackItemsFromXML: null 'ITEMS' <ITEMS> in empty pieces list
20240111.1614.34 error CoffeeMaker    unpackItemsFromXML: null 'ITEMS' <ITEMS> in empty pieces list
20240111.1614.34 error CoffeeMaker    unpackItemsFromXML: null 'ITEMS' <ITEMS> in empty pieces list
20240111.1614.34 error CoffeeMaker    unpackItemsFromXML: null 'ITEMS' <ITEMS> in empty pieces list
20240111.1614.34 error CoffeeMaker    unpackItemsFromXML: null 'ITEMS' <ITEMS> in empty pieces list
20240111.1614.34 error CoffeeMaker    unpackItemsFromXML: null 'ITEMS' <ITEMS> in empty pieces list
20240111.1614.34 error CoffeeMaker    unpackItemsFromXML: null 'ITEMS' <ITEMS> in empty pieces list
20240111.1614.34 error CoffeeMaker    unpackItemsFromXML: null 'ITEMS' <ITEMS> in empty pieces list
20240111.1614.34 error CoffeeMaker    unpackItemsFromXML: null 'ITEMS' <ITEMS> in empty pieces list
20240111.1614.34 error CoffeeMaker    unpackItemsFromXML: null 'ITEMS' <ITEMS> in empty pieces list
20240111.1614.34 error CoffeeMaker    unpackItemsFromXML: null 'ITEMS' <ITEMS> in empty pieces list
20240111.1614.34 error CoffeeMaker    unpackItemsFromXML: null 'ITEMS' <ITEMS> in empty pieces list
20240111.1614.34 error CoffeeMaker    unpackItemsFromXML: null 'ITEMS' <ITEMS> in empty pieces list
20240111.1614.34 error CoffeeMaker    unpackItemsFromXML: null 'ITEMS' <ITEMS> in empty pieces list
20240111.1614.34 error CoffeeMaker    unpackItemsFromXML: null 'ITEMS' <ITEMS> in empty pieces list
20240111.1614.34 error CoffeeMaker    unpackItemsFromXML: null 'ITEMS' <ITEMS> in empty pieces list
20240111.1614.34 error CoffeeMaker    unpackItemsFromXML: null 'ITEMS' <ITEMS> in empty pieces list
20240111.1614.34 error CoffeeMaker    unpackItemsFromXML: null 'ITEMS' <ITEMS> in empty pieces list
20240111.1614.34 error CoffeeMaker    unpackItemsFromXML: null 'ITEMS' <ITEMS> in empty pieces list
20240111.1614.34 error CoffeeMaker    unpackItemsFromXML: null 'ITEMS' <ITEMS> in empty pieces list
20240111.1614.36 error CoffeeMaker    unpackItemsFromXML: null 'ITEMS' <ITEMS> in empty pieces list
20240111.1614.36 error CoffeeMaker    unpackItemsFromXML: null 'ITEMS' <ITEMS> in empty pieces list
20240111.1614.36 error CoffeeMaker    unpackItemsFromXML: null 'ITEMS' <ITEMS> in empty pieces list
20240111.1614.36 error CoffeeMaker    unpackItemsFromXML: null 'ITEMS' <ITEMS> in empty pieces list
20240111.1614.36 error CoffeeMaker    unpackItemsFromXML: null 'ITEMS' <ITEMS> in empty pieces list
20240111.1614.36 error CoffeeMaker    unpackItemsFromXML: null 'ITEMS' <ITEMS> in empty pieces list
20240111.1614.36 error CoffeeMaker    unpackItemsFromXML: null 'ITEMS' <ITEMS> in empty pieces list
20240111.1614.36 error CoffeeMaker    unpackItemsFromXML: null 'ITEMS' <ITEMS> in empty pieces list
20240111.1614.36 error CoffeeMaker    unpackItemsFromXML: null 'ITEMS' <ITEMS> in empty pieces list
20240111.1614.36 error CoffeeMaker    unpackItemsFromXML: null 'ITEMS' <ITEMS> in empty pieces list
20240111.1614.36 error CoffeeMaker    unpackItemsFromXML: null 'ITEMS' <ITEMS> in empty pieces list
20240111.1614.36 error CoffeeMaker    unpackItemsFromXML: null 'ITEMS' <ITEMS> in empty pieces list
20240111.1614.36 error CoffeeMaker    unpackItemsFromXML: null 'ITEMS' <ITEMS> in empty pieces list
20240111.1614.36 error CoffeeMaker    unpackItemsFromXML: null 'ITEMS' <ITEMS> in empty pieces list
20240111.1614.36 error CoffeeMaker    unpackItemsFromXML: null 'ITEMS' <ITEMS> in empty pieces list
20240111.1614.36 error CoffeeMaker    unpackItemsFromXML: null 'ITEMS' <ITEMS> in empty pieces list
20240111.1614.36 error CoffeeMaker    unpackItemsFromXML: null 'ITEMS' <ITEMS> in empty pieces list
20240111.1614.36 error CoffeeMaker    unpackItemsFromXML: null 'ITEMS' <ITEMS> in empty pieces list
20240111.1614.36 error CoffeeMaker    unpackItemsFromXML: null 'ITEMS' <ITEMS> in empty pieces list
20240111.1614.36 error CoffeeMaker    unpackItemsFromXML: null 'ITEMS' <ITEMS> in empty pieces list
20240111.1614.36 error CoffeeMaker    unpackItemsFromXML: null 'ITEMS' <ITEMS> in empty pieces list
20240111.1614.36 error CoffeeMaker    unpackItemsFromXML: null 'ITEMS' <ITEMS> in empty pieces list
20240111.1614.36 error CoffeeMaker    unpackItemsFromXML: null 'ITEMS' <ITEMS> in empty pieces list
20240111.1614.36 error CoffeeMaker    unpackItemsFromXML: null 'ITEMS' <ITEMS> in empty pieces list
20240111.1614.36 error CoffeeMaker    unpackItemsFromXML: null 'ITEMS' <ITEMS> in empty pieces list
20240111.1614.36 error CoffeeMaker    unpackItemsFromXML: null 'ITEMS' <ITEMS> in empty pieces list
20240111.1614.36 error CoffeeMaker    unpackItemsFromXML: null 'ITEMS' <ITEMS> in empty pieces list
20240111.1614.36 error CoffeeMaker    unpackItemsFromXML: null 'ITEMS' <ITEMS> in empty pieces list
20240111.1614.36 error CoffeeMaker    unpackItemsFromXML: null 'ITEMS' <ITEMS> in empty pieces list
20240111.1614.36 error CoffeeMaker    unpackItemsFromXML: null 'ITEMS' <ITEMS> in empty pieces list
20240111.1614.36 error CoffeeMaker    unpackItemsFromXML: null 'ITEMS' <ITEMS> in empty pieces list
20240111.1614.36 error CoffeeMaker    unpackItemsFromXML: null 'ITEMS' <ITEMS> in empty pieces list
20240111.1614.36 error CoffeeMaker    unpackItemsFromXML: null 'ITEMS' <ITEMS> in empty pieces list
20240111.1614.36 error CoffeeMaker    unpackItemsFromXML: null 'ITEMS' <ITEMS> in empty pieces list
20240111.1614.36 error CoffeeMaker    unpackItemsFromXML: null 'ITEMS' <ITEMS> in empty pieces list
20240111.1614.36 error CoffeeMaker    unpackItemsFromXML: null 'ITEMS' <ITEMS> in empty pieces list
20240111.1614.36 error CoffeeMaker    unpackItemsFromXML: null 'ITEMS' <ITEMS> in empty pieces list
20240111.1614.36 error CoffeeMaker    unpackItemsFromXML: null 'ITEMS' <ITEMS> in empty pieces list
20240111.1614.36 error CoffeeMaker    unpackItemsFromXML: null 'ITEMS' <ITEMS> in empty pieces list
20240111.1614.36 error CoffeeMaker    unpackItemsFromXML: null 'ITEMS' <ITEMS> in empty pieces list
20240111.1614.36 error CoffeeMaker    unpackItemsFromXML: null 'ITEMS' <ITEMS> in empty pieces list
20240111.1614.36 error CoffeeMaker    unpackItemsFromXML: null 'ITEMS' <ITEMS> in empty pieces list
20240111.1614.36 error CoffeeMaker    unpackItemsFromXML: null 'ITEMS' <ITEMS> in empty pieces list
20240111.1614.36 error CoffeeMaker    unpackItemsFromXML: null 'ITEMS' <ITEMS> in empty pieces list
20240111.1614.36 error CoffeeMaker    unpackItemsFromXML: null 'ITEMS' <ITEMS> in empty pieces list
20240111.1614.36 error CoffeeMaker    unpackItemsFromXML: null 'ITEMS' <ITEMS> in empty pieces list
20240111.1614.36 error CoffeeMaker    unpackItemsFromXML: null 'ITEMS' <ITEMS> in empty pieces list
20240111.1614.36 error CoffeeMaker    unpackItemsFromXML: null 'ITEMS' <ITEMS> in empty pieces list
20240111.1614.36 error CoffeeMaker    unpackItemsFromXML: null 'ITEMS' <ITEMS> in empty pieces list
20240111.1614.36 error CoffeeMaker    unpackItemsFromXML: null 'ITEMS' <ITEMS> in empty pieces list
20240111.1614.36 error CoffeeMaker    unpackItemsFromXML: null 'ITEMS' <ITEMS> in empty pieces list
20240111.1614.36 error CoffeeMaker    unpackItemsFromXML: null 'ITEMS' <ITEMS> in empty pieces list
20240111.1614.36 error CoffeeMaker    unpackItemsFromXML: null 'ITEMS' <ITEMS> in empty pieces list
20240111.1614.36 error CoffeeMaker    unpackItemsFromXML: null 'ITEMS' <ITEMS> in empty pieces list
20240111.1614.36 error CoffeeMaker    unpackItemsFromXML: null 'ITEMS' <ITEMS> in empty pieces list
20240111.1614.36 error CoffeeMaker    unpackItemsFromXML: null 'ITEMS' <ITEMS> in empty pieces list
20240111.1614.36 error CoffeeMaker    unpackItemsFromXML: null 'ITEMS' <ITEMS> in empty pieces list
20240111.1614.36 error CoffeeMaker    unpackItemsFromXML: null 'ITEMS' <ITEMS> in empty pieces list
20240111.1614.36 error CoffeeMaker    unpackItemsFromXML: null 'ITEMS' <ITEMS> in empty pieces list
20240111.1614.36 error CoffeeMaker    unpackItemsFromXML: null 'ITEMS' <ITEMS> in empty pieces list
20240111.1614.36 error CoffeeMaker    unpackItemsFromXML: null 'ITEMS' <ITEMS> in empty pieces list
20240111.1614.36 error CoffeeMaker    unpackItemsFromXML: null 'ITEMS' <ITEMS> in empty pieces list
20240111.1614.36 error CoffeeMaker    unpackItemsFromXML: null 'ITEMS' <ITEMS> in empty pieces list
20240111.1614.36 error CoffeeMaker    unpackItemsFromXML: null 'ITEMS' <ITEMS> in empty pieces list
20240111.1614.36 error CoffeeMaker    unpackItemsFromXML: null 'ITEMS' <ITEMS> in empty pieces list
20240111.1614.36 error CoffeeMaker    unpackItemsFromXML: null 'ITEMS' <ITEMS> in empty pieces list
20240111.1614.37 info  HOST0          Preparing map...
20240111.1614.37 info  HOST0          Mapped rooms      : 3376 in 77 areas
20240111.1614.37 info  HOST0          Space objects     : 6
20240111.1614.38 info  HOST0          Clan owned items  : 0
20240111.1614.38 info  HOST0          Quests loaded     : 8
20240111.1614.38 info  HOST0          Services and utilities started
20240111.1614.38 info  HOST0          Host#0 initializated.
20240111.1614.38 info  MUD            Initialization complete.
20240111.1614.38 info  MUD@5555       Connection from 78.175.227.9
20240111.1614.40 error CombatAbilitie the woods does not want to fight.
20240111.1614.43 info  MudChat        Chat Data by Chris Busch & Jeremy Vyska
20240111.1614.43 info  MudChat        Chat Data by Chris Busch & Jeremy Vyska
20240111.1614.52 error Prop_Artifact  Unable to find artifact NPC: GenArmor-292055729@11045f1c0.8550620052801546 from Nyx in New Area#1 from 
20240111.1614.52 error Prop_Artifact  Unable to find artifact NPC: GenWeapon-1482921244@34a824420.9288669979118432 from Elizabeth in New Area#1 from 
20240111.1614.56 info  MudChat        Chat Data by Chris Busch & Jeremy Vyska
20240111.1615.14 info  Worker0#6      78.175.227.9 Mudlet 4.16.0 MXP MSDP GMCP CMP ANSI, account login: Moonbeam
20240111.1615.15 info  Scripting      Moonbeam was MPENABLED with Combat Precognition
20240111.1615.15 info  Scripting      Moonbeam was MPENABLED with Detect Ambush
20240111.1615.15 info  Scripting      Moonbeam was MPENABLED with Find Directions
20240111.1615.15 info  Scripting      Moonbeam was MPENABLED with Forecast Weather
20240111.1615.15 info  Scripting      Moonbeam was MPENABLED with Know Fate
20240111.1615.15 info  Scripting      Moonbeam was MPENABLED with Know Province
20240111.1615.15 info  Scripting      Moonbeam was MPAFFECTED by Chronos
20240111.1615.15 info  Scripting      Moonbeam was MPAFFECTED by Combat Precognition
20240111.1615.15 info  Scripting      Moonbeam was MPAFFECTED by Detect Ambush
20240111.1615.15 info  Scripting      Moonbeam was MPAFFECTED by Find Directions
20240111.1615.15 info  Scripting      Moonbeam was MPAFFECTED by Know Fate
20240111.1615.15 info  Scripting      Moonbeam was MPAFFECTED by Addictions
20240111.1615.15 info  Worker0#3      78.175.227.9 Mudlet 4.16.0 MXP MSDP GMCP CMP ANSI, character login: Moonbeam
20240111.1615.54 info  MUD@5555       Connection from 91.92.245.222
20240111.1617.00 info  Worker0#6      Disconnect: 91.92.245.222 (1m 6s)
20240111.1618.03 error CoffeeMaker    unpackItemsFromXML: null 'ITEMS' <ITEMS> in empty pieces list
20240111.1618.03 error CoffeeMaker    unpackItemsFromXML: null 'ITEMS' <ITEMS> in empty pieces list
20240111.1618.03 error CoffeeMaker    unpackItemsFromXML: null 'ITEMS' <ITEMS> in empty pieces list
20240111.1618.03 error CoffeeMaker    unpackItemsFromXML: null 'ITEMS' <ITEMS> in empty pieces list
20240111.1618.03 error CoffeeMaker    unpackItemsFromXML: null 'ITEMS' <ITEMS> in empty pieces list
20240111.1618.03 error CoffeeMaker    unpackItemsFromXML: null 'ITEMS' <ITEMS> in empty pieces list
20240111.1618.03 error CoffeeMaker    unpackItemsFromXML: null 'ITEMS' <ITEMS> in empty pieces list
20240111.1618.03 error CoffeeMaker    unpackItemsFromXML: null 'ITEMS' <ITEMS> in empty pieces list
20240111.1618.03 error CoffeeMaker    unpackItemsFromXML: null 'ITEMS' <ITEMS> in empty pieces list
20240111.1618.03 error CoffeeMaker    unpackItemsFromXML: null 'ITEMS' <ITEMS> in empty pieces list
20240111.1618.03 error CoffeeMaker    unpackItemsFromXML: null 'ITEMS' <ITEMS> in empty pieces list
20240111.1618.03 error CoffeeMaker    unpackItemsFromXML: null 'ITEMS' <ITEMS> in empty pieces list
20240111.1618.03 error CoffeeMaker    unpackItemsFromXML: null 'ITEMS' <ITEMS> in empty pieces list
20240111.1618.03 error CoffeeMaker    unpackItemsFromXML: null 'ITEMS' <ITEMS> in empty pieces list
20240111.1618.03 error CoffeeMaker    unpackItemsFromXML: null 'ITEMS' <ITEMS> in empty pieces list
20240111.1618.03 error CoffeeMaker    unpackItemsFromXML: null 'ITEMS' <ITEMS> in empty pieces list
20240111.1618.03 error CoffeeMaker    unpackItemsFromXML: null 'ITEMS' <ITEMS> in empty pieces list
20240111.1618.03 error CoffeeMaker    unpackItemsFromXML: null 'ITEMS' <ITEMS> in empty pieces list
20240111.1621.32 info  Items          Moonbeam created item GenSuperPill.
20240111.1622.12 info  MUD@5555       Connection from 78.175.227.9
20240111.1622.20 info  Worker0#2      78.175.227.9 BlowTorch CMP ANSI, account login: Moonbeam
20240111.1622.21 info  Worker0#6      Session swap for Moonbeam.
20240111.1622.21 info  Worker0#4      Disconnect: Moonbeam: 78.175.227.9 (7m)
20240111.1622.22 info  Worker0#6      78.175.227.9 BlowTorch CMP ANSI, character login: Moonbeam
20240111.1622.31 info  MUD@5555       Connection from 23.31.96.97
20240111.1623.38 info  Worker0#6      Disconnect: 23.31.96.97 (1m 6s)
20240111.1625.00 error Prop_Artifact  Unable to find artifact NPC: GenArmor-292055729@11045f1c0.8550620052801546 from Nyx in New Area#1 from 
20240111.1625.00 error Prop_Artifact  Unable to find artifact NPC: GenWeapon-1482921244@34a824420.9288669979118432 from Elizabeth in New Area#1 from 
20240111.1627.03 info  MUD@5555       Connection from 192.155.90.118
20240111.1627.04 info  Worker0#2      Disconnect: 192.155.90.118 (1s 881ms)
20240111.1627.18 info  MUD@5555       Connection from 45.33.87.154
20240111.1627.24 info  Worker0#5      Disconnect: 45.33.87.154 (5s)
20240111.1627.43 info  Worker0#3      Logout: Moonbeam (5m)
20240111.1627.44 info  Worker0#3      Moonbeam switched login to: Miriam
20240111.1630.49 info  MUD@5555       Connection from 78.175.227.9
20240111.1630.57 info  Worker0#6      78.175.227.9 Mudlet 4.16.0 MXP MSDP GMCP CMP ANSI, account login: Moonbeam
20240111.1631.02 info  Worker0#6      78.175.227.9 Mudlet 4.16.0 MXP MSDP GMCP CMP ANSI, character login: Moonbeam
20240111.1635.08 error Prop_Artifact  Unable to find artifact NPC: GenArmor-292055729@11045f1c0.8550620052801546 from Nyx in New Area#1 from 
20240111.1635.08 error Prop_Artifact  Unable to find artifact NPC: GenWeapon-1482921244@34a824420.9288669979118432 from Elizabeth in New Area#1 from 
20240111.1638.15 info  MUD@5555       Connection from 65.49.1.52
20240111.1638.20 info  Worker0#5      Disconnect: 65.49.1.52 (5s)
20240111.1640.38 error CMFile         Access error on file 'backups/playerdata.cmare'.
20240111.1640.38 error Import         File not found at: 'backups/playerdata.cmare'!
20240111.1640.48 info  Scripting      Moonbeam was MPENABLED with Combat Precognition
20240111.1640.48 info  Scripting      Moonbeam was MPENABLED with Detect Ambush
20240111.1640.48 info  Scripting      Moonbeam was MPENABLED with Find Directions
20240111.1640.48 info  Scripting      Moonbeam was MPENABLED with Forecast Weather
20240111.1640.48 info  Scripting      Moonbeam was MPENABLED with Know Fate
20240111.1640.48 info  Scripting      Moonbeam was MPENABLED with Know Province
20240111.1640.48 info  Scripting      Moonbeam was MPAFFECTED by Chronos
20240111.1640.48 info  Scripting      Moonbeam was MPAFFECTED by Combat Precognition
20240111.1640.48 info  Scripting      Moonbeam was MPAFFECTED by Detect Ambush
20240111.1640.48 info  Scripting      Moonbeam was MPAFFECTED by Find Directions
20240111.1640.48 info  Scripting      Moonbeam was MPAFFECTED by Know Fate
20240111.1640.48 info  Scripting      Moonbeam was MPAFFECTED by Addictions
20240111.1640.54 error Worker0#6      Bad Zappermask key '+HAVEN' @ +HAVEN
20240111.1640.59 error Worker0#6      Bad Zappermask key '+SONJA' @ +SONJA
20240111.1641.53 info  Import         Moonbeam imported backups/playerbackup.cmare
20240111.1642.50 info  Worker0#4      Logout: Miriam (20m)
20240111.1642.50 info  Worker0#4      Miriam has been deleted.
20240111.1642.50 info  Worker0#1      Disconnect: Moonbeam: 78.175.227.9 (20m)
20240111.1642.50 info  Import         Imported user: Miriam
20240111.1642.50 info  Import         Moonbeam imported backups/playerbackup.cmare
20240111.1642.55 info  Worker0#3      Logout: Moonbeam (11m)
20240111.1642.55 info  Worker0#3      Moonbeam switched login to: Miriam
20240111.1645.17 error Prop_Artifact  Unable to find artifact NPC: GenArmor-292055729@11045f1c0.8550620052801546 from Nyx in New Area#1 from 
20240111.1645.17 error Prop_Artifact  Unable to find artifact NPC: GenWeapon-1482921244@34a824420.9288669979118432 from Elizabeth in New Area#1 from 
20240111.1645.37 error ShutdownHook   

Thread Dump:
 ^HTGRP^?  ^Hsystem^?
  ok   Reference Handler   : Thread[Reference Handler,10,system]
   java.lang.ref.Reference: waitForReferencePendingList(Reference.java: -2)
   java.lang.ref.Reference: processPendingReferences(Reference.java: 241)
   java.lang.ref.Reference$ReferenceHandler: run(Reference.java: 213)
  ok   Finalizer           : Thread[Finalizer,8,system]
   java.lang.Object: wait(Object.java: -2)
   java.lang.ref.ReferenceQueue: remove(ReferenceQueue.java: 155)
   java.lang.ref.ReferenceQueue: remove(ReferenceQueue.java: 176)
   java.lang.ref.Finalizer$FinalizerThread: run(Finalizer.java: 170)
  ok   Signal Dispatcher   : Thread[Signal Dispatcher,9,system]
  ok   SIGTERM handler     : Thread[SIGTERM handler,9,system]
   java.lang.Object: wait(Object.java: -2)
   java.lang.Thread: join(Thread.java: 1308)
   java.lang.Thread: join(Thread.java: 1375)
   java.lang.ApplicationShutdownHooks: runHooks(ApplicationShutdownHooks.java: 107)
   java.lang.ApplicationShutdownHooks$1: run(ApplicationShutdownHooks.java: 46)
   java.lang.Shutdown: runHooks(Shutdown.java: 130)
   java.lang.Shutdown: exit(Shutdown.java: 174)
   java.lang.Terminator$1: handle(Terminator.java: 51)
   jdk.internal.misc.Signal$1: run(Signal.java: 220)
   java.lang.Thread: run(Thread.java: 835)
{
 ^HTGRP^?  ^Hmain^?
  ok   MUD                 : Thread[MUD,5,main]
   java.lang.Object: wait(Object.java: -2)
   java.lang.Thread: join(Thread.java: 1308)
   java.lang.Thread: join(Thread.java: 1375)
   com.planet_ink.coffee_mud.application.MUD: main(MUD.java: 2109)
  ok   ShutdownHook        : Thread[ShutdownHook,5,main]
   java.lang.Thread: getStackTrace(Thread.java: 1602)
   com.planet_ink.coffee_mud.core.threads.ServiceEngine: debugDumpThreadGroup(ServiceEngine.java: 1510)
   com.planet_ink.coffee_mud.core.threads.ServiceEngine: debugDumpThreadGroup(ServiceEngine.java: 1522)
   com.planet_ink.coffee_mud.core.threads.ServiceEngine: panicDumpAllThreads(ServiceEngine.java: 1833)
   com.planet_ink.coffee_mud.application.MUD$2: run(MUD.java: 2042)
{
 ^HTGRP^?  ^H0-MUD^?
  ok   HOST0               : Thread[HOST0,5,0-MUD]
   java.lang.Object: wait(Object.java: -2)
   java.lang.Thread: join(Thread.java: 1308)
   java.lang.Thread: join(Thread.java: 1375)
   com.planet_ink.coffee_mud.application.MUD$HostGroup: run(MUD.java: 1915)
  ok   Scheduler0          : Thread[Scheduler0,5,0-MUD]
   java.lang.Thread: sleep(Thread.java: -2)
   com.planet_ink.coffee_mud.core.threads.ServiceEngine: run(ServiceEngine.java: 1733)
   java.lang.Thread: run(Thread.java: 835)
  ok   MUD@5555            : MUD: WAITING
   java.net.PlainSocketImpl: socketAccept(PlainSocketImpl.java: -2)
   java.net.AbstractPlainSocketImpl: accept(AbstractPlainSocketImpl.java: 458)
   java.net.ServerSocket: implAccept(ServerSocket.java: 556)
   java.net.ServerSocket: accept(ServerSocket.java: 524)
   com.planet_ink.coffee_mud.application.MUD: run(MUD.java: 360)
  ok   Abandoned connection: Thread[Abandoned connection cleanup thread,5,0-MUD]
   java.lang.Object: wait(Object.java: -2)
   java.lang.ref.ReferenceQueue: remove(ReferenceQueue.java: 155)
   com.mysql.jdbc.AbandonedConnectionCleanupThread: run(AbandonedConnectionCleanupThread.java: 64)
   java.util.concurrent.ThreadPoolExecutor: runWorker(ThreadPoolExecutor.java: 1128)
   java.util.concurrent.ThreadPoolExecutor$Worker: run(ThreadPoolExecutor.java: 628)
   java.lang.Thread: run(Thread.java: 835)
  ok   Worker0#1           : Thread[Worker0#1,5,0-MUD]
   jdk.internal.misc.Unsafe: park(Unsafe.java: -2)
   java.util.concurrent.locks.LockSupport: parkNanos(LockSupport.java: 235)
   java.util.concurrent.locks.AbstractQueuedSynchronizer$ConditionObject: awaitNanos(AbstractQueuedSynchronizer.java: 2123)
   java.util.concurrent.ArrayBlockingQueue: poll(ArrayBlockingQueue.java: 432)
   java.util.concurrent.ThreadPoolExecutor: getTask(ThreadPoolExecutor.java: 1053)
   java.util.concurrent.ThreadPoolExecutor: runWorker(ThreadPoolExecutor.java: 1114)
   java.util.concurrent.ThreadPoolExecutor$Worker: run(ThreadPoolExecutor.java: 628)
   java.lang.Thread: run(Thread.java: 835)
  ok   cweb-pub0           : Thread[cweb-pub0,5,0-MUD]
   sun.nio.ch.EPoll: wait(EPoll.java: -2)
   sun.nio.ch.EPollSelectorImpl: doSelect(EPollSelectorImpl.java: 120)
   sun.nio.ch.SelectorImpl: lockAndDoSelect(SelectorImpl.java: 124)
   sun.nio.ch.SelectorImpl: select(SelectorImpl.java: 141)
   com.planet_ink.coffee_web.server.WebServer: run(WebServer.java: 398)
  ok   cweb-admin0         : Thread[cweb-admin0,5,0-MUD]
   sun.nio.ch.EPoll: wait(EPoll.java: -2)
   sun.nio.ch.EPollSelectorImpl: doSelect(EPollSelectorImpl.java: 120)
   sun.nio.ch.SelectorImpl: lockAndDoSelect(SelectorImpl.java: 124)
   sun.nio.ch.SelectorImpl: select(SelectorImpl.java: 141)
   com.planet_ink.coffee_web.server.WebServer: run(WebServer.java: 398)
  ok   cweb-admin0Timeout  : Thread[cweb-admin0Timeout,5,0-MUD]
   java.lang.Thread: sleep(Thread.java: -2)
   com.planet_ink.coffee_web.server.WebServer$1: run(WebServer.java: 210)
  ok   cweb-pub0Timeout    : Thread[cweb-pub0Timeout,5,0-MUD]
   java.lang.Thread: sleep(Thread.java: -2)
   com.planet_ink.coffee_web.server.WebServer$1: run(WebServer.java: 210)
  ok   CM1Server0@27733    : Thread[CM1Server0@27733,5,0-MUD]
   sun.nio.ch.EPoll: wait(EPoll.java: -2)
   sun.nio.ch.EPollSelectorImpl: doSelect(EPollSelectorImpl.java: 120)
   sun.nio.ch.SelectorImpl: lockAndDoSelect(SelectorImpl.java: 124)
   sun.nio.ch.SelectorImpl: select(SelectorImpl.java: 141)
   com.planet_ink.coffee_mud.core.intermud.cm1.CM1Server: run(CM1Server.java: 129)
  ok   I3Listener@27766    : Thread[I3Listener@27766,5,0-MUD]
   java.net.PlainSocketImpl: socketAccept(PlainSocketImpl.java: -2)
   java.net.AbstractPlainSocketImpl: accept(AbstractPlainSocketImpl.java: 458)
   java.net.ServerSocket: implAccept(ServerSocket.java: 556)
   java.net.ServerSocket: accept(ServerSocket.java: 524)
   com.planet_ink.coffee_mud.core.intermud.i3.net.ListenThread: run(ListenThread.java: 68)
  ok   I3Client:204.209.44.: Thread[I3Client:204.209.44.3@8080,5,0-MUD]
   java.net.SocketInputStream: socketRead0(SocketInputStream.java: -2)
   java.net.SocketInputStream: socketRead(SocketInputStream.java: 115)
   java.net.SocketInputStream: read(SocketInputStream.java: 168)
   java.net.SocketInputStream: read(SocketInputStream.java: 140)
   java.net.SocketInputStream: read(SocketInputStream.java: 200)
   java.io.DataInputStream: readInt(DataInputStream.java: 392)
   com.planet_ink.coffee_mud.core.intermud.i3.packets.Intermud: run(Intermud.java: 668)
   java.lang.Thread: run(Thread.java: 835)
  ok   Worker0#2           : Thread[Worker0#2,5,0-MUD]
   jdk.internal.misc.Unsafe: park(Unsafe.java: -2)
   java.util.concurrent.locks.LockSupport: parkNanos(LockSupport.java: 235)
   java.util.concurrent.locks.AbstractQueuedSynchronizer$ConditionObject: awaitNanos(AbstractQueuedSynchronizer.java: 2123)
   java.util.concurrent.ArrayBlockingQueue: poll(ArrayBlockingQueue.java: 432)
   java.util.concurrent.ThreadPoolExecutor: getTask(ThreadPoolExecutor.java: 1053)
   java.util.concurrent.ThreadPoolExecutor: runWorker(ThreadPoolExecutor.java: 1114)
   java.util.concurrent.ThreadPoolExecutor$Worker: run(ThreadPoolExecutor.java: 628)
   java.lang.Thread: run(Thread.java: 835)
  ok   Worker0#3           : Thread[Worker0#3,5,0-MUD]
   jdk.internal.misc.Unsafe: park(Unsafe.java: -2)
   java.util.concurrent.locks.LockSupport: parkNanos(LockSupport.java: 235)
   java.util.concurrent.locks.AbstractQueuedSynchronizer$ConditionObject: awaitNanos(AbstractQueuedSynchronizer.java: 2123)
   java.util.concurrent.ArrayBlockingQueue: poll(ArrayBlockingQueue.java: 432)
   java.util.concurrent.ThreadPoolExecutor: getTask(ThreadPoolExecutor.java: 1053)
   java.util.concurrent.ThreadPoolExecutor: runWorker(ThreadPoolExecutor.java: 1114)
   java.util.concurrent.ThreadPoolExecutor$Worker: run(ThreadPoolExecutor.java: 628)
   java.lang.Thread: run(Thread.java: 835)
  ok   Worker0#4           : Thread[Worker0#4,5,0-MUD]
   jdk.internal.misc.Unsafe: park(Unsafe.java: -2)
   java.util.concurrent.locks.LockSupport: parkNanos(LockSupport.java: 235)
   java.util.concurrent.locks.AbstractQueuedSynchronizer$ConditionObject: awaitNanos(AbstractQueuedSynchronizer.java: 2123)
   java.util.concurrent.ArrayBlockingQueue: poll(ArrayBlockingQueue.java: 432)
   java.util.concurrent.ThreadPoolExecutor: getTask(ThreadPoolExecutor.java: 1053)
   java.util.concurrent.ThreadPoolExecutor: runWorker(ThreadPoolExecutor.java: 1114)
   java.util.concurrent.ThreadPoolExecutor$Worker: run(ThreadPoolExecutor.java: 628)
   java.lang.Thread: run(Thread.java: 835)
  ok   Worker0#5           : Thread[Worker0#5,5,0-MUD]
   jdk.internal.misc.Unsafe: park(Unsafe.java: -2)
   java.util.concurrent.locks.LockSupport: parkNanos(LockSupport.java: 235)
   java.util.concurrent.locks.AbstractQueuedSynchronizer$ConditionObject: awaitNanos(AbstractQueuedSynchronizer.java: 2123)
   java.util.concurrent.ArrayBlockingQueue: poll(ArrayBlockingQueue.java: 432)
   java.util.concurrent.ThreadPoolExecutor: getTask(ThreadPoolExecutor.java: 1053)
   java.util.concurrent.ThreadPoolExecutor: runWorker(ThreadPoolExecutor.java: 1114)
   java.util.concurrent.ThreadPoolExecutor$Worker: run(ThreadPoolExecutor.java: 628)
   java.lang.Thread: run(Thread.java: 835)
  ok   Worker0#6           : Thread[Worker0#6,5,0-MUD]
   jdk.internal.misc.Unsafe: park(Unsafe.java: -2)
   java.util.concurrent.locks.LockSupport: parkNanos(LockSupport.java: 235)
   java.util.concurrent.locks.AbstractQueuedSynchronizer$ConditionObject: awaitNanos(AbstractQueuedSynchronizer.java: 2123)
   java.util.concurrent.ArrayBlockingQueue: poll(ArrayBlockingQueue.java: 432)
   java.util.concurrent.ThreadPoolExecutor: getTask(ThreadPoolExecutor.java: 1053)
   java.util.concurrent.ThreadPoolExecutor: runWorker(ThreadPoolExecutor.java: 1114)
   java.util.concurrent.ThreadPoolExecutor$Worker: run(ThreadPoolExecutor.java: 628)
   java.lang.Thread: run(Thread.java: 835)
  ok   cweb-admin0#1       : jdk.internal.misc.Unsafe: park(Unsafe.java: -2) | java.util.concurrent.locks.LockSupport: parkNanos(LockSupport.java: 235) | java.util.concurrent.locks.AbstractQueuedSynchronizer$ConditionObject: awaitNanos(AbstractQueuedSynchronizer.java: 2123) | java.util.concurrent.ArrayBlockingQueue: poll(ArrayBlockingQueue.java: 432) | java.util.concurrent.ThreadPoolExecutor: getTask(ThreadPoolExecutor.java: 1053) | java.util.concurrent.ThreadPoolExecutor: runWorker(ThreadPoolExecutor.java: 1114) | java.util.concurrent.ThreadPoolExecutor$Worker: run(ThreadPoolExecutor.java: 628) | java.lang.Thread: run(Thread.java: 835) | 
   jdk.internal.misc.Unsafe: park(Unsafe.java: -2)
   java.util.concurrent.locks.LockSupport: parkNanos(LockSupport.java: 235)
   java.util.concurrent.locks.AbstractQueuedSynchronizer$ConditionObject: awaitNanos(AbstractQueuedSynchronizer.java: 2123)
   java.util.concurrent.ArrayBlockingQueue: poll(ArrayBlockingQueue.java: 432)
   java.util.concurrent.ThreadPoolExecutor: getTask(ThreadPoolExecutor.java: 1053)
   java.util.concurrent.ThreadPoolExecutor: runWorker(ThreadPoolExecutor.java: 1114)
   java.util.concurrent.ThreadPoolExecutor$Worker: run(ThreadPoolExecutor.java: 628)
   java.lang.Thread: run(Thread.java: 835)
  ok   cweb-admin0#5       : jdk.internal.misc.Unsafe: park(Unsafe.java: -2) | java.util.concurrent.locks.LockSupport: parkNanos(LockSupport.java: 235) | java.util.concurrent.locks.AbstractQueuedSynchronizer$ConditionObject: awaitNanos(AbstractQueuedSynchronizer.java: 2123) | java.util.concurrent.ArrayBlockingQueue: poll(ArrayBlockingQueue.java: 432) | java.util.concurrent.ThreadPoolExecutor: getTask(ThreadPoolExecutor.java: 1053) | java.util.concurrent.ThreadPoolExecutor: runWorker(ThreadPoolExecutor.java: 1114) | java.util.concurrent.ThreadPoolExecutor$Worker: run(ThreadPoolExecutor.java: 628) | java.lang.Thread: run(Thread.java: 835) | 
   jdk.internal.misc.Unsafe: park(Unsafe.java: -2)
   java.util.concurrent.locks.LockSupport: parkNanos(LockSupport.java: 235)
   java.util.concurrent.locks.AbstractQueuedSynchronizer$ConditionObject: awaitNanos(AbstractQueuedSynchronizer.java: 2123)
   java.util.concurrent.ArrayBlockingQueue: poll(ArrayBlockingQueue.java: 432)
   java.util.concurrent.ThreadPoolExecutor: getTask(ThreadPoolExecutor.java: 1053)
   java.util.concurrent.ThreadPoolExecutor: runWorker(ThreadPoolExecutor.java: 1114)
   java.util.concurrent.ThreadPoolExecutor$Worker: run(ThreadPoolExecutor.java: 628)
   java.lang.Thread: run(Thread.java: 835)
}
 ^HTGRP^?  ^HInnocuousThreadGroup^?
  ok   Common-Cleaner      : Thread[Common-Cleaner,8,InnocuousThreadGroup]
   java.lang.Object: wait(Object.java: -2)
   java.lang.ref.ReferenceQueue: remove(ReferenceQueue.java: 155)
   jdk.internal.ref.CleanerImpl: run(CleanerImpl.java: 148)
   java.lang.Thread: run(Thread.java: 835)
   jdk.internal.misc.InnocuousThread: run(InnocuousThread.java: 134)
}

20240111.1645.37 info  ShutdownHook   New Connections are now closed
Exception in thread "ShutdownHook" java.lang.NullPointerException
	at com.planet_ink.coffee_mud.core.CMClass.abilities(CMClass.java:816)
	at com.planet_ink.coffee_mud.Races.StdRace.racialEffectsList(StdRace.java:1189)
	at com.planet_ink.coffee_mud.Races.StdRace.numRacialEffects(StdRace.java:1118)
	at com.planet_ink.coffee_mud.MOBS.StdMOB.numAllEffects(StdMOB.java:5153)
	at com.planet_ink.coffee_mud.application.MUD.globalShutdown(MUD.java:499)
	at com.planet_ink.coffee_mud.application.MUD$2.run(MUD.java:2043)
