20240114.2056.50 info  MUD            CoffeeMud v5.10.3
20240114.2056.50 info  MUD            (C) 2000-2024 Bo Zimmerman
20240114.2056.50 info  MUD            http://www.coffeemud.org
20240114.2056.50 error CMSecurity     Unknown or duplicate disable flag: AUTOFORWARD
20240114.2056.50 info  HOST0          Disabled subsystems: DBERRORQUESTART, QUITREASON, SLOW_AGEING, DEATHCRY, AUTOMOODS, AUTOFORWARD,FATIGUE, ALLERGIES, NEWPLAYERS
20240114.2056.50 info  MUD@5555       MUD Server started on port: 5555
20240114.2056.51 info  HOST0          Connected to jdbc:mysql://localhost:3306/coffeemud2
20240114.2056.51 debug HOST0          SSL not configured.
20240114.2056.51 debug HOST0          SSL not configured.
20240114.2056.51 info  cweb-pub0      Started http pub0 on port 27744
20240114.2056.51 info  cweb-admin0    Started http admin0 on port 27777
20240114.2056.51 debug cweb-pub0Timeo Timeout Thread started
20240114.2056.51 debug cweb-admin0Tim Timeout Thread started
20240114.2056.52 info  HOST0          WebMacros loaded  : 200
20240114.2056.53 info  HOST0          MOB Types loaded  : 149
20240114.2056.53 info  HOST0          Exit Types loaded : 31
20240114.2056.53 info  HOST0          Area Types loaded : 14
20240114.2056.53 info  HOST0          Locales loaded    : 127
20240114.2056.54 info  HOST0          Fighter Skills    : 203
20240114.2056.54 info  HOST0          Chants loaded     : 318
20240114.2056.54 info  HOST0          Languages loaded  : 59
20240114.2056.55 info  HOST0          Properties loaded : 313
20240114.2056.55 info  HOST0          Prayers loaded    : 362
20240114.2056.55 info  HOST0          Thief Skills      : 180
20240114.2056.56 info  HOST0          Skills loaded     : 355
20240114.2056.56 info  HOST0          Songs loaded      : 156
20240114.2056.56 info  HOST0          Spells loaded     : 420
20240114.2056.56 info  HOST0          Heroics loaded    : 6
20240114.2056.56 info  HOST0          Tech Skills loaded: 2
20240114.2056.57 info  HOST0          Traps loaded      : 82
20240114.2056.57 info  HOST0          GenAbles loaded   : 109
20240114.2056.57 info  HOST0          Basic Items loaded: 140
20240114.2056.57 info  HOST0          Weapons loaded    : 62
20240114.2056.57 info  HOST0          Armor loaded      : 51
20240114.2056.57 info  HOST0          Magic Items loaded: 47
20240114.2056.57 info  HOST0          Clan Items loaded : 29
20240114.2056.58 info  HOST0          Electronics loaded: 100
20240114.2056.58 info  HOST0          Behaviors loaded  : 97
20240114.2056.59 info  HOST0          Commands loaded   : 301
20240114.2056.59 info  HOST0          Races loaded      : 317
20240114.2057.00 info  HOST0          Classes loaded    : 99
20240114.2057.01 error ColumbiaUniv   Error: Invalid line! Not comment, whitespace, and does not contain an = sign!
20240114.2057.05 error ColumbiaUniv   Error: Expertise row malformed (Requires 11 entries/10 commas): =======
20240114.2057.05 error ColumbiaUniv   Error: Invalid line! Not comment, whitespace, and does not contain an = sign!
20240114.2057.05 info  HOST0          Expertises defined: 1820
20240114.2057.05 info  HOST0          Channels loaded   : 29
20240114.2057.05 info  HOST0          Socials loaded    : 342
20240114.2057.06 info  HOST0          Clans loaded      : 13
20240114.2057.06 info  CM1Server0@277 Started CM1Server0@27733 on port 27733
20240114.2057.06 info  I3Server       InterMud3 Core (c)1996 George Reese
20240114.2057.06 info  Intermud3      I3 client connection: 204.209.44.3@8080
20240114.2057.06 info  I3Server       InterMud3 Server started on port 27766
20240114.2057.07 info  HOST0          Loading catalog...
20240114.2057.07 info  HOST0          Loading map...
20240114.2057.14 error CoffeeMaker    unpackItemsFromXML: null 'ITEMS' <ITEMS> in empty pieces list
20240114.2057.14 error CoffeeMaker    unpackItemsFromXML: null 'ITEMS' <ITEMS> in empty pieces list
20240114.2057.14 error CoffeeMaker    unpackItemsFromXML: null 'ITEMS' <ITEMS> in empty pieces list
20240114.2057.14 error CoffeeMaker    unpackItemsFromXML: null 'ITEMS' <ITEMS> in empty pieces list
20240114.2057.14 error CoffeeMaker    unpackItemsFromXML: null 'ITEMS' <ITEMS> in empty pieces list
20240114.2057.14 error CoffeeMaker    unpackItemsFromXML: null 'ITEMS' <ITEMS> in empty pieces list
20240114.2057.14 error CoffeeMaker    unpackItemsFromXML: null 'ITEMS' <ITEMS> in empty pieces list
20240114.2057.14 error CoffeeMaker    unpackItemsFromXML: null 'ITEMS' <ITEMS> in empty pieces list
20240114.2057.14 error CoffeeMaker    unpackItemsFromXML: null 'ITEMS' <ITEMS> in empty pieces list
20240114.2057.14 error CoffeeMaker    unpackItemsFromXML: null 'ITEMS' <ITEMS> in empty pieces list
20240114.2057.14 error CoffeeMaker    unpackItemsFromXML: null 'ITEMS' <ITEMS> in empty pieces list
20240114.2057.14 error CoffeeMaker    unpackItemsFromXML: null 'ITEMS' <ITEMS> in empty pieces list
20240114.2057.14 error CoffeeMaker    unpackItemsFromXML: null 'ITEMS' <ITEMS> in empty pieces list
20240114.2057.14 error CoffeeMaker    unpackItemsFromXML: null 'ITEMS' <ITEMS> in empty pieces list
20240114.2057.14 error CoffeeMaker    unpackItemsFromXML: null 'ITEMS' <ITEMS> in empty pieces list
20240114.2057.14 error CoffeeMaker    unpackItemsFromXML: null 'ITEMS' <ITEMS> in empty pieces list
20240114.2057.14 error CoffeeMaker    unpackItemsFromXML: null 'ITEMS' <ITEMS> in empty pieces list
20240114.2057.14 error CoffeeMaker    unpackItemsFromXML: null 'ITEMS' <ITEMS> in empty pieces list
20240114.2057.14 error CoffeeMaker    unpackItemsFromXML: null 'ITEMS' <ITEMS> in empty pieces list
20240114.2057.14 error CoffeeMaker    unpackItemsFromXML: null 'ITEMS' <ITEMS> in empty pieces list
20240114.2057.16 error CoffeeMaker    unpackItemsFromXML: null 'ITEMS' <ITEMS> in empty pieces list
20240114.2057.16 error CoffeeMaker    unpackItemsFromXML: null 'ITEMS' <ITEMS> in empty pieces list
20240114.2057.16 error CoffeeMaker    unpackItemsFromXML: null 'ITEMS' <ITEMS> in empty pieces list
20240114.2057.16 error CoffeeMaker    unpackItemsFromXML: null 'ITEMS' <ITEMS> in empty pieces list
20240114.2057.16 error CoffeeMaker    unpackItemsFromXML: null 'ITEMS' <ITEMS> in empty pieces list
20240114.2057.16 error CoffeeMaker    unpackItemsFromXML: null 'ITEMS' <ITEMS> in empty pieces list
20240114.2057.16 error CoffeeMaker    unpackItemsFromXML: null 'ITEMS' <ITEMS> in empty pieces list
20240114.2057.16 error CoffeeMaker    unpackItemsFromXML: null 'ITEMS' <ITEMS> in empty pieces list
20240114.2057.16 error CoffeeMaker    unpackItemsFromXML: null 'ITEMS' <ITEMS> in empty pieces list
20240114.2057.16 error CoffeeMaker    unpackItemsFromXML: null 'ITEMS' <ITEMS> in empty pieces list
20240114.2057.16 error CoffeeMaker    unpackItemsFromXML: null 'ITEMS' <ITEMS> in empty pieces list
20240114.2057.16 error CoffeeMaker    unpackItemsFromXML: null 'ITEMS' <ITEMS> in empty pieces list
20240114.2057.16 error CoffeeMaker    unpackItemsFromXML: null 'ITEMS' <ITEMS> in empty pieces list
20240114.2057.16 error CoffeeMaker    unpackItemsFromXML: null 'ITEMS' <ITEMS> in empty pieces list
20240114.2057.16 error CoffeeMaker    unpackItemsFromXML: null 'ITEMS' <ITEMS> in empty pieces list
20240114.2057.16 error CoffeeMaker    unpackItemsFromXML: null 'ITEMS' <ITEMS> in empty pieces list
20240114.2057.16 error CoffeeMaker    unpackItemsFromXML: null 'ITEMS' <ITEMS> in empty pieces list
20240114.2057.16 error CoffeeMaker    unpackItemsFromXML: null 'ITEMS' <ITEMS> in empty pieces list
20240114.2057.16 error CoffeeMaker    unpackItemsFromXML: null 'ITEMS' <ITEMS> in empty pieces list
20240114.2057.16 error CoffeeMaker    unpackItemsFromXML: null 'ITEMS' <ITEMS> in empty pieces list
20240114.2057.16 error CoffeeMaker    unpackItemsFromXML: null 'ITEMS' <ITEMS> in empty pieces list
20240114.2057.16 error CoffeeMaker    unpackItemsFromXML: null 'ITEMS' <ITEMS> in empty pieces list
20240114.2057.16 error CoffeeMaker    unpackItemsFromXML: null 'ITEMS' <ITEMS> in empty pieces list
20240114.2057.16 error CoffeeMaker    unpackItemsFromXML: null 'ITEMS' <ITEMS> in empty pieces list
20240114.2057.16 error CoffeeMaker    unpackItemsFromXML: null 'ITEMS' <ITEMS> in empty pieces list
20240114.2057.16 error CoffeeMaker    unpackItemsFromXML: null 'ITEMS' <ITEMS> in empty pieces list
20240114.2057.16 error CoffeeMaker    unpackItemsFromXML: null 'ITEMS' <ITEMS> in empty pieces list
20240114.2057.16 error CoffeeMaker    unpackItemsFromXML: null 'ITEMS' <ITEMS> in empty pieces list
20240114.2057.16 error CoffeeMaker    unpackItemsFromXML: null 'ITEMS' <ITEMS> in empty pieces list
20240114.2057.16 error CoffeeMaker    unpackItemsFromXML: null 'ITEMS' <ITEMS> in empty pieces list
20240114.2057.16 error CoffeeMaker    unpackItemsFromXML: null 'ITEMS' <ITEMS> in empty pieces list
20240114.2057.16 error CoffeeMaker    unpackItemsFromXML: null 'ITEMS' <ITEMS> in empty pieces list
20240114.2057.16 error CoffeeMaker    unpackItemsFromXML: null 'ITEMS' <ITEMS> in empty pieces list
20240114.2057.16 error CoffeeMaker    unpackItemsFromXML: null 'ITEMS' <ITEMS> in empty pieces list
20240114.2057.16 error CoffeeMaker    unpackItemsFromXML: null 'ITEMS' <ITEMS> in empty pieces list
20240114.2057.16 error CoffeeMaker    unpackItemsFromXML: null 'ITEMS' <ITEMS> in empty pieces list
20240114.2057.16 error CoffeeMaker    unpackItemsFromXML: null 'ITEMS' <ITEMS> in empty pieces list
20240114.2057.16 error CoffeeMaker    unpackItemsFromXML: null 'ITEMS' <ITEMS> in empty pieces list
20240114.2057.16 error CoffeeMaker    unpackItemsFromXML: null 'ITEMS' <ITEMS> in empty pieces list
20240114.2057.16 error CoffeeMaker    unpackItemsFromXML: null 'ITEMS' <ITEMS> in empty pieces list
20240114.2057.16 error CoffeeMaker    unpackItemsFromXML: null 'ITEMS' <ITEMS> in empty pieces list
20240114.2057.16 error CoffeeMaker    unpackItemsFromXML: null 'ITEMS' <ITEMS> in empty pieces list
20240114.2057.16 error CoffeeMaker    unpackItemsFromXML: null 'ITEMS' <ITEMS> in empty pieces list
20240114.2057.16 error CoffeeMaker    unpackItemsFromXML: null 'ITEMS' <ITEMS> in empty pieces list
20240114.2057.16 error CoffeeMaker    unpackItemsFromXML: null 'ITEMS' <ITEMS> in empty pieces list
20240114.2057.16 error CoffeeMaker    unpackItemsFromXML: null 'ITEMS' <ITEMS> in empty pieces list
20240114.2057.16 error CoffeeMaker    unpackItemsFromXML: null 'ITEMS' <ITEMS> in empty pieces list
20240114.2057.16 error CoffeeMaker    unpackItemsFromXML: null 'ITEMS' <ITEMS> in empty pieces list
20240114.2057.16 error CoffeeMaker    unpackItemsFromXML: null 'ITEMS' <ITEMS> in empty pieces list
20240114.2057.16 error CoffeeMaker    unpackItemsFromXML: null 'ITEMS' <ITEMS> in empty pieces list
20240114.2057.16 error CoffeeMaker    unpackItemsFromXML: null 'ITEMS' <ITEMS> in empty pieces list
20240114.2057.16 error CoffeeMaker    unpackItemsFromXML: null 'ITEMS' <ITEMS> in empty pieces list
20240114.2057.16 error CoffeeMaker    unpackItemsFromXML: null 'ITEMS' <ITEMS> in empty pieces list
20240114.2057.16 error CoffeeMaker    unpackItemsFromXML: null 'ITEMS' <ITEMS> in empty pieces list
20240114.2057.16 error CoffeeMaker    unpackItemsFromXML: null 'ITEMS' <ITEMS> in empty pieces list
20240114.2057.16 error CoffeeMaker    unpackItemsFromXML: null 'ITEMS' <ITEMS> in empty pieces list
20240114.2057.16 error CoffeeMaker    unpackItemsFromXML: null 'ITEMS' <ITEMS> in empty pieces list
20240114.2057.16 error CoffeeMaker    unpackItemsFromXML: null 'ITEMS' <ITEMS> in empty pieces list
20240114.2057.16 error CoffeeMaker    unpackItemsFromXML: null 'ITEMS' <ITEMS> in empty pieces list
20240114.2057.16 error CoffeeMaker    unpackItemsFromXML: null 'ITEMS' <ITEMS> in empty pieces list
20240114.2057.16 error CoffeeMaker    unpackItemsFromXML: null 'ITEMS' <ITEMS> in empty pieces list
20240114.2057.16 error CoffeeMaker    unpackItemsFromXML: null 'ITEMS' <ITEMS> in empty pieces list
20240114.2057.16 error CoffeeMaker    unpackItemsFromXML: null 'ITEMS' <ITEMS> in empty pieces list
20240114.2057.16 error CoffeeMaker    unpackItemsFromXML: null 'ITEMS' <ITEMS> in empty pieces list
20240114.2057.16 error CoffeeMaker    unpackItemsFromXML: null 'ITEMS' <ITEMS> in empty pieces list
20240114.2057.16 error CoffeeMaker    unpackItemsFromXML: null 'ITEMS' <ITEMS> in empty pieces list
20240114.2057.16 error CoffeeMaker    unpackItemsFromXML: null 'ITEMS' <ITEMS> in empty pieces list
20240114.2057.16 error CoffeeMaker    unpackItemsFromXML: null 'ITEMS' <ITEMS> in empty pieces list
20240114.2057.16 error CoffeeMaker    unpackItemsFromXML: null 'ITEMS' <ITEMS> in empty pieces list
20240114.2057.16 error CoffeeMaker    unpackItemsFromXML: null 'ITEMS' <ITEMS> in empty pieces list
20240114.2057.16 error CoffeeMaker    unpackItemsFromXML: null 'ITEMS' <ITEMS> in empty pieces list
20240114.2057.16 error CoffeeMaker    unpackItemsFromXML: null 'ITEMS' <ITEMS> in empty pieces list
20240114.2057.16 error CoffeeMaker    unpackItemsFromXML: null 'ITEMS' <ITEMS> in empty pieces list
20240114.2057.16 error CoffeeMaker    unpackItemsFromXML: null 'ITEMS' <ITEMS> in empty pieces list
20240114.2057.16 error CoffeeMaker    unpackItemsFromXML: null 'ITEMS' <ITEMS> in empty pieces list
20240114.2057.16 error CoffeeMaker    unpackItemsFromXML: null 'ITEMS' <ITEMS> in empty pieces list
20240114.2057.16 error CoffeeMaker    unpackItemsFromXML: null 'ITEMS' <ITEMS> in empty pieces list
20240114.2057.16 error ClanHelper     Unknown clan activated." for ^#111N^#222T^#333C^r-^#1110^#2220^#3330^r1 ^#550P^#540r^#550e^#540m^#550i^#540u^#550m ^#222D^#333r^ro^#222i^#111d^N in 
20240114.2057.16 error CoffeeMaker    unpackItemsFromXML: null 'ITEMS' <ITEMS> in empty pieces list
20240114.2057.16 error CoffeeMaker    unpackItemsFromXML: null 'ITEMS' <ITEMS> in empty pieces list
20240114.2057.16 error CoffeeMaker    unpackItemsFromXML: null 'ITEMS' <ITEMS> in empty pieces list
20240114.2057.16 error CoffeeMaker    unpackItemsFromXML: null 'ITEMS' <ITEMS> in empty pieces list
20240114.2057.16 error CoffeeMaker    unpackItemsFromXML: null 'ITEMS' <ITEMS> in empty pieces list
20240114.2057.16 error CoffeeMaker    unpackItemsFromXML: null 'ITEMS' <ITEMS> in empty pieces list
20240114.2057.16 error CoffeeMaker    unpackItemsFromXML: null 'ITEMS' <ITEMS> in empty pieces list
20240114.2057.16 error CoffeeMaker    unpackItemsFromXML: null 'ITEMS' <ITEMS> in empty pieces list
20240114.2057.16 error CoffeeMaker    unpackItemsFromXML: null 'ITEMS' <ITEMS> in empty pieces list
20240114.2057.16 error CoffeeMaker    unpackItemsFromXML: null 'ITEMS' <ITEMS> in empty pieces list
20240114.2057.16 error CoffeeMaker    unpackItemsFromXML: null 'ITEMS' <ITEMS> in empty pieces list
20240114.2057.16 error CoffeeMaker    unpackItemsFromXML: null 'ITEMS' <ITEMS> in empty pieces list
20240114.2057.16 error CoffeeMaker    unpackItemsFromXML: null 'ITEMS' <ITEMS> in empty pieces list
20240114.2057.16 error CoffeeMaker    unpackItemsFromXML: null 'ITEMS' <ITEMS> in empty pieces list
20240114.2057.16 error CoffeeMaker    unpackItemsFromXML: null 'ITEMS' <ITEMS> in empty pieces list
20240114.2057.16 error CoffeeMaker    unpackItemsFromXML: null 'ITEMS' <ITEMS> in empty pieces list
20240114.2057.17 error CoffeeMaker    unpackItemsFromXML: null 'ITEMS' <ITEMS> in empty pieces list
20240114.2057.17 error CoffeeMaker    unpackItemsFromXML: null 'ITEMS' <ITEMS> in empty pieces list
20240114.2057.17 error CoffeeMaker    unpackItemsFromXML: null 'ITEMS' <ITEMS> in empty pieces list
20240114.2057.17 error CoffeeMaker    unpackItemsFromXML: null 'ITEMS' <ITEMS> in empty pieces list
20240114.2057.17 error CoffeeMaker    unpackItemsFromXML: null 'ITEMS' <ITEMS> in empty pieces list
20240114.2057.17 error CoffeeMaker    unpackItemsFromXML: null 'ITEMS' <ITEMS> in empty pieces list
20240114.2057.17 error CoffeeMaker    unpackItemsFromXML: null 'ITEMS' <ITEMS> in empty pieces list
20240114.2057.17 error CoffeeMaker    unpackItemsFromXML: null 'ITEMS' <ITEMS> in empty pieces list
20240114.2057.17 error CoffeeMaker    unpackItemsFromXML: null 'ITEMS' <ITEMS> in empty pieces list
20240114.2057.17 error CoffeeMaker    unpackItemsFromXML: null 'ITEMS' <ITEMS> in empty pieces list
20240114.2057.17 error CoffeeMaker    unpackItemsFromXML: null 'ITEMS' <ITEMS> in empty pieces list
20240114.2057.17 error CoffeeMaker    unpackItemsFromXML: null 'ITEMS' <ITEMS> in empty pieces list
20240114.2057.17 error CoffeeMaker    unpackItemsFromXML: null 'ITEMS' <ITEMS> in empty pieces list
20240114.2057.17 error CoffeeMaker    unpackItemsFromXML: null 'ITEMS' <ITEMS> in empty pieces list
20240114.2057.17 error CoffeeMaker    unpackItemsFromXML: null 'ITEMS' <ITEMS> in empty pieces list
20240114.2057.17 error CoffeeMaker    unpackItemsFromXML: null 'ITEMS' <ITEMS> in empty pieces list
20240114.2057.17 error CoffeeMaker    unpackItemsFromXML: null 'ITEMS' <ITEMS> in empty pieces list
20240114.2057.17 error CoffeeMaker    unpackItemsFromXML: null 'ITEMS' <ITEMS> in empty pieces list
20240114.2057.17 error CoffeeMaker    unpackItemsFromXML: null 'ITEMS' <ITEMS> in empty pieces list
20240114.2057.17 error CoffeeMaker    unpackItemsFromXML: null 'ITEMS' <ITEMS> in empty pieces list
20240114.2057.17 error CoffeeMaker    unpackItemsFromXML: null 'ITEMS' <ITEMS> in empty pieces list
20240114.2057.17 error CoffeeMaker    unpackItemsFromXML: null 'ITEMS' <ITEMS> in empty pieces list
20240114.2057.17 error CoffeeMaker    unpackItemsFromXML: null 'ITEMS' <ITEMS> in empty pieces list
20240114.2057.17 error CoffeeMaker    unpackItemsFromXML: null 'ITEMS' <ITEMS> in empty pieces list
20240114.2057.17 error CoffeeMaker    unpackItemsFromXML: null 'ITEMS' <ITEMS> in empty pieces list
20240114.2057.17 error CoffeeMaker    unpackItemsFromXML: null 'ITEMS' <ITEMS> in empty pieces list
20240114.2057.17 error CoffeeMaker    unpackItemsFromXML: null 'ITEMS' <ITEMS> in empty pieces list
20240114.2057.17 error CoffeeMaker    unpackItemsFromXML: null 'ITEMS' <ITEMS> in empty pieces list
20240114.2057.17 error CoffeeMaker    unpackItemsFromXML: null 'ITEMS' <ITEMS> in empty pieces list
20240114.2057.17 error CoffeeMaker    unpackItemsFromXML: null 'ITEMS' <ITEMS> in empty pieces list
20240114.2057.17 error CoffeeMaker    unpackItemsFromXML: null 'ITEMS' <ITEMS> in empty pieces list
20240114.2057.17 error CoffeeMaker    unpackItemsFromXML: null 'ITEMS' <ITEMS> in empty pieces list
20240114.2057.17 error CoffeeMaker    unpackItemsFromXML: null 'ITEMS' <ITEMS> in empty pieces list
20240114.2057.17 error CoffeeMaker    unpackItemsFromXML: null 'ITEMS' <ITEMS> in empty pieces list
20240114.2057.17 error CoffeeMaker    unpackItemsFromXML: null 'ITEMS' <ITEMS> in empty pieces list
20240114.2057.17 error CoffeeMaker    unpackItemsFromXML: null 'ITEMS' <ITEMS> in empty pieces list
20240114.2057.17 error CoffeeMaker    unpackItemsFromXML: null 'ITEMS' <ITEMS> in empty pieces list
20240114.2057.17 error CoffeeMaker    unpackItemsFromXML: null 'ITEMS' <ITEMS> in empty pieces list
20240114.2057.17 error CoffeeMaker    unpackItemsFromXML: null 'ITEMS' <ITEMS> in empty pieces list
20240114.2057.17 error CoffeeMaker    unpackItemsFromXML: null 'ITEMS' <ITEMS> in empty pieces list
20240114.2057.18 error CoffeeMaker    unpackItemsFromXML: null 'ITEMS' <ITEMS> in empty pieces list
20240114.2057.18 error CoffeeMaker    unpackItemsFromXML: null 'ITEMS' <ITEMS> in empty pieces list
20240114.2057.18 error CoffeeMaker    unpackItemsFromXML: null 'ITEMS' <ITEMS> in empty pieces list
20240114.2057.18 error CoffeeMaker    unpackItemsFromXML: null 'ITEMS' <ITEMS> in empty pieces list
20240114.2057.18 error CoffeeMaker    unpackItemsFromXML: null 'ITEMS' <ITEMS> in empty pieces list
20240114.2057.18 error CoffeeMaker    unpackItemsFromXML: null 'ITEMS' <ITEMS> in empty pieces list
20240114.2057.18 error CoffeeMaker    unpackItemsFromXML: null 'ITEMS' <ITEMS> in empty pieces list
20240114.2057.18 error CoffeeMaker    unpackItemsFromXML: null 'ITEMS' <ITEMS> in empty pieces list
20240114.2057.19 error ClanHelper     Unknown clan activated." for ^#111N^#222T^#333C^r-^#1110^#2220^#3330^r1 ^#550P^#540r^#550e^#540m^#550i^#540u^#550m ^#222D^#333r^ro^#222i^#111d^N in 
20240114.2057.19 error CoffeeMaker    unpackItemsFromXML: null 'ITEMS' <ITEMS> in empty pieces list
20240114.2057.19 error CoffeeMaker    unpackItemsFromXML: null 'ITEMS' <ITEMS> in empty pieces list
20240114.2057.19 error CoffeeMaker    unpackItemsFromXML: null 'ITEMS' <ITEMS> in empty pieces list
20240114.2057.19 error CoffeeMaker    unpackItemsFromXML: null 'ITEMS' <ITEMS> in empty pieces list
20240114.2057.19 error CoffeeMaker    unpackItemsFromXML: null 'ITEMS' <ITEMS> in empty pieces list
20240114.2057.19 error CoffeeMaker    unpackItemsFromXML: null 'ITEMS' <ITEMS> in empty pieces list
20240114.2057.19 error ClanHelper     Unknown clan activated." for ^#111N^#222T^#333C^r-^#1110^#2220^#3330^r1 ^#550P^#540r^#550e^#540m^#550i^#540u^#550m ^#222D^#333r^ro^#222i^#111d^N in 
20240114.2057.19 error CoffeeMaker    unpackItemsFromXML: null 'ITEMS' <ITEMS> in empty pieces list
20240114.2057.19 error CoffeeMaker    unpackItemsFromXML: null 'ITEMS' <ITEMS> in empty pieces list
20240114.2057.19 error CoffeeMaker    unpackItemsFromXML: null 'ITEMS' <ITEMS> in empty pieces list
20240114.2057.19 error CoffeeMaker    unpackItemsFromXML: null 'ITEMS' <ITEMS> in empty pieces list
20240114.2057.19 error CoffeeMaker    unpackItemsFromXML: null 'ITEMS' <ITEMS> in empty pieces list
20240114.2057.19 error CoffeeMaker    unpackItemsFromXML: null 'ITEMS' <ITEMS> in empty pieces list
20240114.2057.19 error CoffeeMaker    unpackItemsFromXML: null 'ITEMS' <ITEMS> in empty pieces list
20240114.2057.19 error CoffeeMaker    unpackItemsFromXML: null 'ITEMS' <ITEMS> in empty pieces list
20240114.2057.19 error CoffeeMaker    unpackItemsFromXML: null 'ITEMS' <ITEMS> in empty pieces list
20240114.2057.19 error CoffeeMaker    unpackItemsFromXML: null 'ITEMS' <ITEMS> in empty pieces list
20240114.2057.19 error CoffeeMaker    unpackItemsFromXML: null 'ITEMS' <ITEMS> in empty pieces list
20240114.2057.19 error CoffeeMaker    unpackItemsFromXML: null 'ITEMS' <ITEMS> in empty pieces list
20240114.2057.19 error CoffeeMaker    unpackItemsFromXML: null 'ITEMS' <ITEMS> in empty pieces list
20240114.2057.19 error CoffeeMaker    unpackItemsFromXML: null 'ITEMS' <ITEMS> in empty pieces list
20240114.2057.19 error CoffeeMaker    unpackItemsFromXML: null 'ITEMS' <ITEMS> in empty pieces list
20240114.2057.19 error CoffeeMaker    unpackItemsFromXML: null 'ITEMS' <ITEMS> in empty pieces list
20240114.2057.19 error CoffeeMaker    unpackItemsFromXML: null 'ITEMS' <ITEMS> in empty pieces list
20240114.2057.19 error CoffeeMaker    unpackItemsFromXML: null 'ITEMS' <ITEMS> in empty pieces list
20240114.2057.19 error CoffeeMaker    unpackItemsFromXML: null 'ITEMS' <ITEMS> in empty pieces list
20240114.2057.19 error CoffeeMaker    unpackItemsFromXML: null 'ITEMS' <ITEMS> in empty pieces list
20240114.2057.19 error CoffeeMaker    unpackItemsFromXML: null 'ITEMS' <ITEMS> in empty pieces list
20240114.2057.19 error CoffeeMaker    unpackItemsFromXML: null 'ITEMS' <ITEMS> in empty pieces list
20240114.2057.19 error CoffeeMaker    unpackItemsFromXML: null 'ITEMS' <ITEMS> in empty pieces list
20240114.2057.19 error CoffeeMaker    unpackItemsFromXML: null 'ITEMS' <ITEMS> in empty pieces list
20240114.2057.19 error CoffeeMaker    unpackItemsFromXML: null 'ITEMS' <ITEMS> in empty pieces list
20240114.2057.19 error CoffeeMaker    unpackItemsFromXML: null 'ITEMS' <ITEMS> in empty pieces list
20240114.2057.21 error CoffeeMaker    unpackItemsFromXML: null 'ITEMS' <ITEMS> in empty pieces list
20240114.2057.21 error CoffeeMaker    unpackItemsFromXML: null 'ITEMS' <ITEMS> in empty pieces list
20240114.2057.21 error CoffeeMaker    unpackItemsFromXML: null 'ITEMS' <ITEMS> in empty pieces list
20240114.2057.21 error CoffeeMaker    unpackItemsFromXML: null 'ITEMS' <ITEMS> in empty pieces list
20240114.2057.21 error CoffeeMaker    unpackItemsFromXML: null 'ITEMS' <ITEMS> in empty pieces list
20240114.2057.21 error CoffeeMaker    unpackItemsFromXML: null 'ITEMS' <ITEMS> in empty pieces list
20240114.2057.21 error CoffeeMaker    unpackItemsFromXML: null 'ITEMS' <ITEMS> in empty pieces list
20240114.2057.21 error CoffeeMaker    unpackItemsFromXML: null 'ITEMS' <ITEMS> in empty pieces list
20240114.2057.21 error CoffeeMaker    unpackItemsFromXML: null 'ITEMS' <ITEMS> in empty pieces list
20240114.2057.21 error CoffeeMaker    unpackItemsFromXML: null 'ITEMS' <ITEMS> in empty pieces list
20240114.2057.21 error CoffeeMaker    unpackItemsFromXML: null 'ITEMS' <ITEMS> in empty pieces list
20240114.2057.21 error CoffeeMaker    unpackItemsFromXML: null 'ITEMS' <ITEMS> in empty pieces list
20240114.2057.21 error CoffeeMaker    unpackItemsFromXML: null 'ITEMS' <ITEMS> in empty pieces list
20240114.2057.21 error CoffeeMaker    unpackItemsFromXML: null 'ITEMS' <ITEMS> in empty pieces list
20240114.2057.21 error CoffeeMaker    unpackItemsFromXML: null 'ITEMS' <ITEMS> in empty pieces list
20240114.2057.21 error CoffeeMaker    unpackItemsFromXML: null 'ITEMS' <ITEMS> in empty pieces list
20240114.2057.21 error CoffeeMaker    unpackItemsFromXML: null 'ITEMS' <ITEMS> in empty pieces list
20240114.2057.21 error CoffeeMaker    unpackItemsFromXML: null 'ITEMS' <ITEMS> in empty pieces list
20240114.2057.21 error CoffeeMaker    unpackItemsFromXML: null 'ITEMS' <ITEMS> in empty pieces list
20240114.2057.21 error CoffeeMaker    unpackItemsFromXML: null 'ITEMS' <ITEMS> in empty pieces list
20240114.2057.21 error CoffeeMaker    unpackItemsFromXML: null 'ITEMS' <ITEMS> in empty pieces list
20240114.2057.21 error CoffeeMaker    unpackItemsFromXML: null 'ITEMS' <ITEMS> in empty pieces list
20240114.2057.21 error CoffeeMaker    unpackItemsFromXML: null 'ITEMS' <ITEMS> in empty pieces list
20240114.2057.21 error CoffeeMaker    unpackItemsFromXML: null 'ITEMS' <ITEMS> in empty pieces list
20240114.2057.21 error CoffeeMaker    unpackItemsFromXML: null 'ITEMS' <ITEMS> in empty pieces list
20240114.2057.21 error CoffeeMaker    unpackItemsFromXML: null 'ITEMS' <ITEMS> in empty pieces list
20240114.2057.21 error CoffeeMaker    unpackItemsFromXML: null 'ITEMS' <ITEMS> in empty pieces list
20240114.2057.21 error CoffeeMaker    unpackItemsFromXML: null 'ITEMS' <ITEMS> in empty pieces list
20240114.2057.21 error CoffeeMaker    unpackItemsFromXML: null 'ITEMS' <ITEMS> in empty pieces list
20240114.2057.21 error CoffeeMaker    unpackItemsFromXML: null 'ITEMS' <ITEMS> in empty pieces list
20240114.2057.21 error CoffeeMaker    unpackItemsFromXML: null 'ITEMS' <ITEMS> in empty pieces list
20240114.2057.21 error CoffeeMaker    unpackItemsFromXML: null 'ITEMS' <ITEMS> in empty pieces list
20240114.2057.21 error CoffeeMaker    unpackItemsFromXML: null 'ITEMS' <ITEMS> in empty pieces list
20240114.2057.21 error CoffeeMaker    unpackItemsFromXML: null 'ITEMS' <ITEMS> in empty pieces list
20240114.2057.21 error CoffeeMaker    unpackItemsFromXML: null 'ITEMS' <ITEMS> in empty pieces list
20240114.2057.21 error CoffeeMaker    unpackItemsFromXML: null 'ITEMS' <ITEMS> in empty pieces list
20240114.2057.21 error CoffeeMaker    unpackItemsFromXML: null 'ITEMS' <ITEMS> in empty pieces list
20240114.2057.21 error CoffeeMaker    unpackItemsFromXML: null 'ITEMS' <ITEMS> in empty pieces list
20240114.2057.21 error CoffeeMaker    unpackItemsFromXML: null 'ITEMS' <ITEMS> in empty pieces list
20240114.2057.21 error CoffeeMaker    unpackItemsFromXML: null 'ITEMS' <ITEMS> in empty pieces list
20240114.2057.21 error CoffeeMaker    unpackItemsFromXML: null 'ITEMS' <ITEMS> in empty pieces list
20240114.2057.21 error CoffeeMaker    unpackItemsFromXML: null 'ITEMS' <ITEMS> in empty pieces list
20240114.2057.21 error CoffeeMaker    unpackItemsFromXML: null 'ITEMS' <ITEMS> in empty pieces list
20240114.2057.21 error CoffeeMaker    unpackItemsFromXML: null 'ITEMS' <ITEMS> in empty pieces list
20240114.2057.21 error CoffeeMaker    unpackItemsFromXML: null 'ITEMS' <ITEMS> in empty pieces list
20240114.2057.21 error CoffeeMaker    unpackItemsFromXML: null 'ITEMS' <ITEMS> in empty pieces list
20240114.2057.23 error CoffeeMaker    unpackItemsFromXML: null 'ITEMS' <ITEMS> in empty pieces list
20240114.2057.23 error CoffeeMaker    unpackItemsFromXML: null 'ITEMS' <ITEMS> in empty pieces list
20240114.2057.23 error CoffeeMaker    unpackItemsFromXML: null 'ITEMS' <ITEMS> in empty pieces list
20240114.2057.23 error CoffeeMaker    unpackItemsFromXML: null 'ITEMS' <ITEMS> in empty pieces list
20240114.2057.23 error CoffeeMaker    unpackItemsFromXML: null 'ITEMS' <ITEMS> in empty pieces list
20240114.2057.23 error CoffeeMaker    unpackItemsFromXML: null 'ITEMS' <ITEMS> in empty pieces list
20240114.2057.23 error CoffeeMaker    unpackItemsFromXML: null 'ITEMS' <ITEMS> in empty pieces list
20240114.2057.23 error CoffeeMaker    unpackItemsFromXML: null 'ITEMS' <ITEMS> in empty pieces list
20240114.2057.23 error CoffeeMaker    unpackItemsFromXML: null 'ITEMS' <ITEMS> in empty pieces list
20240114.2057.23 error CoffeeMaker    unpackItemsFromXML: null 'ITEMS' <ITEMS> in empty pieces list
20240114.2057.23 error CoffeeMaker    unpackItemsFromXML: null 'ITEMS' <ITEMS> in empty pieces list
20240114.2057.23 error CoffeeMaker    unpackItemsFromXML: null 'ITEMS' <ITEMS> in empty pieces list
20240114.2057.23 error CoffeeMaker    unpackItemsFromXML: null 'ITEMS' <ITEMS> in empty pieces list
20240114.2057.23 error CoffeeMaker    unpackItemsFromXML: null 'ITEMS' <ITEMS> in empty pieces list
20240114.2057.23 error CoffeeMaker    unpackItemsFromXML: null 'ITEMS' <ITEMS> in empty pieces list
20240114.2057.23 error CoffeeMaker    unpackItemsFromXML: null 'ITEMS' <ITEMS> in empty pieces list
20240114.2057.23 error CoffeeMaker    unpackItemsFromXML: null 'ITEMS' <ITEMS> in empty pieces list
20240114.2057.23 error CoffeeMaker    unpackItemsFromXML: null 'ITEMS' <ITEMS> in empty pieces list
20240114.2057.23 error CoffeeMaker    unpackItemsFromXML: null 'ITEMS' <ITEMS> in empty pieces list
20240114.2057.23 error CoffeeMaker    unpackItemsFromXML: null 'ITEMS' <ITEMS> in empty pieces list
20240114.2057.23 error CoffeeMaker    unpackItemsFromXML: null 'ITEMS' <ITEMS> in empty pieces list
20240114.2057.23 error CoffeeMaker    unpackItemsFromXML: null 'ITEMS' <ITEMS> in empty pieces list
20240114.2057.23 error CoffeeMaker    unpackItemsFromXML: null 'ITEMS' <ITEMS> in empty pieces list
20240114.2057.23 error CoffeeMaker    unpackItemsFromXML: null 'ITEMS' <ITEMS> in empty pieces list
20240114.2057.23 error CoffeeMaker    unpackItemsFromXML: null 'ITEMS' <ITEMS> in empty pieces list
20240114.2057.23 error CoffeeMaker    unpackItemsFromXML: null 'ITEMS' <ITEMS> in empty pieces list
20240114.2057.23 error CoffeeMaker    unpackItemsFromXML: null 'ITEMS' <ITEMS> in empty pieces list
20240114.2057.23 error CoffeeMaker    unpackItemsFromXML: null 'ITEMS' <ITEMS> in empty pieces list
20240114.2057.23 error CoffeeMaker    unpackItemsFromXML: null 'ITEMS' <ITEMS> in empty pieces list
20240114.2057.23 error CoffeeMaker    unpackItemsFromXML: null 'ITEMS' <ITEMS> in empty pieces list
20240114.2057.23 error CoffeeMaker    unpackItemsFromXML: null 'ITEMS' <ITEMS> in empty pieces list
20240114.2057.23 error CoffeeMaker    unpackItemsFromXML: null 'ITEMS' <ITEMS> in empty pieces list
20240114.2057.23 error CoffeeMaker    unpackItemsFromXML: null 'ITEMS' <ITEMS> in empty pieces list
20240114.2057.23 error CoffeeMaker    unpackItemsFromXML: null 'ITEMS' <ITEMS> in empty pieces list
20240114.2057.25 error CoffeeMaker    unpackItemsFromXML: null 'ITEMS' <ITEMS> in empty pieces list
20240114.2057.25 error CoffeeMaker    unpackItemsFromXML: null 'ITEMS' <ITEMS> in empty pieces list
20240114.2057.25 error CoffeeMaker    unpackItemsFromXML: null 'ITEMS' <ITEMS> in empty pieces list
20240114.2057.25 error CoffeeMaker    unpackItemsFromXML: null 'ITEMS' <ITEMS> in empty pieces list
20240114.2057.25 error CoffeeMaker    unpackItemsFromXML: null 'ITEMS' <ITEMS> in empty pieces list
20240114.2057.25 error CoffeeMaker    unpackItemsFromXML: null 'ITEMS' <ITEMS> in empty pieces list
20240114.2057.25 error CoffeeMaker    unpackItemsFromXML: null 'ITEMS' <ITEMS> in empty pieces list
20240114.2057.25 error CoffeeMaker    unpackItemsFromXML: null 'ITEMS' <ITEMS> in empty pieces list
20240114.2057.25 error CoffeeMaker    unpackItemsFromXML: null 'ITEMS' <ITEMS> in empty pieces list
20240114.2057.25 error CoffeeMaker    unpackItemsFromXML: null 'ITEMS' <ITEMS> in empty pieces list
20240114.2057.25 error CoffeeMaker    unpackItemsFromXML: null 'ITEMS' <ITEMS> in empty pieces list
20240114.2057.25 error CoffeeMaker    unpackItemsFromXML: null 'ITEMS' <ITEMS> in empty pieces list
20240114.2057.25 error CoffeeMaker    unpackItemsFromXML: null 'ITEMS' <ITEMS> in empty pieces list
20240114.2057.25 error CoffeeMaker    unpackItemsFromXML: null 'ITEMS' <ITEMS> in empty pieces list
20240114.2057.25 error CoffeeMaker    unpackItemsFromXML: null 'ITEMS' <ITEMS> in empty pieces list
20240114.2057.25 error CoffeeMaker    unpackItemsFromXML: null 'ITEMS' <ITEMS> in empty pieces list
20240114.2057.25 error CoffeeMaker    unpackItemsFromXML: null 'ITEMS' <ITEMS> in empty pieces list
20240114.2057.25 error CoffeeMaker    unpackItemsFromXML: null 'ITEMS' <ITEMS> in empty pieces list
20240114.2057.25 error CoffeeMaker    unpackItemsFromXML: null 'ITEMS' <ITEMS> in empty pieces list
20240114.2057.25 error CoffeeMaker    unpackItemsFromXML: null 'ITEMS' <ITEMS> in empty pieces list
20240114.2057.25 error CoffeeMaker    unpackItemsFromXML: null 'ITEMS' <ITEMS> in empty pieces list
20240114.2057.25 error CoffeeMaker    unpackItemsFromXML: null 'ITEMS' <ITEMS> in empty pieces list
20240114.2057.25 error CoffeeMaker    unpackItemsFromXML: null 'ITEMS' <ITEMS> in empty pieces list
20240114.2057.25 error CoffeeMaker    unpackItemsFromXML: null 'ITEMS' <ITEMS> in empty pieces list
20240114.2057.25 error CoffeeMaker    unpackItemsFromXML: null 'ITEMS' <ITEMS> in empty pieces list
20240114.2057.25 error CoffeeMaker    unpackItemsFromXML: null 'ITEMS' <ITEMS> in empty pieces list
20240114.2057.25 error CoffeeMaker    unpackItemsFromXML: null 'ITEMS' <ITEMS> in empty pieces list
20240114.2057.25 error CoffeeMaker    unpackItemsFromXML: null 'ITEMS' <ITEMS> in empty pieces list
20240114.2057.25 error CoffeeMaker    unpackItemsFromXML: null 'ITEMS' <ITEMS> in empty pieces list
20240114.2057.25 error CoffeeMaker    unpackItemsFromXML: null 'ITEMS' <ITEMS> in empty pieces list
20240114.2057.25 error CoffeeMaker    unpackItemsFromXML: null 'ITEMS' <ITEMS> in empty pieces list
20240114.2057.25 error CoffeeMaker    unpackItemsFromXML: null 'ITEMS' <ITEMS> in empty pieces list
20240114.2057.25 error CoffeeMaker    unpackItemsFromXML: null 'ITEMS' <ITEMS> in empty pieces list
20240114.2057.25 error CoffeeMaker    unpackItemsFromXML: null 'ITEMS' <ITEMS> in empty pieces list
20240114.2057.25 error CoffeeMaker    unpackItemsFromXML: null 'ITEMS' <ITEMS> in empty pieces list
20240114.2057.25 error CoffeeMaker    unpackItemsFromXML: null 'ITEMS' <ITEMS> in empty pieces list
20240114.2057.25 error CoffeeMaker    unpackItemsFromXML: null 'ITEMS' <ITEMS> in empty pieces list
20240114.2057.25 error CoffeeMaker    unpackItemsFromXML: null 'ITEMS' <ITEMS> in empty pieces list
20240114.2057.25 error CoffeeMaker    unpackItemsFromXML: null 'ITEMS' <ITEMS> in empty pieces list
20240114.2057.25 error CoffeeMaker    unpackItemsFromXML: null 'ITEMS' <ITEMS> in empty pieces list
20240114.2057.25 error CoffeeMaker    unpackItemsFromXML: null 'ITEMS' <ITEMS> in empty pieces list
20240114.2057.25 error CoffeeMaker    unpackItemsFromXML: null 'ITEMS' <ITEMS> in empty pieces list
20240114.2057.25 error CoffeeMaker    unpackItemsFromXML: null 'ITEMS' <ITEMS> in empty pieces list
20240114.2057.25 error CoffeeMaker    unpackItemsFromXML: null 'ITEMS' <ITEMS> in empty pieces list
20240114.2057.25 error CoffeeMaker    unpackItemsFromXML: null 'ITEMS' <ITEMS> in empty pieces list
20240114.2057.25 error CoffeeMaker    unpackItemsFromXML: null 'ITEMS' <ITEMS> in empty pieces list
20240114.2057.25 error CoffeeMaker    unpackItemsFromXML: null 'ITEMS' <ITEMS> in empty pieces list
20240114.2057.25 error CoffeeMaker    unpackItemsFromXML: null 'ITEMS' <ITEMS> in empty pieces list
20240114.2057.25 error CoffeeMaker    unpackItemsFromXML: null 'ITEMS' <ITEMS> in empty pieces list
20240114.2057.25 error CoffeeMaker    unpackItemsFromXML: null 'ITEMS' <ITEMS> in empty pieces list
20240114.2057.25 error CoffeeMaker    unpackItemsFromXML: null 'ITEMS' <ITEMS> in empty pieces list
20240114.2057.25 error CoffeeMaker    unpackItemsFromXML: null 'ITEMS' <ITEMS> in empty pieces list
20240114.2057.25 error CoffeeMaker    unpackItemsFromXML: null 'ITEMS' <ITEMS> in empty pieces list
20240114.2057.25 error CoffeeMaker    unpackItemsFromXML: null 'ITEMS' <ITEMS> in empty pieces list
20240114.2057.25 error CoffeeMaker    unpackItemsFromXML: null 'ITEMS' <ITEMS> in empty pieces list
20240114.2057.25 error CoffeeMaker    unpackItemsFromXML: null 'ITEMS' <ITEMS> in empty pieces list
20240114.2057.25 error CoffeeMaker    unpackItemsFromXML: null 'ITEMS' <ITEMS> in empty pieces list
20240114.2057.25 error CoffeeMaker    unpackItemsFromXML: null 'ITEMS' <ITEMS> in empty pieces list
20240114.2057.25 error CoffeeMaker    unpackItemsFromXML: null 'ITEMS' <ITEMS> in empty pieces list
20240114.2057.25 error CoffeeMaker    unpackItemsFromXML: null 'ITEMS' <ITEMS> in empty pieces list
20240114.2057.25 error CoffeeMaker    unpackItemsFromXML: null 'ITEMS' <ITEMS> in empty pieces list
20240114.2057.25 error CoffeeMaker    unpackItemsFromXML: null 'ITEMS' <ITEMS> in empty pieces list
20240114.2057.25 error CoffeeMaker    unpackItemsFromXML: null 'ITEMS' <ITEMS> in empty pieces list
20240114.2057.25 error CoffeeMaker    unpackItemsFromXML: null 'ITEMS' <ITEMS> in empty pieces list
20240114.2057.25 error CoffeeMaker    unpackItemsFromXML: null 'ITEMS' <ITEMS> in empty pieces list
20240114.2057.25 error CoffeeMaker    unpackItemsFromXML: null 'ITEMS' <ITEMS> in empty pieces list
20240114.2057.25 info  HOST0          Preparing map...
20240114.2057.26 info  HOST0          Mapped rooms      : 3376 in 77 areas
20240114.2057.26 info  HOST0          Space objects     : 6
20240114.2057.26 info  HOST0          Clan owned items  : 0
20240114.2057.26 info  HOST0          Quests loaded     : 8
20240114.2057.26 info  HOST0          Services and utilities started
20240114.2057.26 info  HOST0          Host#0 initializated.
20240114.2057.27 info  MUD            Initialization complete.
20240114.2057.29 error CombatAbilitie the woods does not want to fight.
20240114.2057.32 info  MudChat        Chat Data by Chris Busch & Jeremy Vyska
20240114.2057.32 info  MudChat        Chat Data by Chris Busch & Jeremy Vyska
20240114.2057.41 error Prop_Artifact  Unable to find artifact NPC: GenArmor-292055729@11045f1c0.8550620052801546 from Nyx in New Area#1 from 
20240114.2057.41 error Prop_Artifact  Unable to find artifact NPC: GenWeapon-1482921244@34a824420.9288669979118432 from Elizabeth in New Area#1 from 
20240114.2057.45 info  MudChat        Chat Data by Chris Busch & Jeremy Vyska
20240114.2059.13 info  MUD@5555       Connection from 78.175.232.15
20240114.2059.22 info  Worker0#2      78.175.232.15 Mudlet 4.16.0 MXP MSDP GMCP CMP ANSI, account login: Moonbeam
20240114.2059.24 info  Worker0#3      78.175.232.15 Mudlet 4.16.0 MXP MSDP GMCP CMP ANSI, character login: Moonbeam
20240114.2103.07 info  MUD@5555       Connection from 103.178.235.29
20240114.2104.04 error CoffeeMaker    unpackItemsFromXML: null 'ITEMS' <ITEMS> in empty pieces list
20240114.2104.04 error CoffeeMaker    unpackItemsFromXML: null 'ITEMS' <ITEMS> in empty pieces list
20240114.2104.04 error CoffeeMaker    unpackItemsFromXML: null 'ITEMS' <ITEMS> in empty pieces list
20240114.2104.04 error CoffeeMaker    unpackItemsFromXML: null 'ITEMS' <ITEMS> in empty pieces list
20240114.2104.04 error CoffeeMaker    unpackItemsFromXML: null 'ITEMS' <ITEMS> in empty pieces list
20240114.2104.04 error CoffeeMaker    unpackItemsFromXML: null 'ITEMS' <ITEMS> in empty pieces list
20240114.2104.04 error CoffeeMaker    unpackItemsFromXML: null 'ITEMS' <ITEMS> in empty pieces list
20240114.2104.04 error CoffeeMaker    unpackItemsFromXML: null 'ITEMS' <ITEMS> in empty pieces list
20240114.2104.04 error CoffeeMaker    unpackItemsFromXML: null 'ITEMS' <ITEMS> in empty pieces list
20240114.2104.04 error CoffeeMaker    unpackItemsFromXML: null 'ITEMS' <ITEMS> in empty pieces list
20240114.2104.04 error CoffeeMaker    unpackItemsFromXML: null 'ITEMS' <ITEMS> in empty pieces list
20240114.2104.04 error CoffeeMaker    unpackItemsFromXML: null 'ITEMS' <ITEMS> in empty pieces list
20240114.2104.13 info  Worker0#3      Disconnect: 103.178.235.29 (1m 6s)
20240114.2107.49 error Prop_Artifact  Unable to find artifact NPC: GenArmor-292055729@11045f1c0.8550620052801546 from Nyx in New Area#1 from 
20240114.2107.49 error Prop_Artifact  Unable to find artifact NPC: GenWeapon-1482921244@34a824420.9288669979118432 from Elizabeth in New Area#1 from 
20240114.2117.57 error Prop_Artifact  Unable to find artifact NPC: GenArmor-292055729@11045f1c0.8550620052801546 from Nyx in New Area#1 from 
20240114.2117.57 error Prop_Artifact  Unable to find artifact NPC: GenWeapon-1482921244@34a824420.9288669979118432 from Elizabeth in New Area#1 from 
20240114.2118.19 info  Worker0#1      Logout: Moonbeam (18m)
20240114.2118.20 info  Worker0#1      Moonbeam switched login to: Komi
20240114.2119.00 info  MUD@5555       Connection from 99.243.243.173
20240114.2119.10 info  Worker0#6      99.243.243.173 BlowTorch CMP ANSI, account login: Nuki
20240114.2119.43 info  Worker0#6      Creating user: Gorp
20240114.2120.05 info  Scripting      Komi has HITS MPGSETTED to 504
20240114.2120.09 info  Scripting      Komi has HITS MPGSETTED to 417
20240114.2120.09 info  Scripting      Komi was MPAFFECTED by Light Cumbloat
20240114.2120.13 info  Scripting      Komi was MPUNAFFECTED by Full Nelson
20240114.2121.05 info  MUD@5555       Connection from 23.118.129.77
20240114.2121.12 info  Worker0#2      23.118.129.77 Mudlet 4.17.2 MXP GMCP CMP ANSI, account login: Soap
20240114.2121.13 info  Worker0#1      23.118.129.77 Mudlet 4.17.2 MXP GMCP CMP ANSI, character login: Soap
20240114.2122.17 info  Scripting      Komi has HITS MPGSETTED to 476
20240114.2122.29 info  Scripting      Komi was MPUNAFFECTED by Light Cumbloat
20240114.2125.14 info  Worker0#6      Created user: Gorp
20240114.2125.14 info  Worker0#6      99.243.243.173 BlowTorch CMP ANSI, character login: Gorp
20240114.2128.05 error Prop_Artifact  Unable to find artifact NPC: GenArmor-292055729@11045f1c0.8550620052801546 from Nyx in New Area#1 from 
20240114.2128.05 error Prop_Artifact  Unable to find artifact NPC: GenWeapon-1482921244@34a824420.9288669979118432 from Elizabeth in New Area#1 from 
20240114.2138.13 error Prop_Artifact  Unable to find artifact NPC: GenArmor-292055729@11045f1c0.8550620052801546 from Nyx in New Area#1 from 
20240114.2138.13 error Prop_Artifact  Unable to find artifact NPC: GenWeapon-1482921244@34a824420.9288669979118432 from Elizabeth in New Area#1 from 
20240114.2140.11 info  Worker0#5      Logout: Gorp (14m)
20240114.2140.20 info  Worker0#6      99.243.243.173 BlowTorch CMP ANSI, character login: Moira
20240114.2146.25 info  Scripting      Komi was MPUNAFFECTED by Full Nelson
20240114.2148.21 error Prop_Artifact  Unable to find artifact NPC: GenArmor-292055729@11045f1c0.8550620052801546 from Nyx in New Area#1 from 
20240114.2148.21 error Prop_Artifact  Unable to find artifact NPC: GenWeapon-1482921244@34a824420.9288669979118432 from Elizabeth in New Area#1 from 
20240114.2148.52 info  MUD@5555       Connection from 62.133.46.140
20240114.2148.58 info  Worker0#4      Disconnect: 62.133.46.140 (5s)
20240114.2152.44 info  Grinder        Moonbeam modified ability matingpress (GenAbility)
20240114.2152.45 info  MUD@5555       Connection from 99.243.243.173
20240114.2152.49 info  Worker0#6      Logout: Moira (12m)
20240114.2152.49 info  Worker0#5      Logout: Moira (12m)
20240114.2152.49 info  Worker0#5      Disconnect: Moira: 99.243.243.173 (33m)
20240114.2158.29 error Prop_Artifact  Unable to find artifact NPC: GenArmor-292055729@11045f1c0.8550620052801546 from Nyx in New Area#1 from 
20240114.2158.29 error Prop_Artifact  Unable to find artifact NPC: GenWeapon-1482921244@34a824420.9288669979118432 from Elizabeth in New Area#1 from 
20240114.2201.22 info  Worker0#3      99.243.243.173 BlowTorch CMP ANSI, account login: Nuki
20240114.2201.27 info  Worker0#2      Moira has been deleted.
20240114.2201.42 info  Worker0#6      Cain has been deleted.
20240114.2201.45 info  Worker0#4      Cordus has been deleted.
20240114.2201.49 info  Worker0#4      Gorp has been deleted.
20240114.2201.56 info  Worker0#6      Disconnect: Nuki: 99.243.243.173 (9m)
20240114.2202.26 info  Worker0#4      Logout: Komi (1h 3m)
20240114.2202.27 info  Worker0#4      Komi switched login to: Moonbeam
20240114.2202.29 error CommandProcess Moonbeam starts system shutdown...
20240114.2202.29 info  Shutdown0      New Connections are now closed
20240114.2202.29 info  ServiceEngine  Scheduler stopped
20240114.2202.29 info  Shutdown0      All users saved.
20240114.2202.29 info  Shutdown0      Stats saved.
20240114.2202.29 info  Shutdown0      Notifying all objects of shutdown...
20240114.2202.29 warni Shutdown0      Property owned by non-existant player Moira is now lost: ROOM_PROPERTY_Chiasa Housing Properties#14
20240114.2202.29 debug Shutdown0      Destroying flag of clan NineTails Corporation in NineTails Corporation#33 because reset.
20240114.2202.30 error CMFile         Access error on file 'resources/quests/brotheljob.quest'.
20240114.2202.30 error CMFile         Access error on file 'resources/quests/brotheljob.quest'.
20240114.2202.31 info  CM1Server      Shutdown complete
20240114.2202.33 info  Shutdown0      CM1Server0@27733 stopped
20240114.2202.33 info  Intermud       Shutdown!!!
20240114.2202.34 info  Shutdown0      I3Server stopped
20240114.2202.34 info  Shutdown0      Logout: Soap (41m)
20240114.2202.34 info  Shutdown0      Disconnect: Soap: 23.118.129.77 (41m)
20240114.2202.37 info  Shutdown0      All users logged off.
20240114.2202.38 info  ServiceEngine  Shutdown complete.
20240114.2202.38 info  Shutdown0      Map Threads Stopped.
20240114.2202.40 info  Shutdown0      Resources Cleared.
20240114.2202.40 info  Shutdown0      Database connections closed.
20240114.2202.40 info  cweb-pub0      Shutdown complete
20240114.2202.40 info  cweb-pub0Timeo Timeout Thread shutdown
20240114.2202.40 info  Shutdown0      Web server cweb-pub0 stopped.
20240114.2202.40 info  cweb-admin0    Shutdown complete
20240114.2202.40 info  cweb-admin0Tim Timeout Thread shutdown
20240114.2202.40 info  Shutdown0      Web server cweb-admin0 stopped.
20240114.2202.40 info  Shutdown0      CoffeeMud shutdown complete.
20240114.2202.41 info  MUD@5555       Server cleaning up.
20240114.2202.41 info  MUD@5555       MUD on port 5555 stopped!
20240114.2202.42 debug Shutdown0      Used memory = 42558856
