20231224.0504.28 info  MUD            CoffeeMud v5.10.2
20231224.0504.28 info  MUD            (C) 2000-2023 Bo Zimmerman
20231224.0504.28 info  MUD            http://www.coffeemud.org
20231224.0504.28 error CMSecurity     Unknown or duplicate disable flag: AUTOFORWARD
20231224.0504.28 info  HOST0          Disabled subsystems: DBERRORQUESTART, QUITREASON, SLOW_AGEING, DEATHCRY, AUTOMOODS, AUTOFORWARD, FATIGUE, ALLERGIES, NEWPLAYERS, 
20231224.0504.28 info  MUD@5555       MUD Server started on port: 5555
20231224.0504.29 info  HOST0          Connected to jdbc:mysql://localhost:3306/coffeemud2
20231224.0504.29 debug HOST0          SSL not configured.
20231224.0504.29 debug HOST0          SSL not configured.
20231224.0504.29 info  cweb-pub0      Started http pub0 on port 27744
20231224.0504.29 debug cweb-pub0Timeo Timeout Thread started
20231224.0504.29 info  cweb-admin0    Started http admin0 on port 27777
20231224.0504.29 debug cweb-admin0Tim Timeout Thread started
20231224.0504.30 info  HOST0          WebMacros loaded  : 199
20231224.0504.31 info  HOST0          MOB Types loaded  : 148
20231224.0504.31 info  HOST0          Exit Types loaded : 31
20231224.0504.31 info  HOST0          Area Types loaded : 14
20231224.0504.31 info  HOST0          Locales loaded    : 127
20231224.0504.31 info  HOST0          Fighter Skills    : 153
20231224.0504.32 info  HOST0          Chants loaded     : 318
20231224.0504.32 info  HOST0          Languages loaded  : 59
20231224.0504.32 info  HOST0          Properties loaded : 310
20231224.0504.33 info  HOST0          Prayers loaded    : 357
20231224.0504.33 info  HOST0          Thief Skills      : 179
20231224.0504.33 info  HOST0          Skills loaded     : 338
20231224.0504.33 info  HOST0          Songs loaded      : 156
20231224.0504.34 info  HOST0          Spells loaded     : 416
20231224.0504.34 info  HOST0          Heroics loaded    : 6
20231224.0504.34 info  HOST0          Tech Skills loaded: 2
20231224.0504.34 info  HOST0          Traps loaded      : 82
20231224.0504.34 info  HOST0          GenAbles loaded   : 105
20231224.0504.34 info  HOST0          Basic Items loaded: 137
20231224.0504.34 info  HOST0          Weapons loaded    : 61
20231224.0504.34 info  HOST0          Armor loaded      : 51
20231224.0504.34 info  HOST0          Magic Items loaded: 46
20231224.0504.34 info  HOST0          Clan Items loaded : 29
20231224.0504.35 info  HOST0          Electronics loaded: 98
20231224.0504.35 info  HOST0          Behaviors loaded  : 97
20231224.0504.36 info  HOST0          Commands loaded   : 300
20231224.0504.36 info  HOST0          Races loaded      : 303
20231224.0504.38 info  HOST0          Classes loaded    : 97
20231224.0504.42 info  HOST0          Expertises defined: 1820
20231224.0504.42 info  HOST0          Channels loaded   : 29
20231224.0504.42 info  HOST0          Socials loaded    : 342
20231224.0504.42 info  HOST0          Clans loaded      : 12
20231224.0504.43 info  CM1Server0@277 Started CM1Server0@27733 on port 27733
20231224.0504.43 info  I3Server       InterMud3 Core (c)1996 George Reese
20231224.0504.43 info  Intermud3      I3 client connection: 204.209.44.3@8080
20231224.0504.43 info  I3Server       InterMud3 Server started on port 27766
20231224.0504.43 info  HOST0          Loading catalog...
20231224.0504.43 info  HOST0          Loading map...
20231224.0504.49 error CoffeeMaker    unpackItemsFromXML: null 'ITEMS' <ITEMS> in empty pieces list
20231224.0504.49 error CoffeeMaker    unpackItemsFromXML: null 'ITEMS' <ITEMS> in empty pieces list
20231224.0504.49 error CoffeeMaker    unpackItemsFromXML: null 'ITEMS' <ITEMS> in empty pieces list
20231224.0504.49 error CoffeeMaker    unpackItemsFromXML: null 'ITEMS' <ITEMS> in empty pieces list
20231224.0504.49 error CoffeeMaker    unpackItemsFromXML: null 'ITEMS' <ITEMS> in empty pieces list
20231224.0504.50 error CoffeeMaker    unpackItemsFromXML: null 'ITEMS' <ITEMS> in empty pieces list
20231224.0504.50 error CoffeeMaker    unpackItemsFromXML: null 'ITEMS' <ITEMS> in empty pieces list
20231224.0504.50 error CoffeeMaker    unpackItemsFromXML: null 'ITEMS' <ITEMS> in empty pieces list
20231224.0504.50 error CoffeeMaker    unpackItemsFromXML: null 'ITEMS' <ITEMS> in empty pieces list
20231224.0504.50 error CoffeeMaker    unpackItemsFromXML: null 'ITEMS' <ITEMS> in empty pieces list
20231224.0504.50 error CoffeeMaker    unpackItemsFromXML: null 'ITEMS' <ITEMS> in empty pieces list
20231224.0504.50 error CoffeeMaker    unpackItemsFromXML: null 'ITEMS' <ITEMS> in empty pieces list
20231224.0504.50 error CoffeeMaker    unpackItemsFromXML: null 'ITEMS' <ITEMS> in empty pieces list
20231224.0504.50 error CoffeeMaker    unpackItemsFromXML: null 'ITEMS' <ITEMS> in empty pieces list
20231224.0504.50 error CoffeeMaker    unpackItemsFromXML: null 'ITEMS' <ITEMS> in empty pieces list
20231224.0504.50 error CoffeeMaker    unpackItemsFromXML: null 'ITEMS' <ITEMS> in empty pieces list
20231224.0504.50 error CoffeeMaker    unpackItemsFromXML: null 'ITEMS' <ITEMS> in empty pieces list
20231224.0504.50 error CoffeeMaker    unpackItemsFromXML: null 'ITEMS' <ITEMS> in empty pieces list
20231224.0504.50 error CoffeeMaker    unpackItemsFromXML: null 'ITEMS' <ITEMS> in empty pieces list
20231224.0504.50 error CoffeeMaker    unpackItemsFromXML: null 'ITEMS' <ITEMS> in empty pieces list
20231224.0504.50 error CoffeeMaker    unpackItemsFromXML: null 'ITEMS' <ITEMS> in empty pieces list
20231224.0504.50 error CoffeeMaker    unpackItemsFromXML: null 'ITEMS' <ITEMS> in empty pieces list
20231224.0504.50 error CoffeeMaker    unpackItemsFromXML: null 'ITEMS' <ITEMS> in empty pieces list
20231224.0504.50 error CoffeeMaker    unpackItemsFromXML: null 'ITEMS' <ITEMS> in empty pieces list
20231224.0504.50 error CoffeeMaker    unpackItemsFromXML: null 'ITEMS' <ITEMS> in empty pieces list
20231224.0504.50 error ClanHelper     Unknown clan activated." for ^#222A ^#111N^#222T^#333C^r-^#111O^#222M^#333N^#222I ^#111A^#222l^#333l^r-^#222P^#111u^#222r^#333p^#222o^#111s^#222e ^#333D^#222r^#111o^#222i^#333d^N in 
20231224.0504.51 error CoffeeMaker    unpackItemsFromXML: null 'ITEMS' <ITEMS> in empty pieces list
20231224.0504.51 error CoffeeMaker    unpackItemsFromXML: null 'ITEMS' <ITEMS> in empty pieces list
20231224.0504.51 error CoffeeMaker    unpackItemsFromXML: null 'ITEMS' <ITEMS> in empty pieces list
20231224.0504.51 error CoffeeMaker    unpackItemsFromXML: null 'ITEMS' <ITEMS> in empty pieces list
20231224.0504.51 error CoffeeMaker    unpackItemsFromXML: null 'ITEMS' <ITEMS> in empty pieces list
20231224.0504.51 error CoffeeMaker    unpackItemsFromXML: null 'ITEMS' <ITEMS> in empty pieces list
20231224.0504.51 error CoffeeMaker    unpackItemsFromXML: null 'ITEMS' <ITEMS> in empty pieces list
20231224.0504.51 error CoffeeMaker    unpackItemsFromXML: null 'ITEMS' <ITEMS> in empty pieces list
20231224.0504.51 error CoffeeMaker    unpackItemsFromXML: null 'ITEMS' <ITEMS> in empty pieces list
20231224.0504.51 error CoffeeMaker    unpackItemsFromXML: null 'ITEMS' <ITEMS> in empty pieces list
20231224.0504.51 error CoffeeMaker    unpackItemsFromXML: null 'ITEMS' <ITEMS> in empty pieces list
20231224.0504.51 error CoffeeMaker    unpackItemsFromXML: null 'ITEMS' <ITEMS> in empty pieces list
20231224.0504.51 error CoffeeMaker    unpackItemsFromXML: null 'ITEMS' <ITEMS> in empty pieces list
20231224.0504.51 error CoffeeMaker    unpackItemsFromXML: null 'ITEMS' <ITEMS> in empty pieces list
20231224.0504.51 error CoffeeMaker    unpackItemsFromXML: null 'ITEMS' <ITEMS> in empty pieces list
20231224.0504.51 error CoffeeMaker    unpackItemsFromXML: null 'ITEMS' <ITEMS> in empty pieces list
20231224.0504.51 error CoffeeMaker    unpackItemsFromXML: null 'ITEMS' <ITEMS> in empty pieces list
20231224.0504.51 error CoffeeMaker    unpackItemsFromXML: null 'ITEMS' <ITEMS> in empty pieces list
20231224.0504.51 error CoffeeMaker    unpackItemsFromXML: null 'ITEMS' <ITEMS> in empty pieces list
20231224.0504.51 error CoffeeMaker    unpackItemsFromXML: null 'ITEMS' <ITEMS> in empty pieces list
20231224.0504.51 error CoffeeMaker    unpackItemsFromXML: null 'ITEMS' <ITEMS> in empty pieces list
20231224.0504.51 error CoffeeMaker    unpackItemsFromXML: null 'ITEMS' <ITEMS> in empty pieces list
20231224.0504.51 error CoffeeMaker    unpackItemsFromXML: null 'ITEMS' <ITEMS> in empty pieces list
20231224.0504.51 error CoffeeMaker    unpackItemsFromXML: null 'ITEMS' <ITEMS> in empty pieces list
20231224.0504.51 error ClanHelper     Unknown clan activated." for ^#111N^#222T^#333C^r-^#1110^#2220^#3330^r2 ^#550P^#540r^#550e^#540m^#550i^#540u^#550m ^#222D^#333r^ro^#222i^#111d^N in OOC Area#15
20231224.0504.51 error CoffeeMaker    unpackItemsFromXML: null 'ITEMS' <ITEMS> in empty pieces list
20231224.0504.51 error CoffeeMaker    unpackItemsFromXML: null 'ITEMS' <ITEMS> in empty pieces list
20231224.0504.51 error CoffeeMaker    unpackItemsFromXML: null 'ITEMS' <ITEMS> in empty pieces list
20231224.0504.51 error CoffeeMaker    unpackItemsFromXML: null 'ITEMS' <ITEMS> in empty pieces list
20231224.0504.51 error ClanHelper     Unknown clan activated." for ^#111N^#222T^#333C^r-^#1110^#2220^#3330^r1 ^#550P^#540r^#550e^#540m^#550i^#540u^#550m ^#222D^#333r^ro^#222i^#111d^N in 
20231224.0504.51 error CoffeeMaker    unpackItemsFromXML: null 'ITEMS' <ITEMS> in empty pieces list
20231224.0504.51 error CoffeeMaker    unpackItemsFromXML: null 'ITEMS' <ITEMS> in empty pieces list
20231224.0504.51 error CoffeeMaker    unpackItemsFromXML: null 'ITEMS' <ITEMS> in empty pieces list
20231224.0504.51 error CoffeeMaker    unpackItemsFromXML: null 'ITEMS' <ITEMS> in empty pieces list
20231224.0504.51 error CoffeeMaker    unpackItemsFromXML: null 'ITEMS' <ITEMS> in empty pieces list
20231224.0504.51 error CoffeeMaker    unpackItemsFromXML: null 'ITEMS' <ITEMS> in empty pieces list
20231224.0504.51 error CoffeeMaker    unpackItemsFromXML: null 'ITEMS' <ITEMS> in empty pieces list
20231224.0504.51 error CoffeeMaker    unpackItemsFromXML: null 'ITEMS' <ITEMS> in empty pieces list
20231224.0504.51 error CoffeeMaker    unpackItemsFromXML: null 'ITEMS' <ITEMS> in empty pieces list
20231224.0504.51 error CoffeeMaker    unpackItemsFromXML: null 'ITEMS' <ITEMS> in empty pieces list
20231224.0504.51 error CoffeeMaker    unpackItemsFromXML: null 'ITEMS' <ITEMS> in empty pieces list
20231224.0504.51 error CoffeeMaker    unpackItemsFromXML: null 'ITEMS' <ITEMS> in empty pieces list
20231224.0504.51 error CoffeeMaker    unpackItemsFromXML: null 'ITEMS' <ITEMS> in empty pieces list
20231224.0504.51 error CoffeeMaker    unpackItemsFromXML: null 'ITEMS' <ITEMS> in empty pieces list
20231224.0504.51 error CoffeeMaker    unpackItemsFromXML: null 'ITEMS' <ITEMS> in empty pieces list
20231224.0504.51 error CoffeeMaker    unpackItemsFromXML: null 'ITEMS' <ITEMS> in empty pieces list
20231224.0504.51 error CoffeeMaker    unpackItemsFromXML: null 'ITEMS' <ITEMS> in empty pieces list
20231224.0504.51 error CoffeeMaker    unpackItemsFromXML: null 'ITEMS' <ITEMS> in empty pieces list
20231224.0504.51 error CoffeeMaker    unpackItemsFromXML: null 'ITEMS' <ITEMS> in empty pieces list
20231224.0504.51 error CoffeeMaker    unpackItemsFromXML: null 'ITEMS' <ITEMS> in empty pieces list
20231224.0504.51 error CoffeeMaker    unpackItemsFromXML: null 'ITEMS' <ITEMS> in empty pieces list
20231224.0504.51 error CoffeeMaker    unpackItemsFromXML: null 'ITEMS' <ITEMS> in empty pieces list
20231224.0504.51 error CoffeeMaker    unpackItemsFromXML: null 'ITEMS' <ITEMS> in empty pieces list
20231224.0504.51 error CoffeeMaker    unpackItemsFromXML: null 'ITEMS' <ITEMS> in empty pieces list
20231224.0504.51 error HOST0          Bad ZapperMask parm '+THIEF' @ -BASECLASS +THIEF
20231224.0504.52 error CoffeeMaker    unpackItemsFromXML: null 'ITEMS' <ITEMS> in empty pieces list
20231224.0504.52 error CoffeeMaker    unpackItemsFromXML: null 'ITEMS' <ITEMS> in empty pieces list
20231224.0504.52 error CoffeeMaker    unpackItemsFromXML: null 'ITEMS' <ITEMS> in empty pieces list
20231224.0504.52 error CoffeeMaker    unpackItemsFromXML: null 'ITEMS' <ITEMS> in empty pieces list
20231224.0504.52 error CoffeeMaker    unpackItemsFromXML: null 'ITEMS' <ITEMS> in empty pieces list
20231224.0504.52 error CoffeeMaker    unpackItemsFromXML: null 'ITEMS' <ITEMS> in empty pieces list
20231224.0504.52 error CoffeeMaker    unpackItemsFromXML: null 'ITEMS' <ITEMS> in empty pieces list
20231224.0504.52 error CoffeeMaker    unpackItemsFromXML: null 'ITEMS' <ITEMS> in empty pieces list
20231224.0504.52 error CoffeeMaker    unpackItemsFromXML: null 'ITEMS' <ITEMS> in empty pieces list
20231224.0504.52 error CoffeeMaker    unpackItemsFromXML: null 'ITEMS' <ITEMS> in empty pieces list
20231224.0504.52 error CoffeeMaker    unpackItemsFromXML: null 'ITEMS' <ITEMS> in empty pieces list
20231224.0504.52 error CoffeeMaker    unpackItemsFromXML: null 'ITEMS' <ITEMS> in empty pieces list
20231224.0504.52 error CoffeeMaker    unpackItemsFromXML: null 'ITEMS' <ITEMS> in empty pieces list
20231224.0504.52 error CoffeeMaker    unpackItemsFromXML: null 'ITEMS' <ITEMS> in empty pieces list
20231224.0504.52 error CoffeeMaker    unpackItemsFromXML: null 'ITEMS' <ITEMS> in empty pieces list
20231224.0504.52 error CoffeeMaker    unpackItemsFromXML: null 'ITEMS' <ITEMS> in empty pieces list
20231224.0504.52 error CoffeeMaker    unpackItemsFromXML: null 'ITEMS' <ITEMS> in empty pieces list
20231224.0504.52 error CoffeeMaker    unpackItemsFromXML: null 'ITEMS' <ITEMS> in empty pieces list
20231224.0504.52 error CoffeeMaker    unpackItemsFromXML: null 'ITEMS' <ITEMS> in empty pieces list
20231224.0504.52 error CoffeeMaker    unpackItemsFromXML: null 'ITEMS' <ITEMS> in empty pieces list
20231224.0504.52 error CoffeeMaker    unpackItemsFromXML: null 'ITEMS' <ITEMS> in empty pieces list
20231224.0504.52 error CoffeeMaker    unpackItemsFromXML: null 'ITEMS' <ITEMS> in empty pieces list
20231224.0504.52 error CoffeeMaker    unpackItemsFromXML: null 'ITEMS' <ITEMS> in empty pieces list
20231224.0504.52 error CoffeeMaker    unpackItemsFromXML: null 'ITEMS' <ITEMS> in empty pieces list
20231224.0504.52 error CoffeeMaker    unpackItemsFromXML: null 'ITEMS' <ITEMS> in empty pieces list
20231224.0504.52 error CoffeeMaker    unpackItemsFromXML: null 'ITEMS' <ITEMS> in empty pieces list
20231224.0504.52 error CoffeeMaker    unpackItemsFromXML: null 'ITEMS' <ITEMS> in empty pieces list
20231224.0504.52 error CoffeeMaker    unpackItemsFromXML: null 'ITEMS' <ITEMS> in empty pieces list
20231224.0504.52 error CoffeeMaker    unpackItemsFromXML: null 'ITEMS' <ITEMS> in empty pieces list
20231224.0504.52 error CoffeeMaker    unpackItemsFromXML: null 'ITEMS' <ITEMS> in empty pieces list
20231224.0504.52 error CoffeeMaker    unpackItemsFromXML: null 'ITEMS' <ITEMS> in empty pieces list
20231224.0504.52 error CoffeeMaker    unpackItemsFromXML: null 'ITEMS' <ITEMS> in empty pieces list
20231224.0504.52 error CoffeeMaker    unpackItemsFromXML: null 'ITEMS' <ITEMS> in empty pieces list
20231224.0504.52 error CoffeeMaker    unpackItemsFromXML: null 'ITEMS' <ITEMS> in empty pieces list
20231224.0504.52 error CoffeeMaker    unpackItemsFromXML: null 'ITEMS' <ITEMS> in empty pieces list
20231224.0504.52 error CoffeeMaker    unpackItemsFromXML: null 'ITEMS' <ITEMS> in empty pieces list
20231224.0504.52 error CoffeeMaker    unpackItemsFromXML: null 'ITEMS' <ITEMS> in empty pieces list
20231224.0504.52 error CoffeeMaker    unpackItemsFromXML: null 'ITEMS' <ITEMS> in empty pieces list
20231224.0504.52 error CoffeeMaker    unpackItemsFromXML: null 'ITEMS' <ITEMS> in empty pieces list
20231224.0504.52 error CoffeeMaker    unpackItemsFromXML: null 'ITEMS' <ITEMS> in empty pieces list
20231224.0504.53 error CoffeeMaker    unpackItemsFromXML: null 'ITEMS' <ITEMS> in empty pieces list
20231224.0504.53 error CoffeeMaker    unpackItemsFromXML: null 'ITEMS' <ITEMS> in empty pieces list
20231224.0504.53 error CoffeeMaker    unpackItemsFromXML: null 'ITEMS' <ITEMS> in empty pieces list
20231224.0504.53 error CoffeeMaker    unpackItemsFromXML: null 'ITEMS' <ITEMS> in empty pieces list
20231224.0504.53 error CoffeeMaker    unpackItemsFromXML: null 'ITEMS' <ITEMS> in empty pieces list
20231224.0504.53 error CoffeeMaker    unpackItemsFromXML: null 'ITEMS' <ITEMS> in empty pieces list
20231224.0504.53 error CoffeeMaker    unpackItemsFromXML: null 'ITEMS' <ITEMS> in empty pieces list
20231224.0504.53 error CoffeeMaker    unpackItemsFromXML: null 'ITEMS' <ITEMS> in empty pieces list
20231224.0504.53 error ClanHelper     Unknown clan activated." for ^#222A ^#111N^#222T^#333C^r-^#111O^#222M^#333N^#222I ^#111A^#222l^#333l^r-^#222P^#111u^#222r^#333p^#222o^#111s^#222e ^#333D^#222r^#111o^#222i^#333d^N in 
20231224.0504.53 error ClanHelper     Unknown clan activated." for ^#222A ^#111N^#222T^#333C^r-^#111O^#222M^#333N^#222I ^#111A^#222l^#333l^r-^#222P^#111u^#222r^#333p^#222o^#111s^#222e ^#333D^#222r^#111o^#222i^#333d^N in 
20231224.0504.54 error ClanHelper     Unknown clan activated." for ^#111N^#222T^#333C^r-^#1110^#2220^#3330^r1 ^#550P^#540r^#550e^#540m^#550i^#540u^#550m ^#222D^#333r^ro^#222i^#111d^N in 
20231224.0504.54 error ClanHelper     Unknown clan activated." for ^#111N^#222T^#333C^r-^#1110^#2220^#3330^r1 ^#550P^#540r^#550e^#540m^#550i^#540u^#550m ^#222D^#333r^ro^#222i^#111d^N in 
20231224.0504.54 error CoffeeMaker    unpackItemsFromXML: null 'ITEMS' <ITEMS> in empty pieces list
20231224.0504.54 error CoffeeMaker    unpackItemsFromXML: null 'ITEMS' <ITEMS> in empty pieces list
20231224.0504.54 error CoffeeMaker    unpackItemsFromXML: null 'ITEMS' <ITEMS> in empty pieces list
20231224.0504.54 error CoffeeMaker    unpackItemsFromXML: null 'ITEMS' <ITEMS> in empty pieces list
20231224.0504.54 error CoffeeMaker    unpackItemsFromXML: null 'ITEMS' <ITEMS> in empty pieces list
20231224.0504.54 error CoffeeMaker    unpackItemsFromXML: null 'ITEMS' <ITEMS> in empty pieces list
20231224.0504.54 error CoffeeMaker    unpackItemsFromXML: null 'ITEMS' <ITEMS> in empty pieces list
20231224.0504.54 error CoffeeMaker    unpackItemsFromXML: null 'ITEMS' <ITEMS> in empty pieces list
20231224.0504.54 error CoffeeMaker    unpackItemsFromXML: null 'ITEMS' <ITEMS> in empty pieces list
20231224.0504.54 error CoffeeMaker    unpackItemsFromXML: null 'ITEMS' <ITEMS> in empty pieces list
20231224.0504.54 error CoffeeMaker    unpackItemsFromXML: null 'ITEMS' <ITEMS> in empty pieces list
20231224.0504.54 error CoffeeMaker    unpackItemsFromXML: null 'ITEMS' <ITEMS> in empty pieces list
20231224.0504.54 error CoffeeMaker    unpackItemsFromXML: null 'ITEMS' <ITEMS> in empty pieces list
20231224.0504.54 error CoffeeMaker    unpackItemsFromXML: null 'ITEMS' <ITEMS> in empty pieces list
20231224.0504.54 error CoffeeMaker    unpackItemsFromXML: null 'ITEMS' <ITEMS> in empty pieces list
20231224.0504.54 error CoffeeMaker    unpackItemsFromXML: null 'ITEMS' <ITEMS> in empty pieces list
20231224.0504.54 error CoffeeMaker    unpackItemsFromXML: null 'ITEMS' <ITEMS> in empty pieces list
20231224.0504.54 error CoffeeMaker    unpackItemsFromXML: null 'ITEMS' <ITEMS> in empty pieces list
20231224.0504.54 error CoffeeMaker    unpackItemsFromXML: null 'ITEMS' <ITEMS> in empty pieces list
20231224.0504.54 error CoffeeMaker    unpackItemsFromXML: null 'ITEMS' <ITEMS> in empty pieces list
20231224.0504.55 error ClanHelper     Unknown clan activated." for ^#111N^#222T^#333C^r-^#1110^#2220^#3330^r2 ^#550P^#540r^#550e^#540m^#550i^#540u^#550m ^#222D^#333r^ro^#222i^#111d^N in OOC Area#15
20231224.0504.56 error CoffeeMaker    unpackItemsFromXML: null 'ITEMS' <ITEMS> in empty pieces list
20231224.0504.56 error CoffeeMaker    unpackItemsFromXML: null 'ITEMS' <ITEMS> in empty pieces list
20231224.0504.56 error CoffeeMaker    unpackItemsFromXML: null 'ITEMS' <ITEMS> in empty pieces list
20231224.0504.56 error CoffeeMaker    unpackItemsFromXML: null 'ITEMS' <ITEMS> in empty pieces list
20231224.0504.56 error CoffeeMaker    unpackItemsFromXML: null 'ITEMS' <ITEMS> in empty pieces list
20231224.0504.56 error CoffeeMaker    unpackItemsFromXML: null 'ITEMS' <ITEMS> in empty pieces list
20231224.0504.56 error CoffeeMaker    unpackItemsFromXML: null 'ITEMS' <ITEMS> in empty pieces list
20231224.0504.56 error CoffeeMaker    unpackItemsFromXML: null 'ITEMS' <ITEMS> in empty pieces list
20231224.0504.56 error CoffeeMaker    unpackItemsFromXML: null 'ITEMS' <ITEMS> in empty pieces list
20231224.0504.56 error CoffeeMaker    unpackItemsFromXML: null 'ITEMS' <ITEMS> in empty pieces list
20231224.0504.58 error CoffeeMaker    unpackItemsFromXML: null 'ITEMS' <ITEMS> in empty pieces list
20231224.0504.58 error CoffeeMaker    unpackItemsFromXML: null 'ITEMS' <ITEMS> in empty pieces list
20231224.0504.58 error CoffeeMaker    unpackItemsFromXML: null 'ITEMS' <ITEMS> in empty pieces list
20231224.0504.58 error CoffeeMaker    unpackItemsFromXML: null 'ITEMS' <ITEMS> in empty pieces list
20231224.0504.58 error CoffeeMaker    unpackItemsFromXML: null 'ITEMS' <ITEMS> in empty pieces list
20231224.0504.58 error CoffeeMaker    unpackItemsFromXML: null 'ITEMS' <ITEMS> in empty pieces list
20231224.0504.58 error CoffeeMaker    unpackItemsFromXML: null 'ITEMS' <ITEMS> in empty pieces list
20231224.0504.58 error CoffeeMaker    unpackItemsFromXML: null 'ITEMS' <ITEMS> in empty pieces list
20231224.0504.58 error CoffeeMaker    unpackItemsFromXML: null 'ITEMS' <ITEMS> in empty pieces list
20231224.0504.58 error CoffeeMaker    unpackItemsFromXML: null 'ITEMS' <ITEMS> in empty pieces list
20231224.0504.58 error CoffeeMaker    unpackItemsFromXML: null 'ITEMS' <ITEMS> in empty pieces list
20231224.0504.58 error CoffeeMaker    unpackItemsFromXML: null 'ITEMS' <ITEMS> in empty pieces list
20231224.0504.58 error CoffeeMaker    unpackItemsFromXML: null 'ITEMS' <ITEMS> in empty pieces list
20231224.0504.58 error CoffeeMaker    unpackItemsFromXML: null 'ITEMS' <ITEMS> in empty pieces list
20231224.0504.58 error CoffeeMaker    unpackItemsFromXML: null 'ITEMS' <ITEMS> in empty pieces list
20231224.0504.58 error CoffeeMaker    unpackItemsFromXML: null 'ITEMS' <ITEMS> in empty pieces list
20231224.0504.58 error CoffeeMaker    unpackItemsFromXML: null 'ITEMS' <ITEMS> in empty pieces list
20231224.0504.58 error CoffeeMaker    unpackItemsFromXML: null 'ITEMS' <ITEMS> in empty pieces list
20231224.0504.58 error CoffeeMaker    unpackItemsFromXML: null 'ITEMS' <ITEMS> in empty pieces list
20231224.0504.58 error CoffeeMaker    unpackItemsFromXML: null 'ITEMS' <ITEMS> in empty pieces list
20231224.0504.58 error CoffeeMaker    unpackItemsFromXML: null 'ITEMS' <ITEMS> in empty pieces list
20231224.0504.58 error CoffeeMaker    unpackItemsFromXML: null 'ITEMS' <ITEMS> in empty pieces list
20231224.0504.58 error CoffeeMaker    unpackItemsFromXML: null 'ITEMS' <ITEMS> in empty pieces list
20231224.0504.58 error CoffeeMaker    unpackItemsFromXML: null 'ITEMS' <ITEMS> in empty pieces list
20231224.0504.58 error CoffeeMaker    unpackItemsFromXML: null 'ITEMS' <ITEMS> in empty pieces list
20231224.0504.58 error CoffeeMaker    unpackItemsFromXML: null 'ITEMS' <ITEMS> in empty pieces list
20231224.0504.58 error CoffeeMaker    unpackItemsFromXML: null 'ITEMS' <ITEMS> in empty pieces list
20231224.0504.58 error CoffeeMaker    unpackItemsFromXML: null 'ITEMS' <ITEMS> in empty pieces list
20231224.0504.59 error CoffeeMaker    unpackItemsFromXML: null 'ITEMS' <ITEMS> in empty pieces list
20231224.0504.59 error CoffeeMaker    unpackItemsFromXML: null 'ITEMS' <ITEMS> in empty pieces list
20231224.0504.59 error CoffeeMaker    unpackItemsFromXML: null 'ITEMS' <ITEMS> in empty pieces list
20231224.0504.59 error CoffeeMaker    unpackItemsFromXML: null 'ITEMS' <ITEMS> in empty pieces list
20231224.0504.59 error CoffeeMaker    unpackItemsFromXML: null 'ITEMS' <ITEMS> in empty pieces list
20231224.0504.59 error CoffeeMaker    unpackItemsFromXML: null 'ITEMS' <ITEMS> in empty pieces list
20231224.0504.59 error CoffeeMaker    unpackItemsFromXML: null 'ITEMS' <ITEMS> in empty pieces list
20231224.0504.59 error CoffeeMaker    unpackItemsFromXML: null 'ITEMS' <ITEMS> in empty pieces list
20231224.0504.59 error CoffeeMaker    unpackItemsFromXML: null 'ITEMS' <ITEMS> in empty pieces list
20231224.0504.59 error CoffeeMaker    unpackItemsFromXML: null 'ITEMS' <ITEMS> in empty pieces list
20231224.0504.59 error CoffeeMaker    unpackItemsFromXML: null 'ITEMS' <ITEMS> in empty pieces list
20231224.0504.59 error CoffeeMaker    unpackItemsFromXML: null 'ITEMS' <ITEMS> in empty pieces list
20231224.0504.59 error CoffeeMaker    unpackItemsFromXML: null 'ITEMS' <ITEMS> in empty pieces list
20231224.0504.59 error CoffeeMaker    unpackItemsFromXML: null 'ITEMS' <ITEMS> in empty pieces list
20231224.0504.59 error CoffeeMaker    unpackItemsFromXML: null 'ITEMS' <ITEMS> in empty pieces list
20231224.0504.59 error CoffeeMaker    unpackItemsFromXML: null 'ITEMS' <ITEMS> in empty pieces list
20231224.0504.59 error CoffeeMaker    unpackItemsFromXML: null 'ITEMS' <ITEMS> in empty pieces list
20231224.0504.59 error CoffeeMaker    unpackItemsFromXML: null 'ITEMS' <ITEMS> in empty pieces list
20231224.0504.59 error CoffeeMaker    unpackItemsFromXML: null 'ITEMS' <ITEMS> in empty pieces list
20231224.0504.59 error CoffeeMaker    unpackItemsFromXML: null 'ITEMS' <ITEMS> in empty pieces list
20231224.0504.59 error CoffeeMaker    unpackItemsFromXML: null 'ITEMS' <ITEMS> in empty pieces list
20231224.0504.59 error CoffeeMaker    unpackItemsFromXML: null 'ITEMS' <ITEMS> in empty pieces list
20231224.0504.59 error CoffeeMaker    unpackItemsFromXML: null 'ITEMS' <ITEMS> in empty pieces list
20231224.0504.59 error CoffeeMaker    unpackItemsFromXML: null 'ITEMS' <ITEMS> in empty pieces list
20231224.0504.59 error CoffeeMaker    unpackItemsFromXML: null 'ITEMS' <ITEMS> in empty pieces list
20231224.0504.59 error CoffeeMaker    unpackItemsFromXML: null 'ITEMS' <ITEMS> in empty pieces list
20231224.0504.59 error CoffeeMaker    unpackItemsFromXML: null 'ITEMS' <ITEMS> in empty pieces list
20231224.0504.59 error CoffeeMaker    unpackItemsFromXML: null 'ITEMS' <ITEMS> in empty pieces list
20231224.0504.59 error CoffeeMaker    unpackItemsFromXML: null 'ITEMS' <ITEMS> in empty pieces list
20231224.0504.59 error CoffeeMaker    unpackItemsFromXML: null 'ITEMS' <ITEMS> in empty pieces list
20231224.0504.59 error CoffeeMaker    unpackItemsFromXML: null 'ITEMS' <ITEMS> in empty pieces list
20231224.0504.59 error CoffeeMaker    unpackItemsFromXML: null 'ITEMS' <ITEMS> in empty pieces list
20231224.0504.59 error CoffeeMaker    unpackItemsFromXML: null 'ITEMS' <ITEMS> in empty pieces list
20231224.0504.59 error CoffeeMaker    unpackItemsFromXML: null 'ITEMS' <ITEMS> in empty pieces list
20231224.0504.59 error CoffeeMaker    unpackItemsFromXML: null 'ITEMS' <ITEMS> in empty pieces list
20231224.0504.59 error CoffeeMaker    unpackItemsFromXML: null 'ITEMS' <ITEMS> in empty pieces list
20231224.0504.59 error CoffeeMaker    unpackItemsFromXML: null 'ITEMS' <ITEMS> in empty pieces list
20231224.0504.59 error CoffeeMaker    unpackItemsFromXML: null 'ITEMS' <ITEMS> in empty pieces list
20231224.0504.59 error CoffeeMaker    unpackItemsFromXML: null 'ITEMS' <ITEMS> in empty pieces list
20231224.0504.59 error CoffeeMaker    unpackItemsFromXML: null 'ITEMS' <ITEMS> in empty pieces list
20231224.0504.59 error CoffeeMaker    unpackItemsFromXML: null 'ITEMS' <ITEMS> in empty pieces list
20231224.0504.59 error CoffeeMaker    unpackItemsFromXML: null 'ITEMS' <ITEMS> in empty pieces list
20231224.0504.59 error CoffeeMaker    unpackItemsFromXML: null 'ITEMS' <ITEMS> in empty pieces list
20231224.0504.59 error CoffeeMaker    unpackItemsFromXML: null 'ITEMS' <ITEMS> in empty pieces list
20231224.0504.59 error CoffeeMaker    unpackItemsFromXML: null 'ITEMS' <ITEMS> in empty pieces list
20231224.0504.59 error CoffeeMaker    unpackItemsFromXML: null 'ITEMS' <ITEMS> in empty pieces list
20231224.0504.59 error CoffeeMaker    unpackItemsFromXML: null 'ITEMS' <ITEMS> in empty pieces list
20231224.0504.59 error CoffeeMaker    unpackItemsFromXML: null 'ITEMS' <ITEMS> in empty pieces list
20231224.0505.00 info  HOST0          Preparing map...
20231224.0505.01 info  HOST0          Mapped rooms      : 3296 in 76 areas
20231224.0505.01 info  HOST0          Space objects     : 6
20231224.0505.01 info  HOST0          Clan owned items  : 0
20231224.0505.01 error CMFile         Access error on file 'resources/quests/brotheljob.quest'.
20231224.0505.01 info  QuestLoader    Unable to load Quest 'Brotheljob'.  Suspending.
20231224.0505.01 error CMFile         Access error on file 'resources/quests/brotheljob.quest'.
20231224.0505.01 info  QuestLoader    Unable to load Quest 'Brotheljob#1'.  Suspending.
20231224.0505.01 info  HOST0          Quests loaded     : 8
20231224.0505.01 info  HOST0          Services and utilities started
20231224.0505.01 info  HOST0          Host#0 initializated.
20231224.0505.01 info  MUD            Initialization complete.
20231224.0505.03 error CombatAbilitie the woods does not want to fight.
20231224.0505.06 info  MudChat        Chat Data by Chris Busch & Jeremy Vyska
20231224.0505.06 info  MudChat        Chat Data by Chris Busch & Jeremy Vyska
20231224.0505.16 error Prop_Artifact  Unable to reset: GenArmor-292055729@11045f1c0.8550620052801546 to Nyx in New Area#1
20231224.0505.16 error Prop_Artifact  Unable to reset: GenWeapon-1482921244@34a824420.9288669979118432 to Elizabeth in New Area#1
20231224.0505.21 info  MudChat        Chat Data by Chris Busch & Jeremy Vyska
20231224.0509.22 error CoffeeMaker    unpackItemsFromXML: null 'ITEMS' <ITEMS> in empty pieces list
20231224.0509.22 error CoffeeMaker    unpackItemsFromXML: null 'ITEMS' <ITEMS> in empty pieces list
20231224.0509.22 error CoffeeMaker    unpackItemsFromXML: null 'ITEMS' <ITEMS> in empty pieces list
20231224.0509.22 error CoffeeMaker    unpackItemsFromXML: null 'ITEMS' <ITEMS> in empty pieces list
20231224.0509.22 error CoffeeMaker    unpackItemsFromXML: null 'ITEMS' <ITEMS> in empty pieces list
20231224.0509.22 error CoffeeMaker    unpackItemsFromXML: null 'ITEMS' <ITEMS> in empty pieces list
20231224.0509.22 error CoffeeMaker    unpackItemsFromXML: null 'ITEMS' <ITEMS> in empty pieces list
20231224.0509.22 error CoffeeMaker    unpackItemsFromXML: null 'ITEMS' <ITEMS> in empty pieces list
20231224.0509.22 error CoffeeMaker    unpackItemsFromXML: null 'ITEMS' <ITEMS> in empty pieces list
20231224.0509.22 error CoffeeMaker    unpackItemsFromXML: null 'ITEMS' <ITEMS> in empty pieces list
20231224.0509.22 error CoffeeMaker    unpackItemsFromXML: null 'ITEMS' <ITEMS> in empty pieces list
20231224.0509.22 error CoffeeMaker    unpackItemsFromXML: null 'ITEMS' <ITEMS> in empty pieces list
20231224.0509.22 error CoffeeMaker    unpackItemsFromXML: null 'ITEMS' <ITEMS> in empty pieces list
20231224.0509.22 error CoffeeMaker    unpackItemsFromXML: null 'ITEMS' <ITEMS> in empty pieces list
20231224.0509.22 error CoffeeMaker    unpackItemsFromXML: null 'ITEMS' <ITEMS> in empty pieces list
20231224.0509.22 error CoffeeMaker    unpackItemsFromXML: null 'ITEMS' <ITEMS> in empty pieces list
20231224.0509.22 error CoffeeMaker    unpackItemsFromXML: null 'ITEMS' <ITEMS> in empty pieces list
20231224.0509.22 error CoffeeMaker    unpackItemsFromXML: null 'ITEMS' <ITEMS> in empty pieces list
20231224.0509.22 error CoffeeMaker    unpackItemsFromXML: null 'ITEMS' <ITEMS> in empty pieces list
20231224.0509.22 error CoffeeMaker    unpackItemsFromXML: null 'ITEMS' <ITEMS> in empty pieces list
20231224.0509.22 error CoffeeMaker    unpackItemsFromXML: null 'ITEMS' <ITEMS> in empty pieces list
20231224.0509.22 error CoffeeMaker    unpackItemsFromXML: null 'ITEMS' <ITEMS> in empty pieces list
20231224.0509.22 error CoffeeMaker    unpackItemsFromXML: null 'ITEMS' <ITEMS> in empty pieces list
20231224.0509.22 error CoffeeMaker    unpackItemsFromXML: null 'ITEMS' <ITEMS> in empty pieces list
20231224.0509.22 error CoffeeMaker    unpackItemsFromXML: null 'ITEMS' <ITEMS> in empty pieces list
20231224.0509.22 error CoffeeMaker    unpackItemsFromXML: null 'ITEMS' <ITEMS> in empty pieces list
20231224.0509.22 error CoffeeMaker    unpackItemsFromXML: null 'ITEMS' <ITEMS> in empty pieces list
20231224.0509.22 error CoffeeMaker    unpackItemsFromXML: null 'ITEMS' <ITEMS> in empty pieces list
20231224.0515.23 error Prop_Artifact  Unable to reset: GenArmor-292055729@11045f1c0.8550620052801546 to Nyx in New Area#1
20231224.0515.23 error Prop_Artifact  Unable to reset: GenWeapon-1482921244@34a824420.9288669979118432 to Elizabeth in New Area#1
20231224.0525.31 error Prop_Artifact  Unable to reset: GenArmor-292055729@11045f1c0.8550620052801546 to Nyx in New Area#1
20231224.0525.31 error Prop_Artifact  Unable to reset: GenWeapon-1482921244@34a824420.9288669979118432 to Elizabeth in New Area#1
20231224.0535.39 error Prop_Artifact  Unable to reset: GenArmor-292055729@11045f1c0.8550620052801546 to Nyx in New Area#1
20231224.0535.39 error Prop_Artifact  Unable to reset: GenWeapon-1482921244@34a824420.9288669979118432 to Elizabeth in New Area#1
20231224.0545.47 error Prop_Artifact  Unable to reset: GenArmor-292055729@11045f1c0.8550620052801546 to Nyx in New Area#1
20231224.0545.47 error Prop_Artifact  Unable to reset: GenWeapon-1482921244@34a824420.9288669979118432 to Elizabeth in New Area#1
