20231103.1529.52 help  Help           Moonbeam wanted help on speed birtl
20231103.1613.20 help  Help           Moonbeam wanted help on entangle
20231103.1754.43 help  Worker0#4      Missing help entry: LIST_BUILDS
20231103.1754.43 help  Worker0#4      Missing help entry: LIST_PKMAILS
20231103.1754.43 help  Worker0#4      Missing help entry: LIST_PLOTS
20231103.1754.43 help  Worker0#4      Missing help entry: LIST_STAFFMAILS
20231103.2027.53 help  Help           Moonbeam wanted help on sexual prof
20231106.1423.37 help  Help           Moonbeam wanted help on parasite remo
20231106.1423.43 help  Help           Moonbeam wanted help on parasite
20231107.0312.34 help  Help           Uwuthulhu wanted help on masterbate
20231107.0327.44 help  Help           Uwuthulhu wanted help on investigate
20231107.0328.46 help  Help           Uwuthulhu wanted help on consenttoggle
20231107.0329.35 help  Help           Uwuthulhu wanted help on privacy
20231109.2040.57 help  Help           Sonja wanted help on slummer
20231109.2041.59 help  Help           Sonja wanted help on sheathe
20231123.1928.57 help  Help           Mitsune wanted help on after
20231123.2006.12 help  Help           Mitsune wanted help on customer
20231219.2043.22 help  Help           Kenny wanted help on shield use
20231221.0529.37 help  Help           Moonbeam wanted help on scrying stone
20231221.0529.42 help  Help           Moonbeam wanted help on scryingstone
20231221.0542.51 help  Help           Moonbeam wanted help on iceroom
20231221.0542.55 help  Help           Moonbeam wanted help on coldroom
20231221.0543.00 help  Help           Moonbeam wanted help on ice room
20231221.0543.02 help  Help           Moonbeam wanted help on oce
20231221.0545.30 help  Help           Moonbeam wanted help on wuzot
20231221.0718.16 help  Help           Cordus wanted help on toggle consent to
20231221.0909.18 help  Help           Elizabeth wanted help on scion
20231221.0909.21 help  Help           Elizabeth wanted help on scionness
20231221.1221.17 help  Help           Moonbeam wanted help on mpmload
